08:59:54.722 [main] INFO  GAAQClassifier - Loading...
08:59:54.838 [main] INFO  GAAQClassifier - Data is loaded.
08:59:54.839 [main] INFO  GAAQClassifier - Found 1 conflict negative objects
08:59:54.839 [main] INFO  GAAQClassifier - Searching...
09:00:00.134 [main] INFO  GAAQClassifier - Search was finished for  5415ms
09:00:00.134 [main] INFO  GAAQClassifier - bestfit = 1254.467
09:00:05.130 [main] INFO  GAAQClassifier - Search was finished for  10411ms
09:00:05.131 [main] INFO  GAAQClassifier - bestfit = 1254.469
09:00:05.131 [main] INFO  GAAQClassifier - BestPop = 1254.469
09:00:05.132 [main] INFO  GAAQClassifier - new_objects = 5
09:00:05.132 [main] INFO  GAAQClassifier - all_objects = 5
09:00:05.132 [main] INFO  GAAQClassifier - objects_with_missing_value_used = 5
09:00:05.132 [main] INFO  GAAQClassifier - covered_objects = 5
09:00:09.828 [main] INFO  GAAQClassifier - Search was finished for  15109ms
09:00:09.828 [main] INFO  GAAQClassifier - bestfit = 2759.462
09:00:15.448 [main] INFO  GAAQClassifier - Search was finished for  20729ms
09:00:15.448 [main] INFO  GAAQClassifier - bestfit = 1002.467
09:00:15.448 [main] INFO  GAAQClassifier - BestPop = 2759.462
09:00:15.449 [main] INFO  GAAQClassifier - new_objects = 10
09:00:15.449 [main] INFO  GAAQClassifier - all_objects = 11
09:00:15.449 [main] INFO  GAAQClassifier - objects_with_missing_value_used = 11
09:00:15.449 [main] INFO  GAAQClassifier - covered_objects = 15
09:00:20.252 [main] INFO  GAAQClassifier - Search was finished for  25533ms
09:00:20.252 [main] INFO  GAAQClassifier - bestfit = 2252.46
09:00:25.658 [main] INFO  GAAQClassifier - Search was finished for  30939ms
09:00:25.659 [main] INFO  GAAQClassifier - bestfit = 1751.471
09:00:25.659 [main] INFO  GAAQClassifier - BestPop = 2252.46
09:00:25.660 [main] INFO  GAAQClassifier - new_objects = 3
09:00:25.660 [main] INFO  GAAQClassifier - all_objects = 9
09:00:25.660 [main] INFO  GAAQClassifier - objects_with_missing_value_used = 9
09:00:25.660 [main] INFO  GAAQClassifier - covered_objects = 18
09:00:30.348 [main] INFO  GAAQClassifier - Search was finished for  35629ms
09:00:30.348 [main] INFO  GAAQClassifier - bestfit = 1500.488
09:00:35.634 [main] INFO  GAAQClassifier - Search was finished for  40915ms
09:00:35.635 [main] INFO  GAAQClassifier - bestfit = 751.466
09:00:35.635 [main] INFO  GAAQClassifier - BestPop = 1500.488
09:00:35.635 [main] INFO  GAAQClassifier - new_objects = 1
09:00:35.635 [main] INFO  GAAQClassifier - all_objects = 6
09:00:35.635 [main] INFO  GAAQClassifier - objects_with_missing_value_used = 6
09:00:35.635 [main] INFO  GAAQClassifier - covered_objects = 19
09:00:40.739 [main] INFO  GAAQClassifier - Search was finished for  46020ms
09:00:40.739 [main] INFO  GAAQClassifier - bestfit = 1253.47
09:00:45.445 [main] INFO  GAAQClassifier - Search was finished for  50726ms
09:00:45.445 [main] INFO  GAAQClassifier - bestfit = 1751.458
09:00:45.445 [main] INFO  GAAQClassifier - BestPop = 1751.458
09:00:45.445 [main] INFO  GAAQClassifier - new_objects = 2
09:00:45.445 [main] INFO  GAAQClassifier - all_objects = 7
09:00:45.445 [main] INFO  GAAQClassifier - objects_with_missing_value_used = 7
09:00:45.445 [main] INFO  GAAQClassifier - covered_objects = 21
09:00:50.200 [main] INFO  GAAQClassifier - Search was finished for  55481ms
09:00:50.200 [main] INFO  GAAQClassifier - bestfit = 2505.465
09:00:54.585 [main] INFO  GAAQClassifier - Search was finished for  59866ms
09:00:54.585 [main] INFO  GAAQClassifier - bestfit = 1504.469
09:00:54.585 [main] INFO  GAAQClassifier - BestPop = 2505.465
09:00:54.585 [main] INFO  GAAQClassifier - new_objects = 6
09:00:54.585 [main] INFO  GAAQClassifier - all_objects = 10
09:00:54.585 [main] INFO  GAAQClassifier - objects_with_missing_value_used = 10
09:00:54.585 [main] INFO  GAAQClassifier - covered_objects = 27
09:00:59.987 [main] INFO  GAAQClassifier - Search was finished for  65268ms
09:00:59.987 [main] INFO  GAAQClassifier - bestfit = 1502.51
09:01:05.448 [main] INFO  GAAQClassifier - Search was finished for  70729ms
09:01:05.448 [main] INFO  GAAQClassifier - bestfit = 2500.468
09:01:05.448 [main] INFO  GAAQClassifier - BestPop = 2500.468
09:01:05.448 [main] INFO  GAAQClassifier - new_objects = 1
09:01:05.448 [main] INFO  GAAQClassifier - all_objects = 10
09:01:05.448 [main] INFO  GAAQClassifier - objects_with_missing_value_used = 10
09:01:05.448 [main] INFO  GAAQClassifier - covered_objects = 28
09:01:10.392 [main] INFO  GAAQClassifier - Search was finished for  75673ms
09:01:10.392 [main] INFO  GAAQClassifier - bestfit = 1251.458
09:01:15.592 [main] INFO  GAAQClassifier - Search was finished for  80873ms
09:01:15.592 [main] INFO  GAAQClassifier - bestfit = 1251.473
09:01:15.592 [main] INFO  GAAQClassifier - BestPop = 1251.473
09:01:15.592 [main] INFO  GAAQClassifier - new_objects = 2
09:01:15.592 [main] INFO  GAAQClassifier - all_objects = 5
09:01:15.592 [main] INFO  GAAQClassifier - objects_with_missing_value_used = 5
09:01:15.592 [main] INFO  GAAQClassifier - covered_objects = 30
09:01:20.664 [main] INFO  GAAQClassifier - Search was finished for  85945ms
09:01:20.664 [main] INFO  GAAQClassifier - bestfit = 1751.486
09:01:25.965 [main] INFO  GAAQClassifier - Search was finished for  91246ms
09:01:25.965 [main] INFO  GAAQClassifier - bestfit = 2253.464
09:01:25.965 [main] INFO  GAAQClassifier - BestPop = 2253.464
09:01:25.965 [main] INFO  GAAQClassifier - new_objects = 4
09:01:25.965 [main] INFO  GAAQClassifier - all_objects = 9
09:01:25.965 [main] INFO  GAAQClassifier - objects_with_missing_value_used = 9
09:01:25.965 [main] INFO  GAAQClassifier - covered_objects = 34
09:01:31.102 [main] INFO  GAAQClassifier - Search was finished for  96383ms
09:01:31.102 [main] INFO  GAAQClassifier - bestfit = 1503.462
09:01:36.150 [main] INFO  GAAQClassifier - Search was finished for  101431ms
09:01:36.150 [main] INFO  GAAQClassifier - bestfit = 1503.464
09:01:36.150 [main] INFO  GAAQClassifier - BestPop = 1503.464
09:01:36.150 [main] INFO  GAAQClassifier - new_objects = 4
09:01:36.150 [main] INFO  GAAQClassifier - all_objects = 6
09:01:36.150 [main] INFO  GAAQClassifier - objects_with_missing_value_used = 6
09:01:36.150 [main] INFO  GAAQClassifier - covered_objects = 38
09:01:41.005 [main] INFO  GAAQClassifier - Search was finished for  106286ms
09:01:41.005 [main] INFO  GAAQClassifier - bestfit = 1250.467
09:01:45.558 [main] INFO  GAAQClassifier - Search was finished for  110839ms
09:01:45.558 [main] INFO  GAAQClassifier - bestfit = 2500.461
09:01:45.558 [main] INFO  GAAQClassifier - BestPop = 2500.461
09:01:45.558 [main] INFO  GAAQClassifier - new_objects = 1
09:01:45.558 [main] INFO  GAAQClassifier - all_objects = 10
09:01:45.558 [main] INFO  GAAQClassifier - objects_with_missing_value_used = 10
09:01:45.558 [main] INFO  GAAQClassifier - covered_objects = 39
09:01:50.397 [main] INFO  GAAQClassifier - Search was finished for  115678ms
09:01:50.397 [main] INFO  GAAQClassifier - bestfit = 1501.503
09:01:55.090 [main] INFO  GAAQClassifier - Search was finished for  120371ms
09:01:55.090 [main] INFO  GAAQClassifier - bestfit = 1250.469
09:01:55.091 [main] INFO  GAAQClassifier - BestPop = 1501.503
09:01:55.091 [main] INFO  GAAQClassifier - new_objects = 2
09:01:55.091 [main] INFO  GAAQClassifier - all_objects = 6
09:01:55.091 [main] INFO  GAAQClassifier - objects_with_missing_value_used = 6
09:01:55.091 [main] INFO  GAAQClassifier - covered_objects = 41
09:02:00.198 [main] INFO  GAAQClassifier - Search was finished for  125479ms
09:02:00.198 [main] INFO  GAAQClassifier - bestfit = 1250.463
09:02:04.751 [main] INFO  GAAQClassifier - Search was finished for  130032ms
09:02:04.751 [main] INFO  GAAQClassifier - bestfit = 0.0
09:02:04.751 [main] INFO  GAAQClassifier - BestPop = 1250.463
09:02:04.751 [main] INFO  GAAQClassifier - new_objects = 1
09:02:04.751 [main] INFO  GAAQClassifier - all_objects = 5
09:02:04.751 [main] INFO  GAAQClassifier - objects_with_missing_value_used = 5
09:02:04.752 [main] INFO  GAAQClassifier - covered_objects = 42
09:02:09.588 [main] INFO  GAAQClassifier - Search was finished for  134869ms
09:02:09.589 [main] INFO  GAAQClassifier - bestfit = 1750.543
09:02:14.523 [main] INFO  GAAQClassifier - Search was finished for  139804ms
09:02:14.523 [main] INFO  GAAQClassifier - bestfit = 500.467
09:02:14.523 [main] INFO  GAAQClassifier - BestPop = 1750.543
09:02:14.523 [main] INFO  GAAQClassifier - new_objects = 1
09:02:14.523 [main] INFO  GAAQClassifier - all_objects = 7
09:02:14.523 [main] INFO  GAAQClassifier - objects_with_missing_value_used = 7
09:02:14.523 [main] INFO  GAAQClassifier - covered_objects = 43
09:02:19.239 [main] INFO  GAAQClassifier - Search was finished for  144520ms
09:02:19.239 [main] INFO  GAAQClassifier - bestfit = 1000.47
09:02:23.962 [main] INFO  GAAQClassifier - Search was finished for  149243ms
09:02:23.962 [main] INFO  GAAQClassifier - bestfit = 1750.465
09:02:23.962 [main] INFO  GAAQClassifier - BestPop = 1750.465
09:02:23.963 [main] INFO  GAAQClassifier - new_objects = 1
09:02:23.963 [main] INFO  GAAQClassifier - all_objects = 7
09:02:23.963 [main] INFO  GAAQClassifier - objects_with_missing_value_used = 7
09:02:23.963 [main] INFO  GAAQClassifier - covered_objects = 44
09:02:29.145 [main] INFO  GAAQClassifier - Search was finished for  154426ms
09:02:29.145 [main] INFO  GAAQClassifier - bestfit = 1000.467
09:02:34.060 [main] INFO  GAAQClassifier - Search was finished for  159341ms
09:02:34.060 [main] INFO  GAAQClassifier - bestfit = 2750.499
09:02:34.060 [main] INFO  GAAQClassifier - BestPop = 2750.499
09:02:34.060 [main] INFO  GAAQClassifier - new_objects = 1
09:02:34.061 [main] INFO  GAAQClassifier - all_objects = 11
09:02:34.061 [main] INFO  GAAQClassifier - objects_with_missing_value_used = 11
09:02:34.061 [main] INFO  GAAQClassifier - covered_objects = 45
09:02:39.534 [main] INFO  GAAQClassifier - Search was finished for  164815ms
09:02:39.535 [main] INFO  GAAQClassifier - bestfit = 2000.465
09:02:44.709 [main] INFO  GAAQClassifier - Search was finished for  169990ms
09:02:44.709 [main] INFO  GAAQClassifier - bestfit = 2251.477
09:02:44.709 [main] INFO  GAAQClassifier - BestPop = 2251.477
09:02:44.710 [main] INFO  GAAQClassifier - new_objects = 2
09:02:44.710 [main] INFO  GAAQClassifier - all_objects = 9
09:02:44.710 [main] INFO  GAAQClassifier - objects_with_missing_value_used = 9
09:02:44.710 [main] INFO  GAAQClassifier - covered_objects = 47
09:02:49.914 [main] INFO  GAAQClassifier - Search was finished for  175195ms
09:02:49.914 [main] INFO  GAAQClassifier - bestfit = 750.463
09:02:54.683 [main] INFO  GAAQClassifier - Search was finished for  179964ms
09:02:54.684 [main] INFO  GAAQClassifier - bestfit = 1000.463
09:02:54.684 [main] INFO  GAAQClassifier - BestPop = 1000.463
09:02:54.684 [main] INFO  GAAQClassifier - new_objects = 1
09:02:54.684 [main] INFO  GAAQClassifier - all_objects = 4
09:02:54.684 [main] INFO  GAAQClassifier - objects_with_missing_value_used = 4
09:02:54.684 [main] INFO  GAAQClassifier - covered_objects = 48
09:02:59.690 [main] INFO  GAAQClassifier - Search was finished for  184971ms
09:02:59.691 [main] INFO  GAAQClassifier - bestfit = 1000.478
09:03:04.371 [main] INFO  GAAQClassifier - Search was finished for  189652ms
09:03:04.371 [main] INFO  GAAQClassifier - bestfit = 0.0
09:03:04.372 [main] INFO  GAAQClassifier - BestPop = 1000.478
09:03:04.372 [main] INFO  GAAQClassifier - new_objects = 1
09:03:04.372 [main] INFO  GAAQClassifier - all_objects = 4
09:03:04.372 [main] INFO  GAAQClassifier - objects_with_missing_value_used = 4
09:03:04.372 [main] INFO  GAAQClassifier - covered_objects = 49
09:03:09.428 [main] INFO  GAAQClassifier - Search was finished for  194709ms
09:03:09.429 [main] INFO  GAAQClassifier - bestfit = 750.463
09:03:14.251 [main] INFO  GAAQClassifier - Search was finished for  199532ms
09:03:14.252 [main] INFO  GAAQClassifier - bestfit = 0.0
09:03:14.252 [main] INFO  GAAQClassifier - BestPop = 750.463
09:03:14.252 [main] INFO  GAAQClassifier - new_objects = 1
09:03:14.252 [main] INFO  GAAQClassifier - all_objects = 3
09:03:14.252 [main] INFO  GAAQClassifier - objects_with_missing_value_used = 3
09:03:14.252 [main] INFO  GAAQClassifier - covered_objects = 50
09:03:19.044 [main] INFO  GAAQClassifier - Search was finished for  204325ms
09:03:19.044 [main] INFO  GAAQClassifier - bestfit = 1001.476
09:03:24.144 [main] INFO  GAAQClassifier - Search was finished for  209425ms
09:03:24.144 [main] INFO  GAAQClassifier - bestfit = 0.0
09:03:24.144 [main] INFO  GAAQClassifier - BestPop = 1001.476
09:03:24.144 [main] INFO  GAAQClassifier - new_objects = 2
09:03:24.144 [main] INFO  GAAQClassifier - all_objects = 4
09:03:24.145 [main] INFO  GAAQClassifier - objects_with_missing_value_used = 4
09:03:24.145 [main] INFO  GAAQClassifier - covered_objects = 52
09:03:29.244 [main] INFO  GAAQClassifier - Search was finished for  214525ms
09:03:29.244 [main] INFO  GAAQClassifier - bestfit = 0.0
09:03:33.981 [main] INFO  GAAQClassifier - Search was finished for  219262ms
09:03:33.982 [main] INFO  GAAQClassifier - bestfit = 0.0
09:03:33.982 [main] INFO  GAAQClassifier - BestPop = 0.0
09:03:33.982 [main] INFO  GAAQClassifier - Decision is not appropriate. Negative examples have been covered
09:03:38.713 [main] INFO  GAAQClassifier - Search was finished for  223994ms
09:03:38.713 [main] INFO  GAAQClassifier - bestfit = 0.0
09:03:43.605 [main] INFO  GAAQClassifier - Search was finished for  228886ms
09:03:43.605 [main] INFO  GAAQClassifier - bestfit = 0.0
09:03:43.606 [main] INFO  GAAQClassifier - BestPop = 0.0
09:03:43.606 [main] INFO  GAAQClassifier - Decision is not appropriate. Negative examples have been covered
09:03:48.658 [main] INFO  GAAQClassifier - Search was finished for  233939ms
09:03:48.658 [main] INFO  GAAQClassifier - bestfit = 0.0
09:03:54.272 [main] INFO  GAAQClassifier - Search was finished for  239553ms
09:03:54.272 [main] INFO  GAAQClassifier - bestfit = 1750.505
09:03:54.272 [main] INFO  GAAQClassifier - BestPop = 1750.505
09:03:54.273 [main] INFO  GAAQClassifier - new_objects = 1
09:03:54.273 [main] INFO  GAAQClassifier - all_objects = 7
09:03:54.273 [main] INFO  GAAQClassifier - objects_with_missing_value_used = 7
09:03:54.273 [main] INFO  GAAQClassifier - covered_objects = 53
09:03:59.131 [main] INFO  GAAQClassifier - Search was finished for  244412ms
09:03:59.131 [main] INFO  GAAQClassifier - bestfit = 500.481
09:04:03.868 [main] INFO  GAAQClassifier - Search was finished for  249149ms
09:04:03.869 [main] INFO  GAAQClassifier - bestfit = 0.0
09:04:03.869 [main] INFO  GAAQClassifier - BestPop = 500.481
09:04:03.869 [main] INFO  GAAQClassifier - new_objects = 1
09:04:03.869 [main] INFO  GAAQClassifier - all_objects = 2
09:04:03.869 [main] INFO  GAAQClassifier - objects_with_missing_value_used = 2
09:04:03.869 [main] INFO  GAAQClassifier - covered_objects = 54
09:04:09.315 [main] INFO  GAAQClassifier - Search was finished for  254596ms
09:04:09.315 [main] INFO  GAAQClassifier - bestfit = 1000.468
09:04:14.595 [main] INFO  GAAQClassifier - Search was finished for  259876ms
09:04:14.595 [main] INFO  GAAQClassifier - bestfit = 1000.462
09:04:14.595 [main] INFO  GAAQClassifier - BestPop = 1000.468
09:04:14.595 [main] INFO  GAAQClassifier - new_objects = 1
09:04:14.595 [main] INFO  GAAQClassifier - all_objects = 4
09:04:14.595 [main] INFO  GAAQClassifier - objects_with_missing_value_used = 4
09:04:14.595 [main] INFO  GAAQClassifier - covered_objects = 55
09:04:19.226 [main] INFO  GAAQClassifier - Search was finished for  264507ms
09:04:19.226 [main] INFO  GAAQClassifier - bestfit = 0.0
09:04:24.287 [main] INFO  GAAQClassifier - Search was finished for  269568ms
09:04:24.287 [main] INFO  GAAQClassifier - bestfit = 0.0
09:04:24.287 [main] INFO  GAAQClassifier - BestPop = 0.0
09:04:24.288 [main] INFO  GAAQClassifier - Decision is not appropriate. Negative examples have been covered
09:04:29.449 [main] INFO  GAAQClassifier - Search was finished for  274730ms
09:04:29.450 [main] INFO  GAAQClassifier - bestfit = 1000.458
09:04:34.855 [main] INFO  GAAQClassifier - Search was finished for  280136ms
09:04:34.855 [main] INFO  GAAQClassifier - bestfit = 0.0
09:04:34.855 [main] INFO  GAAQClassifier - BestPop = 1000.458
09:04:34.855 [main] INFO  GAAQClassifier - new_objects = 1
09:04:34.855 [main] INFO  GAAQClassifier - all_objects = 4
09:04:34.856 [main] INFO  GAAQClassifier - objects_with_missing_value_used = 4
09:04:34.856 [main] INFO  GAAQClassifier - covered_objects = 56
09:04:39.736 [main] INFO  GAAQClassifier - Search was finished for  285017ms
09:04:39.736 [main] INFO  GAAQClassifier - bestfit = 0.0
09:04:44.556 [main] INFO  GAAQClassifier - Search was finished for  289837ms
09:04:44.556 [main] INFO  GAAQClassifier - bestfit = 0.0
09:04:44.556 [main] INFO  GAAQClassifier - BestPop = 0.0
09:04:44.557 [main] INFO  GAAQClassifier - Decision is not appropriate. Negative examples have been covered
09:04:49.813 [main] INFO  GAAQClassifier - Search was finished for  295094ms
09:04:49.813 [main] INFO  GAAQClassifier - bestfit = 0.0
09:04:54.739 [main] INFO  GAAQClassifier - Search was finished for  300020ms
09:04:54.740 [main] INFO  GAAQClassifier - bestfit = 0.0
09:04:54.740 [main] INFO  GAAQClassifier - BestPop = 0.0
09:04:54.740 [main] INFO  GAAQClassifier - Decision is not appropriate. Negative examples have been covered
09:04:59.875 [main] INFO  GAAQClassifier - Search was finished for  305156ms
09:04:59.875 [main] INFO  GAAQClassifier - bestfit = 0.0
09:05:04.929 [main] INFO  GAAQClassifier - Search was finished for  310210ms
09:05:04.929 [main] INFO  GAAQClassifier - bestfit = 0.0
09:05:04.929 [main] INFO  GAAQClassifier - BestPop = 0.0
09:05:04.929 [main] INFO  GAAQClassifier - Decision is not appropriate. Negative examples have been covered
09:05:10.067 [main] INFO  GAAQClassifier - Search was finished for  315348ms
09:05:10.067 [main] INFO  GAAQClassifier - bestfit = 1250.505
09:05:14.871 [main] INFO  GAAQClassifier - Search was finished for  320152ms
09:05:14.871 [main] INFO  GAAQClassifier - bestfit = 0.0
09:05:14.871 [main] INFO  GAAQClassifier - BestPop = 1250.505
09:05:14.871 [main] INFO  GAAQClassifier - new_objects = 1
09:05:14.871 [main] INFO  GAAQClassifier - all_objects = 5
09:05:14.872 [main] INFO  GAAQClassifier - objects_with_missing_value_used = 5
09:05:14.872 [main] INFO  GAAQClassifier - covered_objects = 57
09:05:19.759 [main] INFO  GAAQClassifier - Search was finished for  325040ms
09:05:19.759 [main] INFO  GAAQClassifier - bestfit = 0.0
09:05:25.003 [main] INFO  GAAQClassifier - Search was finished for  330284ms
09:05:25.003 [main] INFO  GAAQClassifier - bestfit = 1750.465
09:05:25.003 [main] INFO  GAAQClassifier - BestPop = 1750.465
09:05:25.003 [main] INFO  GAAQClassifier - new_objects = 1
09:05:25.003 [main] INFO  GAAQClassifier - all_objects = 7
09:05:25.003 [main] INFO  GAAQClassifier - objects_with_missing_value_used = 7
09:05:25.003 [main] INFO  GAAQClassifier - covered_objects = 58
09:05:30.169 [main] INFO  GAAQClassifier - Search was finished for  335450ms
09:05:30.169 [main] INFO  GAAQClassifier - bestfit = 2501.468
09:05:35.238 [main] INFO  GAAQClassifier - Search was finished for  340519ms
09:05:35.238 [main] INFO  GAAQClassifier - bestfit = 750.476
09:05:35.238 [main] INFO  GAAQClassifier - BestPop = 2501.468
09:05:35.238 [main] INFO  GAAQClassifier - new_objects = 2
09:05:35.238 [main] INFO  GAAQClassifier - all_objects = 10
09:05:35.238 [main] INFO  GAAQClassifier - objects_with_missing_value_used = 10
09:05:35.238 [main] INFO  GAAQClassifier - covered_objects = 60
09:05:40.381 [main] INFO  GAAQClassifier - Search was finished for  345662ms
09:05:40.381 [main] INFO  GAAQClassifier - bestfit = 0.0
09:05:45.153 [main] INFO  GAAQClassifier - Search was finished for  350434ms
09:05:45.153 [main] INFO  GAAQClassifier - bestfit = 0.0
09:05:45.153 [main] INFO  GAAQClassifier - BestPop = 0.0
09:05:45.153 [main] INFO  GAAQClassifier - Decision is not appropriate. Negative examples have been covered
09:05:50.549 [main] INFO  GAAQClassifier - Search was finished for  355830ms
09:05:50.549 [main] INFO  GAAQClassifier - bestfit = 0.0
09:05:55.454 [main] INFO  GAAQClassifier - Search was finished for  360735ms
09:05:55.454 [main] INFO  GAAQClassifier - bestfit = 0.0
09:05:55.454 [main] INFO  GAAQClassifier - BestPop = 0.0
09:05:55.454 [main] INFO  GAAQClassifier - Decision is not appropriate. Negative examples have been covered
09:06:00.631 [main] INFO  GAAQClassifier - Search was finished for  365912ms
09:06:00.631 [main] INFO  GAAQClassifier - bestfit = 0.0
09:06:05.477 [main] INFO  GAAQClassifier - Search was finished for  370758ms
09:06:05.477 [main] INFO  GAAQClassifier - bestfit = 0.0
09:06:05.477 [main] INFO  GAAQClassifier - BestPop = 0.0
09:06:05.477 [main] INFO  GAAQClassifier - Decision is not appropriate. Negative examples have been covered
09:06:10.082 [main] INFO  GAAQClassifier - Search was finished for  375363ms
09:06:10.083 [main] INFO  GAAQClassifier - bestfit = 0.0
09:06:14.770 [main] INFO  GAAQClassifier - Search was finished for  380051ms
09:06:14.770 [main] INFO  GAAQClassifier - bestfit = 0.0
09:06:14.770 [main] INFO  GAAQClassifier - BestPop = 0.0
09:06:14.770 [main] INFO  GAAQClassifier - Decision is not appropriate. Negative examples have been covered
09:06:20.290 [main] INFO  GAAQClassifier - Search was finished for  385571ms
09:06:20.290 [main] INFO  GAAQClassifier - bestfit = 0.0
09:06:25.215 [main] INFO  GAAQClassifier - Search was finished for  390496ms
09:06:25.216 [main] INFO  GAAQClassifier - bestfit = 0.0
09:06:25.216 [main] INFO  GAAQClassifier - BestPop = 0.0
09:06:25.216 [main] INFO  GAAQClassifier - Decision is not appropriate. Negative examples have been covered
09:06:30.062 [main] INFO  GAAQClassifier - Search was finished for  395343ms
09:06:30.062 [main] INFO  GAAQClassifier - bestfit = 0.0
09:06:34.711 [main] INFO  GAAQClassifier - Search was finished for  399992ms
09:06:34.711 [main] INFO  GAAQClassifier - bestfit = 1000.493
09:06:34.711 [main] INFO  GAAQClassifier - BestPop = 1000.493
09:06:34.711 [main] INFO  GAAQClassifier - new_objects = 1
09:06:34.711 [main] INFO  GAAQClassifier - all_objects = 4
09:06:34.711 [main] INFO  GAAQClassifier - objects_with_missing_value_used = 4
09:06:34.711 [main] INFO  GAAQClassifier - covered_objects = 61
09:06:39.852 [main] INFO  GAAQClassifier - Search was finished for  405133ms
09:06:39.852 [main] INFO  GAAQClassifier - bestfit = 0.0
09:06:44.656 [main] INFO  GAAQClassifier - Search was finished for  409936ms
09:06:44.656 [main] INFO  GAAQClassifier - bestfit = 0.0
09:06:44.656 [main] INFO  GAAQClassifier - BestPop = 0.0
09:06:44.656 [main] INFO  GAAQClassifier - Decision is not appropriate. Negative examples have been covered
09:06:49.680 [main] INFO  GAAQClassifier - Search was finished for  414961ms
09:06:49.681 [main] INFO  GAAQClassifier - bestfit = 0.0
09:06:54.390 [main] INFO  GAAQClassifier - Search was finished for  419671ms
09:06:54.390 [main] INFO  GAAQClassifier - bestfit = 0.0
09:06:54.390 [main] INFO  GAAQClassifier - BestPop = 0.0
09:06:54.390 [main] INFO  GAAQClassifier - Decision is not appropriate. Negative examples have been covered
09:06:59.203 [main] INFO  GAAQClassifier - Search was finished for  424484ms
09:06:59.204 [main] INFO  GAAQClassifier - bestfit = 0.0
09:07:04.556 [main] INFO  GAAQClassifier - Search was finished for  429837ms
09:07:04.556 [main] INFO  GAAQClassifier - bestfit = 0.0
09:07:04.556 [main] INFO  GAAQClassifier - BestPop = 0.0
09:07:04.556 [main] INFO  GAAQClassifier - Decision is not appropriate. Negative examples have been covered
09:07:09.308 [main] INFO  GAAQClassifier - Search was finished for  434589ms
09:07:09.308 [main] INFO  GAAQClassifier - bestfit = 0.0
09:07:13.851 [main] INFO  GAAQClassifier - Search was finished for  439132ms
09:07:13.852 [main] INFO  GAAQClassifier - bestfit = 0.0
09:07:13.852 [main] INFO  GAAQClassifier - BestPop = 0.0
09:07:13.852 [main] INFO  GAAQClassifier - Decision is not appropriate. Negative examples have been covered
09:07:18.850 [main] INFO  GAAQClassifier - Search was finished for  444131ms
09:07:18.850 [main] INFO  GAAQClassifier - bestfit = 0.0
09:07:23.859 [main] INFO  GAAQClassifier - Search was finished for  449140ms
09:07:23.860 [main] INFO  GAAQClassifier - bestfit = 0.0
09:07:23.860 [main] INFO  GAAQClassifier - BestPop = 0.0
09:07:23.860 [main] INFO  GAAQClassifier - Decision is not appropriate. Negative examples have been covered
09:07:28.608 [main] INFO  GAAQClassifier - Search was finished for  453889ms
09:07:28.608 [main] INFO  GAAQClassifier - bestfit = 0.0
09:07:33.576 [main] INFO  GAAQClassifier - Search was finished for  458857ms
09:07:33.576 [main] INFO  GAAQClassifier - bestfit = 0.0
09:07:33.577 [main] INFO  GAAQClassifier - BestPop = 0.0
09:07:33.577 [main] INFO  GAAQClassifier - Decision is not appropriate. Negative examples have been covered
09:07:38.220 [main] INFO  GAAQClassifier - Search was finished for  463501ms
09:07:38.220 [main] INFO  GAAQClassifier - bestfit = 0.0
09:07:43.235 [main] INFO  GAAQClassifier - Search was finished for  468516ms
09:07:43.235 [main] INFO  GAAQClassifier - bestfit = 0.0
09:07:43.235 [main] INFO  GAAQClassifier - BestPop = 0.0
09:07:43.236 [main] INFO  GAAQClassifier - Decision is not appropriate. Negative examples have been covered
09:07:47.985 [main] INFO  GAAQClassifier - Search was finished for  473266ms
09:07:47.985 [main] INFO  GAAQClassifier - bestfit = 0.0
09:07:52.898 [main] INFO  GAAQClassifier - Search was finished for  478179ms
09:07:52.898 [main] INFO  GAAQClassifier - bestfit = 0.0
09:07:52.898 [main] INFO  GAAQClassifier - BestPop = 0.0
09:07:52.898 [main] INFO  GAAQClassifier - Decision is not appropriate. Negative examples have been covered
09:07:57.503 [main] INFO  GAAQClassifier - Search was finished for  482784ms
09:07:57.503 [main] INFO  GAAQClassifier - bestfit = 0.0
09:08:02.460 [main] INFO  GAAQClassifier - Search was finished for  487741ms
09:08:02.460 [main] INFO  GAAQClassifier - bestfit = 0.0
09:08:02.460 [main] INFO  GAAQClassifier - BestPop = 0.0
09:08:02.460 [main] INFO  GAAQClassifier - Decision is not appropriate. Negative examples have been covered
09:08:07.806 [main] INFO  GAAQClassifier - Search was finished for  493087ms
09:08:07.807 [main] INFO  GAAQClassifier - bestfit = 0.0
09:08:12.827 [main] INFO  GAAQClassifier - Search was finished for  498108ms
09:08:12.827 [main] INFO  GAAQClassifier - bestfit = 0.0
09:08:12.827 [main] INFO  GAAQClassifier - BestPop = 0.0
09:08:12.827 [main] INFO  GAAQClassifier - Decision is not appropriate. Negative examples have been covered
09:08:18.213 [main] INFO  GAAQClassifier - Search was finished for  503494ms
09:08:18.214 [main] INFO  GAAQClassifier - bestfit = 0.0
09:08:22.986 [main] INFO  GAAQClassifier - Search was finished for  508267ms
09:08:22.986 [main] INFO  GAAQClassifier - bestfit = 0.0
09:08:22.986 [main] INFO  GAAQClassifier - BestPop = 0.0
09:08:22.986 [main] INFO  GAAQClassifier - Decision is not appropriate. Negative examples have been covered
09:08:27.818 [main] INFO  GAAQClassifier - Search was finished for  513099ms
09:08:27.818 [main] INFO  GAAQClassifier - bestfit = 0.0
09:08:32.846 [main] INFO  GAAQClassifier - Search was finished for  518127ms
09:08:32.846 [main] INFO  GAAQClassifier - bestfit = 0.0
09:08:32.846 [main] INFO  GAAQClassifier - BestPop = 0.0
09:08:32.846 [main] INFO  GAAQClassifier - Decision is not appropriate. Negative examples have been covered
09:08:37.394 [main] INFO  GAAQClassifier - Search was finished for  522675ms
09:08:37.394 [main] INFO  GAAQClassifier - bestfit = 0.0
09:08:41.980 [main] INFO  GAAQClassifier - Search was finished for  527261ms
09:08:41.981 [main] INFO  GAAQClassifier - bestfit = 0.0
09:08:41.981 [main] INFO  GAAQClassifier - BestPop = 0.0
09:08:41.981 [main] INFO  GAAQClassifier - Decision is not appropriate. Negative examples have been covered
09:08:46.897 [main] INFO  GAAQClassifier - Search was finished for  532178ms
09:08:46.897 [main] INFO  GAAQClassifier - bestfit = 0.0
09:08:51.707 [main] INFO  GAAQClassifier - Search was finished for  536988ms
09:08:51.707 [main] INFO  GAAQClassifier - bestfit = 0.0
09:08:51.707 [main] INFO  GAAQClassifier - BestPop = 0.0
09:08:51.707 [main] INFO  GAAQClassifier - Decision is not appropriate. Negative examples have been covered
09:08:56.443 [main] INFO  GAAQClassifier - Search was finished for  541724ms
09:08:56.443 [main] INFO  GAAQClassifier - bestfit = 2501.468
09:09:01.246 [main] INFO  GAAQClassifier - Search was finished for  546527ms
09:09:01.246 [main] INFO  GAAQClassifier - bestfit = 0.0
09:09:01.246 [main] INFO  GAAQClassifier - BestPop = 2501.468
09:09:01.246 [main] INFO  GAAQClassifier - new_objects = 2
09:09:01.246 [main] INFO  GAAQClassifier - all_objects = 10
09:09:01.246 [main] INFO  GAAQClassifier - objects_with_missing_value_used = 10
09:09:01.246 [main] INFO  GAAQClassifier - covered_objects = 63
09:09:06.108 [main] INFO  GAAQClassifier - Search was finished for  551389ms
09:09:06.109 [main] INFO  GAAQClassifier - bestfit = 0.0
09:09:10.966 [main] INFO  GAAQClassifier - Search was finished for  556247ms
09:09:10.966 [main] INFO  GAAQClassifier - bestfit = 0.0
09:09:10.966 [main] INFO  GAAQClassifier - BestPop = 0.0
09:09:10.966 [main] INFO  GAAQClassifier - Decision is not appropriate. Negative examples have been covered
09:09:15.935 [main] INFO  GAAQClassifier - Search was finished for  561216ms
09:09:15.935 [main] INFO  GAAQClassifier - bestfit = 0.0
09:09:21.068 [main] INFO  GAAQClassifier - Search was finished for  566349ms
09:09:21.068 [main] INFO  GAAQClassifier - bestfit = 1500.501
09:09:21.068 [main] INFO  GAAQClassifier - BestPop = 1500.501
09:09:21.068 [main] INFO  GAAQClassifier - new_objects = 1
09:09:21.068 [main] INFO  GAAQClassifier - all_objects = 6
09:09:21.068 [main] INFO  GAAQClassifier - objects_with_missing_value_used = 6
09:09:21.068 [main] INFO  GAAQClassifier - covered_objects = 64
09:09:25.839 [main] INFO  GAAQClassifier - Search was finished for  571120ms
09:09:25.839 [main] INFO  GAAQClassifier - bestfit = 0.0
09:09:30.637 [main] INFO  GAAQClassifier - Search was finished for  575918ms
09:09:30.637 [main] INFO  GAAQClassifier - bestfit = 0.0
09:09:30.637 [main] INFO  GAAQClassifier - BestPop = 0.0
09:09:30.638 [main] INFO  GAAQClassifier - Decision is not appropriate. Negative examples have been covered
09:09:35.435 [main] INFO  GAAQClassifier - Search was finished for  580716ms
09:09:35.435 [main] INFO  GAAQClassifier - bestfit = 0.0
09:09:40.202 [main] INFO  GAAQClassifier - Search was finished for  585483ms
09:09:40.202 [main] INFO  GAAQClassifier - bestfit = 0.0
09:09:40.202 [main] INFO  GAAQClassifier - BestPop = 0.0
09:09:40.203 [main] INFO  GAAQClassifier - Decision is not appropriate. Negative examples have been covered
09:09:44.869 [main] INFO  GAAQClassifier - Search was finished for  590150ms
09:09:44.869 [main] INFO  GAAQClassifier - bestfit = 0.0
09:09:49.502 [main] INFO  GAAQClassifier - Search was finished for  594783ms
09:09:49.503 [main] INFO  GAAQClassifier - bestfit = 0.0
09:09:49.503 [main] INFO  GAAQClassifier - BestPop = 0.0
09:09:49.503 [main] INFO  GAAQClassifier - Decision is not appropriate. Negative examples have been covered
09:09:54.522 [main] INFO  GAAQClassifier - Search was finished for  599803ms
09:09:54.522 [main] INFO  GAAQClassifier - bestfit = 0.0
09:09:59.782 [main] INFO  GAAQClassifier - Search was finished for  605063ms
09:09:59.782 [main] INFO  GAAQClassifier - bestfit = 0.0
09:09:59.782 [main] INFO  GAAQClassifier - BestPop = 0.0
09:09:59.783 [main] INFO  GAAQClassifier - Decision is not appropriate. Negative examples have been covered
09:10:04.752 [main] INFO  GAAQClassifier - Search was finished for  610033ms
09:10:04.752 [main] INFO  GAAQClassifier - bestfit = 0.0
09:10:10.076 [main] INFO  GAAQClassifier - Search was finished for  615357ms
09:10:10.077 [main] INFO  GAAQClassifier - bestfit = 0.0
09:10:10.077 [main] INFO  GAAQClassifier - BestPop = 0.0
09:10:10.077 [main] INFO  GAAQClassifier - Decision is not appropriate. Negative examples have been covered
09:10:15.118 [main] INFO  GAAQClassifier - Search was finished for  620399ms
09:10:15.118 [main] INFO  GAAQClassifier - bestfit = 0.0
09:10:20.748 [main] INFO  GAAQClassifier - Search was finished for  626029ms
09:10:20.748 [main] INFO  GAAQClassifier - bestfit = 0.0
09:10:20.748 [main] INFO  GAAQClassifier - BestPop = 0.0
09:10:20.748 [main] INFO  GAAQClassifier - Decision is not appropriate. Negative examples have been covered
09:10:25.607 [main] INFO  GAAQClassifier - Search was finished for  630888ms
09:10:25.607 [main] INFO  GAAQClassifier - bestfit = 1750.466
09:10:30.479 [main] INFO  GAAQClassifier - Search was finished for  635760ms
09:10:30.479 [main] INFO  GAAQClassifier - bestfit = 0.0
09:10:30.479 [main] INFO  GAAQClassifier - BestPop = 1750.466
09:10:30.479 [main] INFO  GAAQClassifier - new_objects = 1
09:10:30.479 [main] INFO  GAAQClassifier - all_objects = 7
09:10:30.479 [main] INFO  GAAQClassifier - objects_with_missing_value_used = 7
09:10:30.479 [main] INFO  GAAQClassifier - covered_objects = 65
09:10:30.491 [main] INFO  GAAQClassifier - NUM_NEW_OBJECTS: 5
NUM_OBJECTS: 5
NUM_MISS_OBJECTS: 5
RULE_1:
attr_12=[2, 3]
attr_15=[2, 3]
attr_17=[2, 3]
attr_43=[1, 2]
attr_44=[1, 3]
attr_58=[2, 3]
attr_87=[1, 3]
attr_98=[1, 3]
attr_131=[2, 3]
attr_136=[2, 3]
attr_147=[1, 2]
attr_157=[1, 2]
attr_175=[1]

NUM_NEW_OBJECTS: 10
NUM_OBJECTS: 11
NUM_MISS_OBJECTS: 11
RULE_2:
attr_3=[2]
attr_5=[1, 2]
attr_9=[1, 3]
attr_24=[1, 2]
attr_39=[2, 3]
attr_148=[2, 3]
attr_159=[1, 2]
attr_174=[1, 2]

NUM_NEW_OBJECTS: 3
NUM_OBJECTS: 9
NUM_MISS_OBJECTS: 9
RULE_3:
attr_12=[2, 3]
attr_17=[2, 3]
attr_35=[1, 2]
attr_38=[1, 2]
attr_105=[1, 2]
attr_119=[1, 2]
attr_131=[2, 3]
attr_135=[1, 2]

NUM_NEW_OBJECTS: 1
NUM_OBJECTS: 6
NUM_MISS_OBJECTS: 6
RULE_4:
attr_1=[2, 3]
attr_8=[2, 3]
attr_10=[1, 2]
attr_15=[2, 3]
attr_22=[1, 3]
attr_24=[1, 2]
attr_36=[1, 3]
attr_45=[1, 2]
attr_48=[2, 3]
attr_59=[2, 3]
attr_63=[2, 3]
attr_65=[1, 3]
attr_73=[2, 3]
attr_76=[1, 2]
attr_78=[2, 3]
attr_134=[1, 2]
attr_136=[2, 3]
attr_143=[1, 2]
attr_168=[1, 2]
attr_171=[1, 2]

NUM_NEW_OBJECTS: 2
NUM_OBJECTS: 7
NUM_MISS_OBJECTS: 7
RULE_5:
attr_3=[2, 3]
attr_24=[1, 2]
attr_34=[2, 3]
attr_59=[1, 2]
attr_129=[1, 2]
attr_151=[1, 2]

NUM_NEW_OBJECTS: 6
NUM_OBJECTS: 10
NUM_MISS_OBJECTS: 10
RULE_6:
attr_3=[2, 3]
attr_7=[1, 2]
attr_10=[1, 2]
attr_15=[1, 3]
attr_102=[2, 3]
attr_112=[1, 3]
attr_141=[1, 2]
attr_168=[1, 2]
attr_169=[1, 2]

NUM_NEW_OBJECTS: 1
NUM_OBJECTS: 10
NUM_MISS_OBJECTS: 10
RULE_7:
attr_8=[1, 3]
attr_10=[2, 3]
attr_17=[2, 3]
attr_22=[1, 2]
attr_27=[1, 3]
attr_35=[1, 2]
attr_59=[1, 3]
attr_78=[1, 2]
attr_79=[1, 2]
attr_116=[2, 3]
attr_122=[1]
attr_132=[1, 2]
attr_138=[1, 2]

NUM_NEW_OBJECTS: 2
NUM_OBJECTS: 5
NUM_MISS_OBJECTS: 5
RULE_8:
attr_13=[1, 2]
attr_17=[1, 2]
attr_36=[2, 3]
attr_56=[1, 3]
attr_83=[2, 3]
attr_86=[1, 2]
attr_93=[1, 2]
attr_95=[1, 2]
attr_98=[1, 3]
attr_99=[2, 3]
attr_113=[2, 3]
attr_138=[2, 3]
attr_139=[1, 3]
attr_141=[1, 2]
attr_146=[1, 2]
attr_167=[2, 3]

NUM_NEW_OBJECTS: 4
NUM_OBJECTS: 9
NUM_MISS_OBJECTS: 9
RULE_9:
attr_15=[1, 3]
attr_16=[2, 3]
attr_17=[2, 3]
attr_29=[2, 3]
attr_78=[1, 3]
attr_101=[1, 3]
attr_116=[2, 3]
attr_139=[2, 3]
attr_156=[1, 2]

NUM_NEW_OBJECTS: 4
NUM_OBJECTS: 6
NUM_MISS_OBJECTS: 6
RULE_10:
attr_9=[2, 3]
attr_38=[1, 2]
attr_42=[2, 3]
attr_57=[2, 3]
attr_104=[1, 2]
attr_131=[1, 3]
attr_170=[1, 2]
attr_171=[1, 2]

NUM_NEW_OBJECTS: 1
NUM_OBJECTS: 10
NUM_MISS_OBJECTS: 10
RULE_11:
attr_6=[1]
attr_19=[2, 3]
attr_48=[2, 3]
attr_49=[1, 3]
attr_53=[1, 2]
attr_54=[2, 3]
attr_79=[1, 3]
attr_93=[2, 3]

NUM_NEW_OBJECTS: 2
NUM_OBJECTS: 6
NUM_MISS_OBJECTS: 6
RULE_12:
attr_7=[2]
attr_16=[1, 2]
attr_22=[1]
attr_24=[1]
attr_30=[2, 3]
attr_37=[2, 3]
attr_45=[2, 3]
attr_51=[2, 3]
attr_52=[2, 3]
attr_53=[1, 2]
attr_56=[2, 3]
attr_61=[1, 3]
attr_63=[2, 3]
attr_65=[1, 3]
attr_68=[1, 3]
attr_70=[1, 2]
attr_78=[2, 3]
attr_79=[1, 2]
attr_81=[2, 3]
attr_93=[2, 3]
attr_98=[2]
attr_99=[2, 3]
attr_101=[2, 3]
attr_112=[1, 3]
attr_121=[1]
attr_123=[1, 3]
attr_124=[1, 2]
attr_126=[1, 2]
attr_128=[2]
attr_129=[1, 2]
attr_134=[2, 3]
attr_146=[2, 3]
attr_150=[1, 2]
attr_159=[1, 2]
attr_168=[3]
attr_172=[1, 2]
attr_174=[1, 2]
attr_177=[1, 2]

NUM_NEW_OBJECTS: 1
NUM_OBJECTS: 5
NUM_MISS_OBJECTS: 5
RULE_13:
attr_2=[2, 3]
attr_5=[1, 3]
attr_32=[1, 3]
attr_48=[1, 2]
attr_51=[2, 3]
attr_63=[2, 3]
attr_79=[2, 3]
attr_103=[1, 3]
attr_104=[2]
attr_108=[2, 3]
attr_122=[2, 3]

NUM_NEW_OBJECTS: 1
NUM_OBJECTS: 7
NUM_MISS_OBJECTS: 7
RULE_14:
attr_2=[2, 3]
attr_3=[1, 2]
attr_10=[1]
attr_17=[1, 2]
attr_33=[1, 3]
attr_35=[2, 3]
attr_38=[1, 3]
attr_39=[2, 3]
attr_42=[2, 3]
attr_43=[3]
attr_45=[1, 2]
attr_48=[2, 3]
attr_50=[1, 2]
attr_53=[1, 2]
attr_54=[1]
attr_57=[1, 2]
attr_58=[1, 3]
attr_60=[1, 3]
attr_63=[1, 3]
attr_64=[2, 3]
attr_65=[1, 2]
attr_71=[3]
attr_72=[1, 2]
attr_73=[1, 2]
attr_77=[1]
attr_79=[2, 3]
attr_83=[1, 2]
attr_86=[1, 2]
attr_87=[1, 2]
attr_90=[2, 3]
attr_91=[2, 3]
attr_95=[3]
attr_98=[2, 3]
attr_100=[1, 3]
attr_101=[2, 3]
attr_103=[2, 3]
attr_105=[2, 3]
attr_109=[1, 2]
attr_120=[2, 3]
attr_123=[1, 2]
attr_125=[3]
attr_133=[2, 3]
attr_134=[2, 3]
attr_138=[1, 2]
attr_140=[1]
attr_144=[1]
attr_146=[2, 3]
attr_147=[2, 3]
attr_150=[2, 3]
attr_157=[1, 2]
attr_166=[1, 2]
attr_167=[1, 2]
attr_170=[1]
attr_175=[1, 2]

NUM_NEW_OBJECTS: 1
NUM_OBJECTS: 7
NUM_MISS_OBJECTS: 7
RULE_15:
attr_2=[1, 2]
attr_3=[2, 3]
attr_24=[1, 2]
attr_33=[2, 3]
attr_63=[1, 3]
attr_81=[1, 2]
attr_89=[1, 2]
attr_102=[1, 2]
attr_161=[1, 2]

NUM_NEW_OBJECTS: 1
NUM_OBJECTS: 11
NUM_MISS_OBJECTS: 11
RULE_16:
attr_7=[2, 3]
attr_17=[2]
attr_21=[1, 2]
attr_27=[1, 3]
attr_39=[3]
attr_41=[2, 3]
attr_45=[1, 3]
attr_54=[1, 2]
attr_56=[1, 2]
attr_60=[1, 2]
attr_64=[1, 3]
attr_65=[1, 2]
attr_72=[3]
attr_78=[1, 3]
attr_79=[1, 3]
attr_88=[2, 3]
attr_105=[2]
attr_106=[1, 3]
attr_126=[1, 2]
attr_135=[2, 3]
attr_141=[2, 3]
attr_143=[1, 3]
attr_162=[1]
attr_168=[1, 2]
attr_176=[1, 2]
attr_183=[1, 2]

NUM_NEW_OBJECTS: 2
NUM_OBJECTS: 9
NUM_MISS_OBJECTS: 9
RULE_17:
attr_5=[1, 2]
attr_8=[2, 3]
attr_11=[1, 3]
attr_17=[1, 2]
attr_19=[1, 2]
attr_24=[1, 2]
attr_31=[1, 2]
attr_49=[1, 3]
attr_56=[1, 2]
attr_63=[2, 3]
attr_69=[1, 2]
attr_70=[2, 3]
attr_85=[1, 3]
attr_87=[1, 3]
attr_93=[1, 2]
attr_96=[2, 3]
attr_97=[2, 3]
attr_116=[2, 3]
attr_123=[3]
attr_130=[2, 3]
attr_141=[2, 3]
attr_164=[1, 2]

NUM_NEW_OBJECTS: 1
NUM_OBJECTS: 4
NUM_MISS_OBJECTS: 4
RULE_18:
attr_4=[2, 3]
attr_16=[1, 2]
attr_29=[2, 3]
attr_69=[2, 3]
attr_93=[2]
attr_126=[1, 3]
attr_132=[2, 3]
attr_138=[2, 3]

NUM_NEW_OBJECTS: 1
NUM_OBJECTS: 4
NUM_MISS_OBJECTS: 4
RULE_19:
attr_5=[1, 3]
attr_14=[1, 2]
attr_16=[3]
attr_48=[1, 2]
attr_52=[1, 2]
attr_58=[2, 3]
attr_59=[1, 3]
attr_82=[2, 3]
attr_94=[1, 2]
attr_95=[1, 3]
attr_102=[2, 3]
attr_106=[2]
attr_108=[2, 3]
attr_137=[1, 2]
attr_157=[1, 2]
attr_164=[1, 2]
attr_168=[1, 2]

NUM_NEW_OBJECTS: 1
NUM_OBJECTS: 3
NUM_MISS_OBJECTS: 3
RULE_20:
attr_5=[1, 3]
attr_6=[1, 3]
attr_7=[1, 3]
attr_20=[2, 3]
attr_69=[1, 3]
attr_90=[2, 3]
attr_94=[1, 2]
attr_108=[2, 3]
attr_158=[1, 3]
attr_182=[1, 2]

NUM_NEW_OBJECTS: 2
NUM_OBJECTS: 4
NUM_MISS_OBJECTS: 4
RULE_21:
attr_10=[1, 2]
attr_15=[1, 2]
attr_17=[2, 3]
attr_28=[1, 3]
attr_35=[1, 2]
attr_39=[1, 2]
attr_50=[1, 3]
attr_56=[1, 2]
attr_60=[2, 3]
attr_62=[2, 3]
attr_69=[1, 3]
attr_71=[1, 2]
attr_77=[2, 3]
attr_81=[1, 2]
attr_87=[2, 3]
attr_91=[2, 3]
attr_100=[1, 2]
attr_126=[2, 3]
attr_134=[2, 3]

NUM_NEW_OBJECTS: 1
NUM_OBJECTS: 7
NUM_MISS_OBJECTS: 7
RULE_22:
attr_10=[2, 3]
attr_11=[1, 2]
attr_12=[2]
attr_26=[2, 3]
attr_28=[1, 2]
attr_35=[1, 2]
attr_36=[1]
attr_45=[1, 2]
attr_46=[1, 2]
attr_65=[1, 3]
attr_66=[1, 2]
attr_69=[1, 3]
attr_70=[1, 2]
attr_77=[2, 3]
attr_81=[1, 2]
attr_82=[1, 2]
attr_93=[1, 2]
attr_94=[2, 3]
attr_95=[1, 2]
attr_101=[1, 3]
attr_105=[1, 2]
attr_112=[2, 3]
attr_131=[2, 3]
attr_136=[1, 2]
attr_138=[1, 2]
attr_162=[1]
attr_163=[1, 2]

NUM_NEW_OBJECTS: 1
NUM_OBJECTS: 2
NUM_MISS_OBJECTS: 2
RULE_23:
attr_5=[2]
attr_15=[2, 3]
attr_20=[2, 3]
attr_23=[1, 3]
attr_49=[2, 3]
attr_51=[2]
attr_60=[2, 3]
attr_66=[2, 3]
attr_71=[1, 3]
attr_81=[1, 2]
attr_82=[1, 2]
attr_100=[2]
attr_101=[1, 3]
attr_103=[1, 3]
attr_111=[2, 3]
attr_120=[1, 2]
attr_131=[1, 2]
attr_133=[2, 3]

NUM_NEW_OBJECTS: 1
NUM_OBJECTS: 4
NUM_MISS_OBJECTS: 4
RULE_24:
attr_2=[2, 3]
attr_7=[1, 3]
attr_15=[2, 3]
attr_16=[2, 3]
attr_35=[2, 3]
attr_38=[1, 2]
attr_79=[2, 3]
attr_87=[1, 2]
attr_108=[1, 2]
attr_130=[2, 3]
attr_183=[1, 2]

NUM_NEW_OBJECTS: 1
NUM_OBJECTS: 4
NUM_MISS_OBJECTS: 4
RULE_25:
attr_6=[2, 3]
attr_7=[1, 2]
attr_17=[2, 3]
attr_28=[1, 3]
attr_29=[2, 3]
attr_58=[1, 3]

NUM_NEW_OBJECTS: 1
NUM_OBJECTS: 5
NUM_MISS_OBJECTS: 5
RULE_26:
attr_2=[2, 3]
attr_3=[1, 2]
attr_7=[2, 3]
attr_15=[2, 3]
attr_19=[1]
attr_20=[1, 3]
attr_22=[1, 3]
attr_27=[2, 3]
attr_37=[2, 3]
attr_46=[2, 3]
attr_52=[1, 3]
attr_61=[1]
attr_69=[1, 3]
attr_80=[2, 3]
attr_98=[1, 2]
attr_111=[1]
attr_122=[1, 2]
attr_133=[1, 2]
attr_135=[1, 2]
attr_136=[1, 2]
attr_138=[1, 2]
attr_140=[1, 2]
attr_164=[1, 2]
attr_173=[1, 2]
attr_174=[1, 2]
attr_177=[1, 2]
attr_179=[1, 2]
attr_181=[1, 2]
attr_183=[1, 2]

NUM_NEW_OBJECTS: 1
NUM_OBJECTS: 7
NUM_MISS_OBJECTS: 7
RULE_27:
attr_12=[2, 3]
attr_19=[1, 2]
attr_22=[2, 3]
attr_43=[1, 2]
attr_63=[1]
attr_68=[1, 3]
attr_77=[1, 3]
attr_93=[1, 2]
attr_94=[2, 3]
attr_122=[1, 3]
attr_160=[1, 2]

NUM_NEW_OBJECTS: 2
NUM_OBJECTS: 10
NUM_MISS_OBJECTS: 10
RULE_28:
attr_6=[1, 2]
attr_7=[1, 3]
attr_15=[1, 3]
attr_44=[1, 3]
attr_50=[1, 2]
attr_53=[1, 2]
attr_57=[2, 3]
attr_65=[2]
attr_81=[2, 3]

NUM_NEW_OBJECTS: 1
NUM_OBJECTS: 4
NUM_MISS_OBJECTS: 4
RULE_29:
attr_2=[1, 2]
attr_3=[1, 3]
attr_5=[2, 3]
attr_15=[2, 3]
attr_16=[2, 3]
attr_27=[1, 2]
attr_28=[2, 3]
attr_29=[1, 2]
attr_31=[1, 2]
attr_44=[1, 3]
attr_45=[2, 3]
attr_51=[1, 2]
attr_54=[1, 2]
attr_68=[1, 3]
attr_72=[1, 3]
attr_74=[1, 2]
attr_77=[1, 3]
attr_87=[1, 3]
attr_94=[2, 3]
attr_100=[2, 3]
attr_108=[2, 3]
attr_111=[1]
attr_124=[1, 2]
attr_132=[2, 3]
attr_164=[1, 2]
attr_173=[1, 2]
attr_177=[1, 2]

NUM_NEW_OBJECTS: 2
NUM_OBJECTS: 10
NUM_MISS_OBJECTS: 10
RULE_30:
attr_7=[1]
attr_8=[2, 3]
attr_27=[1, 2]
attr_38=[1, 3]
attr_59=[3]
attr_71=[1, 2]
attr_93=[1, 2]
attr_108=[2, 3]
attr_111=[1, 3]
attr_160=[1, 2]
attr_166=[2, 3]
attr_167=[1, 2]
attr_177=[1, 2]

NUM_NEW_OBJECTS: 1
NUM_OBJECTS: 6
NUM_MISS_OBJECTS: 6
RULE_31:
attr_3=[1, 2]
attr_11=[1, 2]
attr_15=[1, 2]
attr_16=[2, 3]
attr_19=[1, 2]
attr_27=[1, 2]
attr_29=[1, 3]
attr_31=[1, 3]
attr_35=[1, 3]
attr_39=[1, 2]
attr_46=[3]
attr_50=[1, 2]
attr_53=[1, 2]
attr_57=[3]
attr_60=[1, 2]
attr_64=[2, 3]
attr_70=[1, 2]
attr_71=[1, 2]
attr_77=[1, 3]
attr_78=[1, 3]
attr_82=[1, 2]
attr_90=[2, 3]
attr_94=[1, 3]
attr_99=[1, 2]
attr_102=[1, 2]
attr_106=[2, 3]
attr_126=[1, 2]
attr_131=[1, 2]
attr_143=[1]
attr_166=[2, 3]

NUM_NEW_OBJECTS: 1
NUM_OBJECTS: 7
NUM_MISS_OBJECTS: 7
RULE_32:
attr_2=[2, 3]
attr_15=[3]
attr_39=[1, 2]
attr_63=[1, 2]
attr_70=[1, 2]
attr_74=[1, 2]
attr_81=[2, 3]
attr_160=[1]


09:10:30.492 [main] INFO  AbstractJSMAnalyzer - Start evaluating of causal relations for class 1 [desc_size=10, object_num=65]
09:10:30.492 [main] INFO  AbstractJSMAnalyzer - Class 1:
	0 - UREA N=2
	0 - LD(LDH)=2V3
	0 - ALBUMIN=1V2
	0 - TOTAL CO2=1V2
	0 - RHEU FACT=2V3
	0 - POTASSIUM=1V3
	0 - <CREAT-U>=1V2
	0 - ACETMNPHN=1V2
	0 - C4=1V2
	0 - OTHER=2V3
09:10:30.505 [main] WARN  AbstractJSMAnalyzer - Fact base is conflicted for property UREA N=2
09:10:30.507 [main] WARN  AbstractJSMAnalyzer - Fact base is conflicted for property LD(LDH)=2V3
09:10:30.509 [main] WARN  AbstractJSMAnalyzer - Fact base is conflicted for property ALBUMIN=1V2
09:10:30.512 [main] WARN  AbstractJSMAnalyzer - Fact base is conflicted for property TOTAL CO2=1V2
09:10:30.512 [main] INFO  AbstractJSMAnalyzer - Start search causes for RHEU FACT=2V3 [plus_ex=2, minus_ex=1, univer=9]
09:10:30.519 [main] INFO  AbstractJSMAnalyzer - Causes for RHEU FACT=2V3:
	2[2]: (POTASSIUM=1V3)
09:10:30.522 [main] WARN  AbstractJSMAnalyzer - Fact base is conflicted for property POTASSIUM=1V3
09:10:30.522 [main] INFO  AbstractJSMAnalyzer - Start search causes for <CREAT-U>=1V2 [plus_ex=1, minus_ex=0, univer=9]
09:10:30.522 [main] INFO  AbstractJSMAnalyzer - Start search causes for ACETMNPHN=1V2 [plus_ex=1, minus_ex=0, univer=9]
09:10:30.523 [main] INFO  AbstractJSMAnalyzer - Start search causes for C4=1V2 [plus_ex=1, minus_ex=1, univer=9]
09:10:30.523 [main] INFO  AbstractJSMAnalyzer - Start search causes for OTHER=2V3 [plus_ex=1, minus_ex=2, univer=9]
