17:40:39.146 [main] INFO  GAAQClassifier - Loading...
17:40:39.310 [main] INFO  GAAQClassifier - Data is loaded.
17:40:39.311 [main] INFO  GAAQClassifier - Found 1 conflict negative objects
17:40:39.312 [main] INFO  GAAQClassifier - Searching...
17:40:45.251 [main] INFO  GAAQClassifier - Search was finished for  6108ms
17:40:45.252 [main] INFO  GAAQClassifier - bestfit = 1003.465
17:40:50.445 [main] INFO  GAAQClassifier - Search was finished for  11302ms
17:40:50.445 [main] INFO  GAAQClassifier - bestfit = 1505.464
17:40:56.003 [main] INFO  GAAQClassifier - Search was finished for  16860ms
17:40:56.003 [main] INFO  GAAQClassifier - bestfit = 1254.458
17:41:02.153 [main] INFO  GAAQClassifier - Search was finished for  23010ms
17:41:02.153 [main] INFO  GAAQClassifier - bestfit = 2258.466
17:41:07.747 [main] INFO  GAAQClassifier - Search was finished for  28604ms
17:41:07.747 [main] INFO  GAAQClassifier - bestfit = 1505.462
17:41:07.747 [main] INFO  GAAQClassifier - BestPop = 2258.466
17:41:07.748 [main] INFO  GAAQClassifier - new_objects = 9
17:41:07.749 [main] INFO  GAAQClassifier - all_objects = 9
17:41:07.749 [main] INFO  GAAQClassifier - objects_with_missing_value_used = 9
17:41:12.898 [main] INFO  GAAQClassifier - Search was finished for  33755ms
17:41:12.899 [main] INFO  GAAQClassifier - bestfit = 1505.463
17:41:18.377 [main] INFO  GAAQClassifier - Search was finished for  39234ms
17:41:18.377 [main] INFO  GAAQClassifier - bestfit = 1002.461
17:41:23.795 [main] INFO  GAAQClassifier - Search was finished for  44652ms
17:41:23.795 [main] INFO  GAAQClassifier - bestfit = 1750.464
17:41:30.433 [main] INFO  GAAQClassifier - Search was finished for  51290ms
17:41:30.433 [main] INFO  GAAQClassifier - bestfit = 2000.46
17:41:35.979 [main] INFO  GAAQClassifier - Search was finished for  56836ms
17:41:35.980 [main] INFO  GAAQClassifier - bestfit = 1755.49
17:41:35.980 [main] INFO  GAAQClassifier - BestPop = 2000.46
17:41:35.980 [main] INFO  GAAQClassifier - new_objects = 1
17:41:35.981 [main] INFO  GAAQClassifier - all_objects = 8
17:41:35.981 [main] INFO  GAAQClassifier - objects_with_missing_value_used = 8
17:41:41.752 [main] INFO  GAAQClassifier - Search was finished for  62608ms
17:41:41.752 [main] INFO  GAAQClassifier - bestfit = 1003.465
17:41:46.908 [main] INFO  GAAQClassifier - Search was finished for  67765ms
17:41:46.908 [main] INFO  GAAQClassifier - bestfit = 1252.465
17:41:52.061 [main] INFO  GAAQClassifier - Search was finished for  72918ms
17:41:52.061 [main] INFO  GAAQClassifier - bestfit = 1254.455
17:41:57.756 [main] INFO  GAAQClassifier - Search was finished for  78613ms
17:41:57.756 [main] INFO  GAAQClassifier - bestfit = 1505.462
17:42:03.576 [main] INFO  GAAQClassifier - Search was finished for  84433ms
17:42:03.576 [main] INFO  GAAQClassifier - bestfit = 1000.483
17:42:03.576 [main] INFO  GAAQClassifier - BestPop = 1505.462
17:42:03.577 [main] INFO  GAAQClassifier - new_objects = 6
17:42:03.577 [main] INFO  GAAQClassifier - all_objects = 6
17:42:03.578 [main] INFO  GAAQClassifier - objects_with_missing_value_used = 6
17:42:09.429 [main] INFO  GAAQClassifier - Search was finished for  90286ms
17:42:09.429 [main] INFO  GAAQClassifier - bestfit = 501.466
17:42:14.437 [main] INFO  GAAQClassifier - Search was finished for  95294ms
17:42:14.437 [main] INFO  GAAQClassifier - bestfit = 1252.461
17:42:19.881 [main] INFO  GAAQClassifier - Search was finished for  100738ms
17:42:19.881 [main] INFO  GAAQClassifier - bestfit = 1503.463
17:42:25.813 [main] INFO  GAAQClassifier - Search was finished for  106670ms
17:42:25.813 [main] INFO  GAAQClassifier - bestfit = 1500.487
17:42:30.790 [main] INFO  GAAQClassifier - Search was finished for  111647ms
17:42:30.791 [main] INFO  GAAQClassifier - bestfit = 1252.47
17:42:30.791 [main] INFO  GAAQClassifier - BestPop = 1503.463
17:42:30.791 [main] INFO  GAAQClassifier - new_objects = 4
17:42:30.791 [main] INFO  GAAQClassifier - all_objects = 6
17:42:30.791 [main] INFO  GAAQClassifier - objects_with_missing_value_used = 6
17:42:35.915 [main] INFO  GAAQClassifier - Search was finished for  116772ms
17:42:35.916 [main] INFO  GAAQClassifier - bestfit = 1251.482
17:42:41.296 [main] INFO  GAAQClassifier - Search was finished for  122153ms
17:42:41.296 [main] INFO  GAAQClassifier - bestfit = 1504.465
17:42:46.707 [main] INFO  GAAQClassifier - Search was finished for  127564ms
17:42:46.707 [main] INFO  GAAQClassifier - bestfit = 1753.473
17:42:52.219 [main] INFO  GAAQClassifier - Search was finished for  133076ms
17:42:52.219 [main] INFO  GAAQClassifier - bestfit = 1250.499
17:42:58.226 [main] INFO  GAAQClassifier - Search was finished for  139083ms
17:42:58.227 [main] INFO  GAAQClassifier - bestfit = 2250.465
17:42:58.227 [main] INFO  GAAQClassifier - BestPop = 2250.465
17:42:58.227 [main] INFO  GAAQClassifier - new_objects = 1
17:42:58.227 [main] INFO  GAAQClassifier - all_objects = 9
17:42:58.227 [main] INFO  GAAQClassifier - objects_with_missing_value_used = 9
17:43:03.356 [main] INFO  GAAQClassifier - Search was finished for  144213ms
17:43:03.356 [main] INFO  GAAQClassifier - bestfit = 1001.462
17:43:09.145 [main] INFO  GAAQClassifier - Search was finished for  150002ms
17:43:09.145 [main] INFO  GAAQClassifier - bestfit = 1752.463
17:43:14.290 [main] INFO  GAAQClassifier - Search was finished for  155147ms
17:43:14.290 [main] INFO  GAAQClassifier - bestfit = 2004.471
17:43:19.611 [main] INFO  GAAQClassifier - Search was finished for  160468ms
17:43:19.611 [main] INFO  GAAQClassifier - bestfit = 1752.464
17:43:25.396 [main] INFO  GAAQClassifier - Search was finished for  166253ms
17:43:25.396 [main] INFO  GAAQClassifier - bestfit = 1750.473
17:43:25.396 [main] INFO  GAAQClassifier - BestPop = 2004.471
17:43:25.396 [main] INFO  GAAQClassifier - new_objects = 5
17:43:25.396 [main] INFO  GAAQClassifier - all_objects = 8
17:43:25.396 [main] INFO  GAAQClassifier - objects_with_missing_value_used = 8
17:43:30.440 [main] INFO  GAAQClassifier - Search was finished for  171297ms
17:43:30.441 [main] INFO  GAAQClassifier - bestfit = 2250.462
17:43:36.249 [main] INFO  GAAQClassifier - Search was finished for  177106ms
17:43:36.249 [main] INFO  GAAQClassifier - bestfit = 2501.458
17:43:41.444 [main] INFO  GAAQClassifier - Search was finished for  182301ms
17:43:41.444 [main] INFO  GAAQClassifier - bestfit = 2754.463
17:43:46.856 [main] INFO  GAAQClassifier - Search was finished for  187713ms
17:43:46.856 [main] INFO  GAAQClassifier - bestfit = 1250.507
17:43:52.334 [main] INFO  GAAQClassifier - Search was finished for  193191ms
17:43:52.335 [main] INFO  GAAQClassifier - bestfit = 2001.462
17:43:52.335 [main] INFO  GAAQClassifier - BestPop = 2754.463
17:43:52.335 [main] INFO  GAAQClassifier - new_objects = 5
17:43:52.335 [main] INFO  GAAQClassifier - all_objects = 11
17:43:52.335 [main] INFO  GAAQClassifier - objects_with_missing_value_used = 11
17:43:58.153 [main] INFO  GAAQClassifier - Search was finished for  199009ms
17:43:58.153 [main] INFO  GAAQClassifier - bestfit = 750.466
17:44:03.451 [main] INFO  GAAQClassifier - Search was finished for  204308ms
17:44:03.451 [main] INFO  GAAQClassifier - bestfit = 751.589
17:44:09.930 [main] INFO  GAAQClassifier - Search was finished for  210787ms
17:44:09.930 [main] INFO  GAAQClassifier - bestfit = 1251.463
17:44:15.772 [main] INFO  GAAQClassifier - Search was finished for  216629ms
17:44:15.772 [main] INFO  GAAQClassifier - bestfit = 750.46
17:44:21.484 [main] INFO  GAAQClassifier - Search was finished for  222341ms
17:44:21.485 [main] INFO  GAAQClassifier - bestfit = 2501.471
17:44:21.485 [main] INFO  GAAQClassifier - BestPop = 2501.471
17:44:21.485 [main] INFO  GAAQClassifier - new_objects = 2
17:44:21.485 [main] INFO  GAAQClassifier - all_objects = 10
17:44:21.485 [main] INFO  GAAQClassifier - objects_with_missing_value_used = 10
17:44:26.778 [main] INFO  GAAQClassifier - Search was finished for  227635ms
17:44:26.779 [main] INFO  GAAQClassifier - bestfit = 1251.465
17:44:31.901 [main] INFO  GAAQClassifier - Search was finished for  232758ms
17:44:31.901 [main] INFO  GAAQClassifier - bestfit = 3502.462
17:44:37.246 [main] INFO  GAAQClassifier - Search was finished for  238103ms
17:44:37.246 [main] INFO  GAAQClassifier - bestfit = 2501.466
17:44:42.827 [main] INFO  GAAQClassifier - Search was finished for  243684ms
17:44:42.828 [main] INFO  GAAQClassifier - bestfit = 2002.465
17:44:48.032 [main] INFO  GAAQClassifier - Search was finished for  248889ms
17:44:48.032 [main] INFO  GAAQClassifier - bestfit = 1500.483
17:44:48.032 [main] INFO  GAAQClassifier - BestPop = 3502.462
17:44:48.033 [main] INFO  GAAQClassifier - new_objects = 3
17:44:48.033 [main] INFO  GAAQClassifier - all_objects = 14
17:44:48.033 [main] INFO  GAAQClassifier - objects_with_missing_value_used = 14
17:44:53.369 [main] INFO  GAAQClassifier - Search was finished for  254226ms
17:44:53.369 [main] INFO  GAAQClassifier - bestfit = 2000.462
17:44:58.582 [main] INFO  GAAQClassifier - Search was finished for  259439ms
17:44:58.582 [main] INFO  GAAQClassifier - bestfit = 2001.496
17:45:04.763 [main] INFO  GAAQClassifier - Search was finished for  265620ms
17:45:04.763 [main] INFO  GAAQClassifier - bestfit = 1500.461
17:45:10.120 [main] INFO  GAAQClassifier - Search was finished for  270977ms
17:45:10.121 [main] INFO  GAAQClassifier - bestfit = 1500.464
17:45:15.840 [main] INFO  GAAQClassifier - Search was finished for  276697ms
17:45:15.841 [main] INFO  GAAQClassifier - bestfit = 500.467
17:45:15.841 [main] INFO  GAAQClassifier - BestPop = 2001.496
17:45:15.841 [main] INFO  GAAQClassifier - new_objects = 2
17:45:15.841 [main] INFO  GAAQClassifier - all_objects = 8
17:45:15.841 [main] INFO  GAAQClassifier - objects_with_missing_value_used = 8
17:45:21.707 [main] INFO  GAAQClassifier - Search was finished for  282564ms
17:45:21.707 [main] INFO  GAAQClassifier - bestfit = 1250.465
17:45:27.275 [main] INFO  GAAQClassifier - Search was finished for  288132ms
17:45:27.275 [main] INFO  GAAQClassifier - bestfit = 1501.47
17:45:33.005 [main] INFO  GAAQClassifier - Search was finished for  293862ms
17:45:33.005 [main] INFO  GAAQClassifier - bestfit = 500.481
17:45:38.495 [main] INFO  GAAQClassifier - Search was finished for  299352ms
17:45:38.495 [main] INFO  GAAQClassifier - bestfit = 0.0
17:45:43.896 [main] INFO  GAAQClassifier - Search was finished for  304753ms
17:45:43.896 [main] INFO  GAAQClassifier - bestfit = 1253.468
17:45:43.896 [main] INFO  GAAQClassifier - BestPop = 1501.47
17:45:43.896 [main] INFO  GAAQClassifier - new_objects = 2
17:45:43.896 [main] INFO  GAAQClassifier - all_objects = 6
17:45:43.897 [main] INFO  GAAQClassifier - objects_with_missing_value_used = 6
17:45:49.116 [main] INFO  GAAQClassifier - Search was finished for  309973ms
17:45:49.116 [main] INFO  GAAQClassifier - bestfit = 2250.471
17:45:54.623 [main] INFO  GAAQClassifier - Search was finished for  315479ms
17:45:54.623 [main] INFO  GAAQClassifier - bestfit = 500.476
17:45:59.684 [main] INFO  GAAQClassifier - Search was finished for  320541ms
17:45:59.684 [main] INFO  GAAQClassifier - bestfit = 0.0
17:46:05.826 [main] INFO  GAAQClassifier - Search was finished for  326683ms
17:46:05.827 [main] INFO  GAAQClassifier - bestfit = 2251.465
17:46:11.132 [main] INFO  GAAQClassifier - Search was finished for  331989ms
17:46:11.132 [main] INFO  GAAQClassifier - bestfit = 2750.465
17:46:11.132 [main] INFO  GAAQClassifier - BestPop = 2750.465
17:46:11.132 [main] INFO  GAAQClassifier - new_objects = 1
17:46:11.132 [main] INFO  GAAQClassifier - all_objects = 11
17:46:11.132 [main] INFO  GAAQClassifier - objects_with_missing_value_used = 11
17:46:16.254 [main] INFO  GAAQClassifier - Search was finished for  337111ms
17:46:16.255 [main] INFO  GAAQClassifier - bestfit = 0.0
17:46:21.869 [main] INFO  GAAQClassifier - Search was finished for  342726ms
17:46:21.869 [main] INFO  GAAQClassifier - bestfit = 2501.47
17:46:28.423 [main] INFO  GAAQClassifier - Search was finished for  349280ms
17:46:28.424 [main] INFO  GAAQClassifier - bestfit = 3751.469
17:46:33.498 [main] INFO  GAAQClassifier - Search was finished for  354355ms
17:46:33.498 [main] INFO  GAAQClassifier - bestfit = 1000.462
17:46:39.690 [main] INFO  GAAQClassifier - Search was finished for  360547ms
17:46:39.690 [main] INFO  GAAQClassifier - bestfit = 1000.465
17:46:39.690 [main] INFO  GAAQClassifier - BestPop = 3751.469
17:46:39.690 [main] INFO  GAAQClassifier - new_objects = 2
17:46:39.690 [main] INFO  GAAQClassifier - all_objects = 15
17:46:39.690 [main] INFO  GAAQClassifier - objects_with_missing_value_used = 15
17:46:44.629 [main] INFO  GAAQClassifier - Search was finished for  365486ms
17:46:44.630 [main] INFO  GAAQClassifier - bestfit = 500.519
17:46:50.217 [main] INFO  GAAQClassifier - Search was finished for  371074ms
17:46:50.217 [main] INFO  GAAQClassifier - bestfit = 0.0
17:46:55.527 [main] INFO  GAAQClassifier - Search was finished for  376384ms
17:46:55.527 [main] INFO  GAAQClassifier - bestfit = 1751.522
17:47:01.016 [main] INFO  GAAQClassifier - Search was finished for  381873ms
17:47:01.016 [main] INFO  GAAQClassifier - bestfit = 1500.553
17:47:06.182 [main] INFO  GAAQClassifier - Search was finished for  387039ms
17:47:06.183 [main] INFO  GAAQClassifier - bestfit = 500.554
17:47:06.183 [main] INFO  GAAQClassifier - BestPop = 1751.522
17:47:06.183 [main] INFO  GAAQClassifier - new_objects = 2
17:47:06.183 [main] INFO  GAAQClassifier - all_objects = 7
17:47:06.183 [main] INFO  GAAQClassifier - objects_with_missing_value_used = 7
17:47:11.706 [main] INFO  GAAQClassifier - Search was finished for  392563ms
17:47:11.706 [main] INFO  GAAQClassifier - bestfit = 750.543
17:47:17.335 [main] INFO  GAAQClassifier - Search was finished for  398192ms
17:47:17.336 [main] INFO  GAAQClassifier - bestfit = 0.0
17:47:23.189 [main] INFO  GAAQClassifier - Search was finished for  404046ms
17:47:23.189 [main] INFO  GAAQClassifier - bestfit = 0.0
17:47:29.184 [main] INFO  GAAQClassifier - Search was finished for  410040ms
17:47:29.184 [main] INFO  GAAQClassifier - bestfit = 1250.459
17:47:35.121 [main] INFO  GAAQClassifier - Search was finished for  415978ms
17:47:35.122 [main] INFO  GAAQClassifier - bestfit = 750.465
17:47:35.122 [main] INFO  GAAQClassifier - BestPop = 1250.459
17:47:35.122 [main] INFO  GAAQClassifier - new_objects = 1
17:47:35.122 [main] INFO  GAAQClassifier - all_objects = 5
17:47:35.122 [main] INFO  GAAQClassifier - objects_with_missing_value_used = 5
17:47:40.535 [main] INFO  GAAQClassifier - Search was finished for  421392ms
17:47:40.535 [main] INFO  GAAQClassifier - bestfit = 1000.467
17:47:46.375 [main] INFO  GAAQClassifier - Search was finished for  427232ms
17:47:46.376 [main] INFO  GAAQClassifier - bestfit = 250.53
17:47:52.090 [main] INFO  GAAQClassifier - Search was finished for  432947ms
17:47:52.090 [main] INFO  GAAQClassifier - bestfit = 0.0
17:47:58.331 [main] INFO  GAAQClassifier - Search was finished for  439188ms
17:47:58.331 [main] INFO  GAAQClassifier - bestfit = 1750.54
17:48:03.275 [main] INFO  GAAQClassifier - Search was finished for  444132ms
17:48:03.275 [main] INFO  GAAQClassifier - bestfit = 1750.469
17:48:03.276 [main] INFO  GAAQClassifier - BestPop = 1750.54
17:48:03.276 [main] INFO  GAAQClassifier - new_objects = 1
17:48:03.276 [main] INFO  GAAQClassifier - all_objects = 7
17:48:03.276 [main] INFO  GAAQClassifier - objects_with_missing_value_used = 7
17:48:08.177 [main] INFO  GAAQClassifier - Search was finished for  449034ms
17:48:08.178 [main] INFO  GAAQClassifier - bestfit = 0.0
17:48:13.857 [main] INFO  GAAQClassifier - Search was finished for  454714ms
17:48:13.858 [main] INFO  GAAQClassifier - bestfit = 1000.505
17:48:19.924 [main] INFO  GAAQClassifier - Search was finished for  460781ms
17:48:19.924 [main] INFO  GAAQClassifier - bestfit = 1500.469
17:48:25.244 [main] INFO  GAAQClassifier - Search was finished for  466101ms
17:48:25.245 [main] INFO  GAAQClassifier - bestfit = 0.0
17:48:30.892 [main] INFO  GAAQClassifier - Search was finished for  471749ms
17:48:30.892 [main] INFO  GAAQClassifier - bestfit = 1000.522
17:48:30.892 [main] INFO  GAAQClassifier - BestPop = 1500.469
17:48:30.892 [main] INFO  GAAQClassifier - new_objects = 1
17:48:30.892 [main] INFO  GAAQClassifier - all_objects = 6
17:48:30.892 [main] INFO  GAAQClassifier - objects_with_missing_value_used = 6
17:48:36.276 [main] INFO  GAAQClassifier - Search was finished for  477132ms
17:48:36.276 [main] INFO  GAAQClassifier - bestfit = 0.0
17:48:41.895 [main] INFO  GAAQClassifier - Search was finished for  482752ms
17:48:41.895 [main] INFO  GAAQClassifier - bestfit = 0.0
17:48:47.587 [main] INFO  GAAQClassifier - Search was finished for  488444ms
17:48:47.587 [main] INFO  GAAQClassifier - bestfit = 0.0
17:48:52.672 [main] INFO  GAAQClassifier - Search was finished for  493529ms
17:48:52.672 [main] INFO  GAAQClassifier - bestfit = 0.0
17:48:57.668 [main] INFO  GAAQClassifier - Search was finished for  498525ms
17:48:57.668 [main] INFO  GAAQClassifier - bestfit = 0.0
17:48:57.668 [main] INFO  GAAQClassifier - BestPop = 0.0
17:48:57.668 [main] INFO  GAAQClassifier - Decision is not appropriate. Negative examples have been covered
17:49:02.802 [main] INFO  GAAQClassifier - Search was finished for  503659ms
17:49:02.802 [main] INFO  GAAQClassifier - bestfit = 0.0
17:49:08.157 [main] INFO  GAAQClassifier - Search was finished for  509014ms
17:49:08.157 [main] INFO  GAAQClassifier - bestfit = 1000.55
17:49:13.763 [main] INFO  GAAQClassifier - Search was finished for  514620ms
17:49:13.764 [main] INFO  GAAQClassifier - bestfit = 2000.46
17:49:19.652 [main] INFO  GAAQClassifier - Search was finished for  520509ms
17:49:19.652 [main] INFO  GAAQClassifier - bestfit = 3000.463
17:49:24.816 [main] INFO  GAAQClassifier - Search was finished for  525673ms
17:49:24.816 [main] INFO  GAAQClassifier - bestfit = 0.0
17:49:24.816 [main] INFO  GAAQClassifier - BestPop = 3000.463
17:49:24.816 [main] INFO  GAAQClassifier - new_objects = 1
17:49:24.816 [main] INFO  GAAQClassifier - all_objects = 12
17:49:24.816 [main] INFO  GAAQClassifier - objects_with_missing_value_used = 12
17:49:30.021 [main] INFO  GAAQClassifier - Search was finished for  530878ms
17:49:30.021 [main] INFO  GAAQClassifier - bestfit = 750.491
17:49:36.560 [main] INFO  GAAQClassifier - Search was finished for  537417ms
17:49:36.561 [main] INFO  GAAQClassifier - bestfit = 0.0
17:49:41.635 [main] INFO  GAAQClassifier - Search was finished for  542492ms
17:49:41.635 [main] INFO  GAAQClassifier - bestfit = 1250.47
17:49:47.571 [main] INFO  GAAQClassifier - Search was finished for  548428ms
17:49:47.571 [main] INFO  GAAQClassifier - bestfit = 2750.461
17:49:52.640 [main] INFO  GAAQClassifier - Search was finished for  553497ms
17:49:52.640 [main] INFO  GAAQClassifier - bestfit = 0.0
17:49:52.640 [main] INFO  GAAQClassifier - BestPop = 2750.461
17:49:52.640 [main] INFO  GAAQClassifier - new_objects = 1
17:49:52.640 [main] INFO  GAAQClassifier - all_objects = 11
17:49:52.640 [main] INFO  GAAQClassifier - objects_with_missing_value_used = 11
17:49:57.661 [main] INFO  GAAQClassifier - Search was finished for  558518ms
17:49:57.661 [main] INFO  GAAQClassifier - bestfit = 0.0
17:50:02.527 [main] INFO  GAAQClassifier - Search was finished for  563384ms
17:50:02.527 [main] INFO  GAAQClassifier - bestfit = 0.0
17:50:07.483 [main] INFO  GAAQClassifier - Search was finished for  568340ms
17:50:07.484 [main] INFO  GAAQClassifier - bestfit = 0.0
17:50:12.954 [main] INFO  GAAQClassifier - Search was finished for  573811ms
17:50:12.954 [main] INFO  GAAQClassifier - bestfit = 0.0
17:50:17.650 [main] INFO  GAAQClassifier - Search was finished for  578507ms
17:50:17.651 [main] INFO  GAAQClassifier - bestfit = 0.0
17:50:17.651 [main] INFO  GAAQClassifier - BestPop = 0.0
17:50:17.651 [main] INFO  GAAQClassifier - Decision is not appropriate. Negative examples have been covered
17:50:22.415 [main] INFO  GAAQClassifier - Search was finished for  583272ms
17:50:22.416 [main] INFO  GAAQClassifier - bestfit = 0.0
