17:52:26.541 [main] INFO  GAAQClassifier - Loading...
17:52:27.207 [main] INFO  GAAQClassifier - Data is loaded.
17:52:27.213 [main] INFO  GAAQClassifier - Found 187 conflict negative objects
17:52:27.213 [main] INFO  GAAQClassifier - Searching...
17:52:28.715 [main] INFO  GAAQClassifier - Search was finished for  2178ms
17:52:28.715 [main] INFO  GAAQClassifier - bestfit = 344343.987
17:52:30.181 [main] INFO  GAAQClassifier - Search was finished for  3644ms
17:52:30.181 [main] INFO  GAAQClassifier - bestfit = 325324.982
17:52:31.662 [main] INFO  GAAQClassifier - Search was finished for  5125ms
17:52:31.662 [main] INFO  GAAQClassifier - bestfit = 335334.985
17:52:33.128 [main] INFO  GAAQClassifier - Search was finished for  6591ms
17:52:33.129 [main] INFO  GAAQClassifier - bestfit = 328327.987
17:52:34.637 [main] INFO  GAAQClassifier - Search was finished for  8100ms
17:52:34.637 [main] INFO  GAAQClassifier - bestfit = 325324.982
17:52:34.637 [main] INFO  GAAQClassifier - BestPop = 344343.987
17:52:34.638 [main] INFO  GAAQClassifier - new_objects = 344
17:52:34.638 [main] INFO  GAAQClassifier - all_objects = 344
17:52:34.638 [main] INFO  GAAQClassifier - objects_with_missing_value_used = 0
17:52:34.638 [main] INFO  GAAQClassifier - covered_objects = 344
17:52:35.762 [main] INFO  GAAQClassifier - Search was finished for  9225ms
17:52:35.762 [main] INFO  GAAQClassifier - bestfit = 310037.985
17:52:36.890 [main] INFO  GAAQClassifier - Search was finished for  10353ms
17:52:36.890 [main] INFO  GAAQClassifier - bestfit = 325005.985
17:52:37.995 [main] INFO  GAAQClassifier - Search was finished for  11458ms
17:52:37.995 [main] INFO  GAAQClassifier - bestfit = 277002.985
17:52:39.108 [main] INFO  GAAQClassifier - Search was finished for  12571ms
17:52:39.108 [main] INFO  GAAQClassifier - bestfit = 321033.982
17:52:40.208 [main] INFO  GAAQClassifier - Search was finished for  13671ms
17:52:40.208 [main] INFO  GAAQClassifier - bestfit = 321033.982
17:52:40.208 [main] INFO  GAAQClassifier - BestPop = 325005.985
17:52:40.209 [main] INFO  GAAQClassifier - new_objects = 6
17:52:40.209 [main] INFO  GAAQClassifier - all_objects = 325
17:52:40.209 [main] INFO  GAAQClassifier - objects_with_missing_value_used = 0
17:52:40.209 [main] INFO  GAAQClassifier - covered_objects = 350
