17:17:16.788 [main] INFO  GAAQClassifier - Loading...
17:17:17.299 [main] INFO  GAAQClassifier - Data is loaded.
17:17:17.302 [main] INFO  GAAQClassifier - Found 1 conflict negative objects
17:17:17.302 [main] INFO  GAAQClassifier - Searching...
17:17:23.612 [main] INFO  GAAQClassifier - Search was finished for  6827ms
17:17:23.612 [main] INFO  GAAQClassifier - bestfit = 501.412
17:17:29.217 [main] INFO  GAAQClassifier - Search was finished for  12432ms
17:17:29.218 [main] INFO  GAAQClassifier - bestfit = 250.659
17:17:34.340 [main] INFO  GAAQClassifier - Search was finished for  17555ms
17:17:34.341 [main] INFO  GAAQClassifier - bestfit = 752.52
17:17:39.670 [main] INFO  GAAQClassifier - Search was finished for  22885ms
17:17:39.670 [main] INFO  GAAQClassifier - bestfit = 501.443
17:17:45.558 [main] INFO  GAAQClassifier - Search was finished for  28773ms
17:17:45.558 [main] INFO  GAAQClassifier - bestfit = 501.479
17:17:45.558 [main] INFO  GAAQClassifier - BestPop = 752.52
17:17:45.560 [main] INFO  GAAQClassifier - new_objects = 3
17:17:45.560 [main] INFO  GAAQClassifier - all_objects = 3
17:17:45.560 [main] INFO  GAAQClassifier - objects_with_missing_value_used = 3
17:17:51.924 [main] INFO  GAAQClassifier - Search was finished for  35139ms
17:17:51.924 [main] INFO  GAAQClassifier - bestfit = 501.412
17:17:57.973 [main] INFO  GAAQClassifier - Search was finished for  41188ms
17:17:57.974 [main] INFO  GAAQClassifier - bestfit = 751.409
17:18:03.238 [main] INFO  GAAQClassifier - Search was finished for  46453ms
17:18:03.238 [main] INFO  GAAQClassifier - bestfit = 501.429
17:18:08.458 [main] INFO  GAAQClassifier - Search was finished for  51672ms
17:18:08.458 [main] INFO  GAAQClassifier - bestfit = 501.432
17:18:14.086 [main] INFO  GAAQClassifier - Search was finished for  57301ms
17:18:14.087 [main] INFO  GAAQClassifier - bestfit = 751.411
17:18:14.087 [main] INFO  GAAQClassifier - BestPop = 751.411
17:18:14.087 [main] INFO  GAAQClassifier - new_objects = 2
17:18:14.087 [main] INFO  GAAQClassifier - all_objects = 3
17:18:14.087 [main] INFO  GAAQClassifier - objects_with_missing_value_used = 3
17:18:20.153 [main] INFO  GAAQClassifier - Search was finished for  63368ms
17:18:20.153 [main] INFO  GAAQClassifier - bestfit = 752.409
17:18:26.031 [main] INFO  GAAQClassifier - Search was finished for  69246ms
17:18:26.032 [main] INFO  GAAQClassifier - bestfit = 752.417
17:18:32.304 [main] INFO  GAAQClassifier - Search was finished for  75519ms
17:18:32.304 [main] INFO  GAAQClassifier - bestfit = 500.435
17:18:37.546 [main] INFO  GAAQClassifier - Search was finished for  80761ms
17:18:37.546 [main] INFO  GAAQClassifier - bestfit = 750.42
17:18:42.836 [main] INFO  GAAQClassifier - Search was finished for  86051ms
17:18:42.837 [main] INFO  GAAQClassifier - bestfit = 500.529
17:18:42.837 [main] INFO  GAAQClassifier - BestPop = 752.417
17:18:42.839 [main] INFO  GAAQClassifier - new_objects = 3
17:18:42.839 [main] INFO  GAAQClassifier - all_objects = 3
17:18:42.839 [main] INFO  GAAQClassifier - objects_with_missing_value_used = 3
17:18:49.125 [main] INFO  GAAQClassifier - Search was finished for  92340ms
17:18:49.126 [main] INFO  GAAQClassifier - bestfit = 1000.415
17:18:55.696 [main] INFO  GAAQClassifier - Search was finished for  98911ms
17:18:55.696 [main] INFO  GAAQClassifier - bestfit = 750.41
17:19:00.996 [main] INFO  GAAQClassifier - Search was finished for  104211ms
17:19:00.997 [main] INFO  GAAQClassifier - bestfit = 752.492
17:19:07.026 [main] INFO  GAAQClassifier - Search was finished for  110241ms
17:19:07.026 [main] INFO  GAAQClassifier - bestfit = 750.409
17:19:12.656 [main] INFO  GAAQClassifier - Search was finished for  115871ms
17:19:12.657 [main] INFO  GAAQClassifier - bestfit = 0.0
17:19:12.657 [main] INFO  GAAQClassifier - BestPop = 1000.415
17:19:12.658 [main] INFO  GAAQClassifier - new_objects = 1
17:19:12.658 [main] INFO  GAAQClassifier - all_objects = 4
17:19:12.658 [main] INFO  GAAQClassifier - objects_with_missing_value_used = 4
17:19:18.639 [main] INFO  GAAQClassifier - Search was finished for  121854ms
17:19:18.640 [main] INFO  GAAQClassifier - bestfit = 0.0
17:19:25.087 [main] INFO  GAAQClassifier - Search was finished for  128302ms
17:19:25.088 [main] INFO  GAAQClassifier - bestfit = 0.0
17:19:30.717 [main] INFO  GAAQClassifier - Search was finished for  133932ms
17:19:30.717 [main] INFO  GAAQClassifier - bestfit = 500.429
17:19:36.255 [main] INFO  GAAQClassifier - Search was finished for  139470ms
17:19:36.255 [main] INFO  GAAQClassifier - bestfit = 1001.475
17:19:41.786 [main] INFO  GAAQClassifier - Search was finished for  145001ms
17:19:41.786 [main] INFO  GAAQClassifier - bestfit = 1001.428
17:19:41.786 [main] INFO  GAAQClassifier - BestPop = 1001.475
17:19:41.787 [main] INFO  GAAQClassifier - new_objects = 2
17:19:41.787 [main] INFO  GAAQClassifier - all_objects = 4
17:19:41.787 [main] INFO  GAAQClassifier - objects_with_missing_value_used = 4
17:19:47.575 [main] INFO  GAAQClassifier - Search was finished for  150790ms
17:19:47.575 [main] INFO  GAAQClassifier - bestfit = 1000.421
17:19:53.567 [main] INFO  GAAQClassifier - Search was finished for  156782ms
17:19:53.567 [main] INFO  GAAQClassifier - bestfit = 1000.459
17:19:59.014 [main] INFO  GAAQClassifier - Search was finished for  162229ms
17:19:59.014 [main] INFO  GAAQClassifier - bestfit = 1252.472
17:20:05.780 [main] INFO  GAAQClassifier - Search was finished for  168995ms
17:20:05.780 [main] INFO  GAAQClassifier - bestfit = 0.0
17:20:11.353 [main] INFO  GAAQClassifier - Search was finished for  174568ms
17:20:11.354 [main] INFO  GAAQClassifier - bestfit = 0.0
17:20:11.354 [main] INFO  GAAQClassifier - BestPop = 1252.472
17:20:11.354 [main] INFO  GAAQClassifier - new_objects = 3
17:20:11.354 [main] INFO  GAAQClassifier - all_objects = 5
17:20:11.354 [main] INFO  GAAQClassifier - objects_with_missing_value_used = 5
17:20:16.818 [main] INFO  GAAQClassifier - Search was finished for  180033ms
17:20:16.819 [main] INFO  GAAQClassifier - bestfit = 500.421
17:20:22.062 [main] INFO  GAAQClassifier - Search was finished for  185277ms
17:20:22.062 [main] INFO  GAAQClassifier - bestfit = 750.556
17:20:28.588 [main] INFO  GAAQClassifier - Search was finished for  191803ms
17:20:28.588 [main] INFO  GAAQClassifier - bestfit = 500.421
17:20:34.098 [main] INFO  GAAQClassifier - Search was finished for  197313ms
17:20:34.098 [main] INFO  GAAQClassifier - bestfit = 500.418
17:20:40.562 [main] INFO  GAAQClassifier - Search was finished for  203777ms
17:20:40.562 [main] INFO  GAAQClassifier - bestfit = 500.421
17:20:40.562 [main] INFO  GAAQClassifier - BestPop = 750.556
17:20:40.562 [main] INFO  GAAQClassifier - new_objects = 1
17:20:40.562 [main] INFO  GAAQClassifier - all_objects = 3
17:20:40.562 [main] INFO  GAAQClassifier - objects_with_missing_value_used = 3
17:20:45.761 [main] INFO  GAAQClassifier - Search was finished for  208976ms
17:20:45.762 [main] INFO  GAAQClassifier - bestfit = 750.417
17:20:51.413 [main] INFO  GAAQClassifier - Search was finished for  214628ms
17:20:51.413 [main] INFO  GAAQClassifier - bestfit = 751.416
17:20:57.135 [main] INFO  GAAQClassifier - Search was finished for  220350ms
17:20:57.135 [main] INFO  GAAQClassifier - bestfit = 250.414
17:21:03.373 [main] INFO  GAAQClassifier - Search was finished for  226588ms
17:21:03.373 [main] INFO  GAAQClassifier - bestfit = 750.415
17:21:09.284 [main] INFO  GAAQClassifier - Search was finished for  232499ms
17:21:09.284 [main] INFO  GAAQClassifier - bestfit = 500.455
17:21:09.284 [main] INFO  GAAQClassifier - BestPop = 751.416
17:21:09.285 [main] INFO  GAAQClassifier - new_objects = 2
17:21:09.285 [main] INFO  GAAQClassifier - all_objects = 3
17:21:09.285 [main] INFO  GAAQClassifier - objects_with_missing_value_used = 3
17:21:15.567 [main] INFO  GAAQClassifier - Search was finished for  238782ms
17:21:15.568 [main] INFO  GAAQClassifier - bestfit = 250.414
17:21:21.028 [main] INFO  GAAQClassifier - Search was finished for  244243ms
17:21:21.029 [main] INFO  GAAQClassifier - bestfit = 1000.415
17:21:26.319 [main] INFO  GAAQClassifier - Search was finished for  249534ms
17:21:26.320 [main] INFO  GAAQClassifier - bestfit = 500.416
17:21:32.255 [main] INFO  GAAQClassifier - Search was finished for  255470ms
17:21:32.256 [main] INFO  GAAQClassifier - bestfit = 250.411
17:21:37.670 [main] INFO  GAAQClassifier - Search was finished for  260885ms
17:21:37.670 [main] INFO  GAAQClassifier - bestfit = 500.431
17:21:37.670 [main] INFO  GAAQClassifier - BestPop = 1000.415
17:21:37.671 [main] INFO  GAAQClassifier - new_objects = 1
17:21:37.671 [main] INFO  GAAQClassifier - all_objects = 4
17:21:37.671 [main] INFO  GAAQClassifier - objects_with_missing_value_used = 4
17:21:43.647 [main] INFO  GAAQClassifier - Search was finished for  266862ms
17:21:43.647 [main] INFO  GAAQClassifier - bestfit = 500.444
17:21:48.952 [main] INFO  GAAQClassifier - Search was finished for  272167ms
17:21:48.952 [main] INFO  GAAQClassifier - bestfit = 0.0
17:21:54.287 [main] INFO  GAAQClassifier - Search was finished for  277502ms
17:21:54.287 [main] INFO  GAAQClassifier - bestfit = 250.423
17:22:00.310 [main] INFO  GAAQClassifier - Search was finished for  283525ms
17:22:00.310 [main] INFO  GAAQClassifier - bestfit = 0.0
17:22:07.409 [main] INFO  GAAQClassifier - Search was finished for  290624ms
17:22:07.409 [main] INFO  GAAQClassifier - bestfit = 750.598
17:22:07.409 [main] INFO  GAAQClassifier - BestPop = 750.598
17:22:07.410 [main] INFO  GAAQClassifier - new_objects = 1
17:22:07.410 [main] INFO  GAAQClassifier - all_objects = 3
17:22:07.410 [main] INFO  GAAQClassifier - objects_with_missing_value_used = 3
17:22:13.468 [main] INFO  GAAQClassifier - Search was finished for  296683ms
17:22:13.468 [main] INFO  GAAQClassifier - bestfit = 0.0
17:22:20.432 [main] INFO  GAAQClassifier - Search was finished for  303647ms
17:22:20.433 [main] INFO  GAAQClassifier - bestfit = 250.447
17:22:25.864 [main] INFO  GAAQClassifier - Search was finished for  309079ms
17:22:25.865 [main] INFO  GAAQClassifier - bestfit = 0.0
17:22:31.464 [main] INFO  GAAQClassifier - Search was finished for  314679ms
17:22:31.464 [main] INFO  GAAQClassifier - bestfit = 750.427
17:22:37.640 [main] INFO  GAAQClassifier - Search was finished for  320855ms
17:22:37.641 [main] INFO  GAAQClassifier - bestfit = 750.468
17:22:37.641 [main] INFO  GAAQClassifier - BestPop = 750.468
17:22:37.641 [main] INFO  GAAQClassifier - new_objects = 1
17:22:37.641 [main] INFO  GAAQClassifier - all_objects = 3
17:22:37.641 [main] INFO  GAAQClassifier - objects_with_missing_value_used = 3
17:22:43.475 [main] INFO  GAAQClassifier - Search was finished for  326690ms
17:22:43.475 [main] INFO  GAAQClassifier - bestfit = 250.439
17:22:49.168 [main] INFO  GAAQClassifier - Search was finished for  332383ms
17:22:49.168 [main] INFO  GAAQClassifier - bestfit = 750.415
17:22:54.696 [main] INFO  GAAQClassifier - Search was finished for  337911ms
17:22:54.696 [main] INFO  GAAQClassifier - bestfit = 750.552
17:22:59.922 [main] INFO  GAAQClassifier - Search was finished for  343137ms
17:22:59.922 [main] INFO  GAAQClassifier - bestfit = 0.0
17:23:06.172 [main] INFO  GAAQClassifier - Search was finished for  349387ms
17:23:06.172 [main] INFO  GAAQClassifier - bestfit = 250.505
17:23:06.172 [main] INFO  GAAQClassifier - BestPop = 750.552
17:23:06.172 [main] INFO  GAAQClassifier - new_objects = 1
17:23:06.173 [main] INFO  GAAQClassifier - all_objects = 3
17:23:06.173 [main] INFO  GAAQClassifier - objects_with_missing_value_used = 3
17:23:11.719 [main] INFO  GAAQClassifier - Search was finished for  354934ms
17:23:11.719 [main] INFO  GAAQClassifier - bestfit = 0.0
17:23:17.235 [main] INFO  GAAQClassifier - Search was finished for  360450ms
17:23:17.235 [main] INFO  GAAQClassifier - bestfit = 250.408
17:23:23.479 [main] INFO  GAAQClassifier - Search was finished for  366694ms
17:23:23.479 [main] INFO  GAAQClassifier - bestfit = 0.0
17:23:29.352 [main] INFO  GAAQClassifier - Search was finished for  372567ms
17:23:29.352 [main] INFO  GAAQClassifier - bestfit = 750.427
17:23:35.269 [main] INFO  GAAQClassifier - Search was finished for  378484ms
17:23:35.269 [main] INFO  GAAQClassifier - bestfit = 500.485
17:23:35.269 [main] INFO  GAAQClassifier - BestPop = 750.427
17:23:35.270 [main] INFO  GAAQClassifier - new_objects = 1
17:23:35.270 [main] INFO  GAAQClassifier - all_objects = 3
17:23:35.270 [main] INFO  GAAQClassifier - objects_with_missing_value_used = 3
17:23:41.176 [main] INFO  GAAQClassifier - Search was finished for  384391ms
17:23:41.176 [main] INFO  GAAQClassifier - bestfit = 0.0
17:23:47.089 [main] INFO  GAAQClassifier - Search was finished for  390304ms
17:23:47.089 [main] INFO  GAAQClassifier - bestfit = 1000.421
17:23:53.478 [main] INFO  GAAQClassifier - Search was finished for  396693ms
17:23:53.478 [main] INFO  GAAQClassifier - bestfit = 0.0
17:23:59.403 [main] INFO  GAAQClassifier - Search was finished for  402618ms
17:23:59.403 [main] INFO  GAAQClassifier - bestfit = 0.0
17:24:05.401 [main] INFO  GAAQClassifier - Search was finished for  408616ms
17:24:05.401 [main] INFO  GAAQClassifier - bestfit = 0.0
17:24:05.401 [main] INFO  GAAQClassifier - BestPop = 1000.421
17:24:05.401 [main] INFO  GAAQClassifier - new_objects = 1
17:24:05.401 [main] INFO  GAAQClassifier - all_objects = 4
17:24:05.402 [main] INFO  GAAQClassifier - objects_with_missing_value_used = 4
17:24:11.255 [main] INFO  GAAQClassifier - Search was finished for  414470ms
17:24:11.255 [main] INFO  GAAQClassifier - bestfit = 0.0
17:24:16.629 [main] INFO  GAAQClassifier - Search was finished for  419844ms
17:24:16.629 [main] INFO  GAAQClassifier - bestfit = 0.0
17:24:23.623 [main] INFO  GAAQClassifier - Search was finished for  426838ms
17:24:23.623 [main] INFO  GAAQClassifier - bestfit = 0.0
17:24:30.273 [main] INFO  GAAQClassifier - Search was finished for  433488ms
17:24:30.273 [main] INFO  GAAQClassifier - bestfit = 0.0
17:24:35.699 [main] INFO  GAAQClassifier - Search was finished for  438914ms
17:24:35.699 [main] INFO  GAAQClassifier - bestfit = 0.0
17:24:35.699 [main] INFO  GAAQClassifier - BestPop = 0.0
17:24:35.699 [main] INFO  GAAQClassifier - Decision is not appropriate. Negative examples have been covered
17:24:41.366 [main] INFO  GAAQClassifier - Search was finished for  444581ms
17:24:41.367 [main] INFO  GAAQClassifier - bestfit = 0.0
17:24:46.861 [main] INFO  GAAQClassifier - Search was finished for  450075ms
17:24:46.861 [main] INFO  GAAQClassifier - bestfit = 750.495
17:24:53.079 [main] INFO  GAAQClassifier - Search was finished for  456294ms
17:24:53.079 [main] INFO  GAAQClassifier - bestfit = 0.0
17:25:00.041 [main] INFO  GAAQClassifier - Search was finished for  463256ms
17:25:00.042 [main] INFO  GAAQClassifier - bestfit = 1250.468
17:25:06.536 [main] INFO  GAAQClassifier - Search was finished for  469751ms
17:25:06.536 [main] INFO  GAAQClassifier - bestfit = 0.0
17:25:06.536 [main] INFO  GAAQClassifier - BestPop = 1250.468
17:25:06.537 [main] INFO  GAAQClassifier - new_objects = 1
17:25:06.537 [main] INFO  GAAQClassifier - all_objects = 5
17:25:06.537 [main] INFO  GAAQClassifier - objects_with_missing_value_used = 5
17:25:11.986 [main] INFO  GAAQClassifier - Search was finished for  475201ms
17:25:11.986 [main] INFO  GAAQClassifier - bestfit = 0.0
17:25:18.290 [main] INFO  GAAQClassifier - Search was finished for  481505ms
17:25:18.290 [main] INFO  GAAQClassifier - bestfit = 0.0
17:25:24.975 [main] INFO  GAAQClassifier - Search was finished for  488190ms
17:25:24.975 [main] INFO  GAAQClassifier - bestfit = 0.0
17:25:31.024 [main] INFO  GAAQClassifier - Search was finished for  494239ms
17:25:31.025 [main] INFO  GAAQClassifier - bestfit = 0.0
17:25:36.492 [main] INFO  GAAQClassifier - Search was finished for  499707ms
17:25:36.493 [main] INFO  GAAQClassifier - bestfit = 0.0
17:25:36.493 [main] INFO  GAAQClassifier - BestPop = 0.0
17:25:36.493 [main] INFO  GAAQClassifier - Decision is not appropriate. Negative examples have been covered
17:25:42.830 [main] INFO  GAAQClassifier - Search was finished for  506045ms
17:25:42.830 [main] INFO  GAAQClassifier - bestfit = 0.0
17:25:48.342 [main] INFO  GAAQClassifier - Search was finished for  511557ms
17:25:48.342 [main] INFO  GAAQClassifier - bestfit = 500.425
17:25:54.404 [main] INFO  GAAQClassifier - Search was finished for  517619ms
17:25:54.404 [main] INFO  GAAQClassifier - bestfit = 0.0
17:26:00.661 [main] INFO  GAAQClassifier - Search was finished for  523875ms
17:26:00.661 [main] INFO  GAAQClassifier - bestfit = 250.417
17:26:05.765 [main] INFO  GAAQClassifier - Search was finished for  528980ms
17:26:05.765 [main] INFO  GAAQClassifier - bestfit = 0.0
17:26:05.765 [main] INFO  GAAQClassifier - BestPop = 500.425
17:26:05.766 [main] INFO  GAAQClassifier - new_objects = 1
17:26:05.766 [main] INFO  GAAQClassifier - all_objects = 2
17:26:05.766 [main] INFO  GAAQClassifier - objects_with_missing_value_used = 2
17:26:11.562 [main] INFO  GAAQClassifier - Search was finished for  534776ms
17:26:11.562 [main] INFO  GAAQClassifier - bestfit = 0.0
17:26:17.967 [main] INFO  GAAQClassifier - Search was finished for  541182ms
17:26:17.967 [main] INFO  GAAQClassifier - bestfit = 1000.412
17:26:24.264 [main] INFO  GAAQClassifier - Search was finished for  547479ms
17:26:24.264 [main] INFO  GAAQClassifier - bestfit = 0.0
17:26:29.774 [main] INFO  GAAQClassifier - Search was finished for  552989ms
17:26:29.774 [main] INFO  GAAQClassifier - bestfit = 0.0
17:26:35.580 [main] INFO  GAAQClassifier - Search was finished for  558795ms
17:26:35.580 [main] INFO  GAAQClassifier - bestfit = 500.413
17:26:35.580 [main] INFO  GAAQClassifier - BestPop = 1000.412
17:26:35.581 [main] INFO  GAAQClassifier - new_objects = 1
17:26:35.581 [main] INFO  GAAQClassifier - all_objects = 4
17:26:35.581 [main] INFO  GAAQClassifier - objects_with_missing_value_used = 4
17:26:41.613 [main] INFO  GAAQClassifier - Search was finished for  564828ms
17:26:41.613 [main] INFO  GAAQClassifier - bestfit = 1000.486
17:26:46.661 [main] INFO  GAAQClassifier - Search was finished for  569876ms
17:26:46.662 [main] INFO  GAAQClassifier - bestfit = 0.0
17:26:52.716 [main] INFO  GAAQClassifier - Search was finished for  575931ms
17:26:52.717 [main] INFO  GAAQClassifier - bestfit = 750.483
17:26:58.708 [main] INFO  GAAQClassifier - Search was finished for  581923ms
17:26:58.709 [main] INFO  GAAQClassifier - bestfit = 0.0
17:27:04.949 [main] INFO  GAAQClassifier - Search was finished for  588164ms
17:27:04.949 [main] INFO  GAAQClassifier - bestfit = 0.0
17:27:04.949 [main] INFO  GAAQClassifier - BestPop = 1000.486
17:27:04.949 [main] INFO  GAAQClassifier - new_objects = 1
17:27:04.949 [main] INFO  GAAQClassifier - all_objects = 4
17:27:04.949 [main] INFO  GAAQClassifier - objects_with_missing_value_used = 4
17:27:11.600 [main] INFO  GAAQClassifier - Search was finished for  594815ms
17:27:11.601 [main] INFO  GAAQClassifier - bestfit = 0.0
17:27:17.880 [main] INFO  GAAQClassifier - Search was finished for  601095ms
17:27:17.880 [main] INFO  GAAQClassifier - bestfit = 0.0
17:27:23.315 [main] INFO  GAAQClassifier - Search was finished for  606530ms
17:27:23.315 [main] INFO  GAAQClassifier - bestfit = 0.0
17:27:29.308 [main] INFO  GAAQClassifier - Search was finished for  612523ms
17:27:29.308 [main] INFO  GAAQClassifier - bestfit = 0.0
17:27:35.512 [main] INFO  GAAQClassifier - Search was finished for  618727ms
17:27:35.512 [main] INFO  GAAQClassifier - bestfit = 750.421
17:27:35.513 [main] INFO  GAAQClassifier - BestPop = 750.421
17:27:35.513 [main] INFO  GAAQClassifier - new_objects = 1
17:27:35.513 [main] INFO  GAAQClassifier - all_objects = 3
17:27:35.513 [main] INFO  GAAQClassifier - objects_with_missing_value_used = 3
17:27:41.722 [main] INFO  GAAQClassifier - Search was finished for  624937ms
17:27:41.723 [main] INFO  GAAQClassifier - bestfit = 0.0
17:27:47.197 [main] INFO  GAAQClassifier - Search was finished for  630412ms
17:27:47.197 [main] INFO  GAAQClassifier - bestfit = 0.0
17:27:52.721 [main] INFO  GAAQClassifier - Search was finished for  635936ms
17:27:52.721 [main] INFO  GAAQClassifier - bestfit = 0.0
17:27:58.080 [main] INFO  GAAQClassifier - Search was finished for  641295ms
17:27:58.080 [main] INFO  GAAQClassifier - bestfit = 500.454
17:28:04.128 [main] INFO  GAAQClassifier - Search was finished for  647343ms
17:28:04.128 [main] INFO  GAAQClassifier - bestfit = 0.0
17:28:04.128 [main] INFO  GAAQClassifier - BestPop = 500.454
17:28:04.128 [main] INFO  GAAQClassifier - new_objects = 1
17:28:04.128 [main] INFO  GAAQClassifier - all_objects = 2
17:28:04.128 [main] INFO  GAAQClassifier - objects_with_missing_value_used = 2
17:28:10.456 [main] INFO  GAAQClassifier - Search was finished for  653671ms
17:28:10.456 [main] INFO  GAAQClassifier - bestfit = 0.0
17:28:16.508 [main] INFO  GAAQClassifier - Search was finished for  659723ms
17:28:16.508 [main] INFO  GAAQClassifier - bestfit = 0.0
17:28:22.355 [main] INFO  GAAQClassifier - Search was finished for  665570ms
17:28:22.355 [main] INFO  GAAQClassifier - bestfit = 0.0
17:28:27.872 [main] INFO  GAAQClassifier - Search was finished for  671087ms
17:28:27.873 [main] INFO  GAAQClassifier - bestfit = 0.0
17:28:34.685 [main] INFO  GAAQClassifier - Search was finished for  677900ms
17:28:34.685 [main] INFO  GAAQClassifier - bestfit = 0.0
17:28:34.685 [main] INFO  GAAQClassifier - BestPop = 0.0
17:28:34.685 [main] INFO  GAAQClassifier - Decision is not appropriate. Negative examples have been covered
17:28:39.948 [main] INFO  GAAQClassifier - Search was finished for  683163ms
17:28:39.948 [main] INFO  GAAQClassifier - bestfit = 0.0
17:28:46.093 [main] INFO  GAAQClassifier - Search was finished for  689307ms
17:28:46.093 [main] INFO  GAAQClassifier - bestfit = 0.0
17:28:52.632 [main] INFO  GAAQClassifier - Search was finished for  695847ms
17:28:52.633 [main] INFO  GAAQClassifier - bestfit = 1000.421
17:28:57.892 [main] INFO  GAAQClassifier - Search was finished for  701106ms
17:28:57.892 [main] INFO  GAAQClassifier - bestfit = 0.0
17:29:03.862 [main] INFO  GAAQClassifier - Search was finished for  707077ms
17:29:03.863 [main] INFO  GAAQClassifier - bestfit = 0.0
17:29:03.863 [main] INFO  GAAQClassifier - BestPop = 1000.421
17:29:03.863 [main] INFO  GAAQClassifier - new_objects = 1
17:29:03.863 [main] INFO  GAAQClassifier - all_objects = 4
17:29:03.863 [main] INFO  GAAQClassifier - objects_with_missing_value_used = 4
17:29:09.683 [main] INFO  GAAQClassifier - Search was finished for  712897ms
17:29:09.683 [main] INFO  GAAQClassifier - bestfit = 0.0
17:29:14.948 [main] INFO  GAAQClassifier - Search was finished for  718163ms
17:29:14.948 [main] INFO  GAAQClassifier - bestfit = 0.0
17:29:20.446 [main] INFO  GAAQClassifier - Search was finished for  723661ms
17:29:20.446 [main] INFO  GAAQClassifier - bestfit = 0.0
17:29:25.801 [main] INFO  GAAQClassifier - Search was finished for  729016ms
17:29:25.801 [main] INFO  GAAQClassifier - bestfit = 0.0
17:29:31.328 [main] INFO  GAAQClassifier - Search was finished for  734543ms
17:29:31.329 [main] INFO  GAAQClassifier - bestfit = 0.0
17:29:31.329 [main] INFO  GAAQClassifier - BestPop = 0.0
17:29:31.329 [main] INFO  GAAQClassifier - Decision is not appropriate. Negative examples have been covered
17:29:37.216 [main] INFO  GAAQClassifier - Search was finished for  740431ms
17:29:37.216 [main] INFO  GAAQClassifier - bestfit = 0.0
17:29:42.499 [main] INFO  GAAQClassifier - Search was finished for  745714ms
17:29:42.500 [main] INFO  GAAQClassifier - bestfit = 0.0
17:29:49.027 [main] INFO  GAAQClassifier - Search was finished for  752242ms
17:29:49.027 [main] INFO  GAAQClassifier - bestfit = 0.0
17:29:55.183 [main] INFO  GAAQClassifier - Search was finished for  758398ms
17:29:55.184 [main] INFO  GAAQClassifier - bestfit = 0.0
17:30:01.422 [main] INFO  GAAQClassifier - Search was finished for  764637ms
17:30:01.422 [main] INFO  GAAQClassifier - bestfit = 0.0
17:30:01.422 [main] INFO  GAAQClassifier - BestPop = 0.0
17:30:01.422 [main] INFO  GAAQClassifier - Decision is not appropriate. Negative examples have been covered
17:30:06.555 [main] INFO  GAAQClassifier - Search was finished for  769770ms
17:30:06.555 [main] INFO  GAAQClassifier - bestfit = 0.0
17:30:12.256 [main] INFO  GAAQClassifier - Search was finished for  775471ms
17:30:12.257 [main] INFO  GAAQClassifier - bestfit = 500.44
17:30:17.758 [main] INFO  GAAQClassifier - Search was finished for  780973ms
17:30:17.759 [main] INFO  GAAQClassifier - bestfit = 0.0
17:30:23.305 [main] INFO  GAAQClassifier - Search was finished for  786520ms
17:30:23.306 [main] INFO  GAAQClassifier - bestfit = 0.0
17:30:29.801 [main] INFO  GAAQClassifier - Search was finished for  793016ms
17:30:29.801 [main] INFO  GAAQClassifier - bestfit = 0.0
17:30:29.801 [main] INFO  GAAQClassifier - BestPop = 500.44
17:30:29.801 [main] INFO  GAAQClassifier - new_objects = 1
17:30:29.801 [main] INFO  GAAQClassifier - all_objects = 2
17:30:29.801 [main] INFO  GAAQClassifier - objects_with_missing_value_used = 2
17:30:35.776 [main] INFO  GAAQClassifier - Search was finished for  798991ms
17:30:35.776 [main] INFO  GAAQClassifier - bestfit = 0.0
17:30:41.230 [main] INFO  GAAQClassifier - Search was finished for  804445ms
17:30:41.230 [main] INFO  GAAQClassifier - bestfit = 0.0
17:30:46.969 [main] INFO  GAAQClassifier - Search was finished for  810184ms
17:30:46.969 [main] INFO  GAAQClassifier - bestfit = 0.0
17:30:52.966 [main] INFO  GAAQClassifier - Search was finished for  816181ms
17:30:52.966 [main] INFO  GAAQClassifier - bestfit = 0.0
17:30:58.928 [main] INFO  GAAQClassifier - Search was finished for  822142ms
17:30:58.928 [main] INFO  GAAQClassifier - bestfit = 0.0
17:30:58.928 [main] INFO  GAAQClassifier - BestPop = 0.0
17:30:58.928 [main] INFO  GAAQClassifier - Decision is not appropriate. Negative examples have been covered
17:31:04.735 [main] INFO  GAAQClassifier - Search was finished for  827950ms
17:31:04.736 [main] INFO  GAAQClassifier - bestfit = 0.0
17:31:10.240 [main] INFO  GAAQClassifier - Search was finished for  833455ms
17:31:10.240 [main] INFO  GAAQClassifier - bestfit = 0.0
17:31:15.686 [main] INFO  GAAQClassifier - Search was finished for  838901ms
17:31:15.686 [main] INFO  GAAQClassifier - bestfit = 0.0
17:31:22.223 [main] INFO  GAAQClassifier - Search was finished for  845438ms
17:31:22.223 [main] INFO  GAAQClassifier - bestfit = 0.0
17:31:27.119 [main] INFO  GAAQClassifier - Search was finished for  850334ms
17:31:27.119 [main] INFO  GAAQClassifier - bestfit = 0.0
17:31:27.119 [main] INFO  GAAQClassifier - BestPop = 0.0
17:31:27.119 [main] INFO  GAAQClassifier - Decision is not appropriate. Negative examples have been covered
17:31:33.667 [main] INFO  GAAQClassifier - Search was finished for  856882ms
17:31:33.667 [main] INFO  GAAQClassifier - bestfit = 0.0
17:31:39.299 [main] INFO  GAAQClassifier - Search was finished for  862514ms
17:31:39.299 [main] INFO  GAAQClassifier - bestfit = 0.0
17:31:44.590 [main] INFO  GAAQClassifier - Search was finished for  867805ms
17:31:44.590 [main] INFO  GAAQClassifier - bestfit = 0.0
17:31:50.269 [main] INFO  GAAQClassifier - Search was finished for  873484ms
17:31:50.270 [main] INFO  GAAQClassifier - bestfit = 0.0
17:31:55.884 [main] INFO  GAAQClassifier - Search was finished for  879099ms
17:31:55.884 [main] INFO  GAAQClassifier - bestfit = 0.0
17:31:55.884 [main] INFO  GAAQClassifier - BestPop = 0.0
17:31:55.884 [main] INFO  GAAQClassifier - Decision is not appropriate. Negative examples have been covered
17:32:02.037 [main] INFO  GAAQClassifier - Search was finished for  885252ms
17:32:02.037 [main] INFO  GAAQClassifier - bestfit = 0.0
17:32:07.340 [main] INFO  GAAQClassifier - Search was finished for  890555ms
17:32:07.341 [main] INFO  GAAQClassifier - bestfit = 0.0
17:32:13.842 [main] INFO  GAAQClassifier - Search was finished for  897057ms
17:32:13.843 [main] INFO  GAAQClassifier - bestfit = 0.0
17:32:20.137 [main] INFO  GAAQClassifier - Search was finished for  903352ms
17:32:20.137 [main] INFO  GAAQClassifier - bestfit = 0.0
17:32:25.808 [main] INFO  GAAQClassifier - Search was finished for  909023ms
17:32:25.808 [main] INFO  GAAQClassifier - bestfit = 0.0
17:32:25.808 [main] INFO  GAAQClassifier - BestPop = 0.0
17:32:25.808 [main] INFO  GAAQClassifier - Decision is not appropriate. Negative examples have been covered
17:32:31.687 [main] INFO  GAAQClassifier - Search was finished for  914902ms
17:32:31.688 [main] INFO  GAAQClassifier - bestfit = 0.0
17:32:38.275 [main] INFO  GAAQClassifier - Search was finished for  921490ms
17:32:38.276 [main] INFO  GAAQClassifier - bestfit = 0.0
17:32:43.782 [main] INFO  GAAQClassifier - Search was finished for  926997ms
17:32:43.782 [main] INFO  GAAQClassifier - bestfit = 0.0
17:32:50.499 [main] INFO  GAAQClassifier - Search was finished for  933714ms
17:32:50.499 [main] INFO  GAAQClassifier - bestfit = 0.0
17:32:56.891 [main] INFO  GAAQClassifier - Search was finished for  940106ms
17:32:56.891 [main] INFO  GAAQClassifier - bestfit = 0.0
17:32:56.891 [main] INFO  GAAQClassifier - BestPop = 0.0
17:32:56.891 [main] INFO  GAAQClassifier - Decision is not appropriate. Negative examples have been covered
17:33:03.197 [main] INFO  GAAQClassifier - Search was finished for  946412ms
17:33:03.197 [main] INFO  GAAQClassifier - bestfit = 0.0
17:33:09.431 [main] INFO  GAAQClassifier - Search was finished for  952646ms
17:33:09.431 [main] INFO  GAAQClassifier - bestfit = 0.0
17:33:15.582 [main] INFO  GAAQClassifier - Search was finished for  958797ms
17:33:15.582 [main] INFO  GAAQClassifier - bestfit = 0.0
17:33:20.994 [main] INFO  GAAQClassifier - Search was finished for  964209ms
17:33:20.994 [main] INFO  GAAQClassifier - bestfit = 0.0
17:33:26.655 [main] INFO  GAAQClassifier - Search was finished for  969870ms
17:33:26.655 [main] INFO  GAAQClassifier - bestfit = 0.0
17:33:26.655 [main] INFO  GAAQClassifier - BestPop = 0.0
17:33:26.655 [main] INFO  GAAQClassifier - Decision is not appropriate. Negative examples have been covered
17:33:32.950 [main] INFO  GAAQClassifier - Search was finished for  976165ms
17:33:32.950 [main] INFO  GAAQClassifier - bestfit = 0.0
17:33:38.471 [main] INFO  GAAQClassifier - Search was finished for  981686ms
17:33:38.471 [main] INFO  GAAQClassifier - bestfit = 0.0
17:33:43.990 [main] INFO  GAAQClassifier - Search was finished for  987205ms
17:33:43.990 [main] INFO  GAAQClassifier - bestfit = 0.0
17:33:49.473 [main] INFO  GAAQClassifier - Search was finished for  992688ms
17:33:49.474 [main] INFO  GAAQClassifier - bestfit = 0.0
17:33:54.753 [main] INFO  GAAQClassifier - Search was finished for  997968ms
17:33:54.753 [main] INFO  GAAQClassifier - bestfit = 0.0
17:33:54.753 [main] INFO  GAAQClassifier - BestPop = 0.0
17:33:54.753 [main] INFO  GAAQClassifier - Decision is not appropriate. Negative examples have been covered
17:34:00.351 [main] INFO  GAAQClassifier - Search was finished for  1003566ms
17:34:00.352 [main] INFO  GAAQClassifier - bestfit = 0.0
17:34:06.062 [main] INFO  GAAQClassifier - Search was finished for  1009277ms
17:34:06.062 [main] INFO  GAAQClassifier - bestfit = 0.0
17:34:11.368 [main] INFO  GAAQClassifier - Search was finished for  1014583ms
17:34:11.368 [main] INFO  GAAQClassifier - bestfit = 0.0
17:34:16.968 [main] INFO  GAAQClassifier - Search was finished for  1020183ms
17:34:16.968 [main] INFO  GAAQClassifier - bestfit = 0.0
17:34:23.078 [main] INFO  GAAQClassifier - Search was finished for  1026292ms
17:34:23.078 [main] INFO  GAAQClassifier - bestfit = 0.0
17:34:23.078 [main] INFO  GAAQClassifier - BestPop = 0.0
17:34:23.078 [main] INFO  GAAQClassifier - Decision is not appropriate. Negative examples have been covered
17:34:29.302 [main] INFO  GAAQClassifier - Search was finished for  1032517ms
17:34:29.302 [main] INFO  GAAQClassifier - bestfit = 0.0
17:34:36.236 [main] INFO  GAAQClassifier - Search was finished for  1039451ms
17:34:36.236 [main] INFO  GAAQClassifier - bestfit = 0.0
17:34:43.130 [main] INFO  GAAQClassifier - Search was finished for  1046345ms
17:34:43.131 [main] INFO  GAAQClassifier - bestfit = 0.0
17:34:48.389 [main] INFO  GAAQClassifier - Search was finished for  1051604ms
17:34:48.389 [main] INFO  GAAQClassifier - bestfit = 0.0
17:34:54.155 [main] INFO  GAAQClassifier - Search was finished for  1057369ms
17:34:54.155 [main] INFO  GAAQClassifier - bestfit = 0.0
17:34:54.155 [main] INFO  GAAQClassifier - BestPop = 0.0
17:34:54.155 [main] INFO  GAAQClassifier - Decision is not appropriate. Negative examples have been covered
17:35:00.646 [main] INFO  GAAQClassifier - Search was finished for  1063861ms
17:35:00.646 [main] INFO  GAAQClassifier - bestfit = 0.0
17:35:06.667 [main] INFO  GAAQClassifier - Search was finished for  1069882ms
17:35:06.668 [main] INFO  GAAQClassifier - bestfit = 0.0
17:35:13.103 [main] INFO  GAAQClassifier - Search was finished for  1076318ms
17:35:13.103 [main] INFO  GAAQClassifier - bestfit = 500.525
17:35:19.231 [main] INFO  GAAQClassifier - Search was finished for  1082446ms
17:35:19.231 [main] INFO  GAAQClassifier - bestfit = 0.0
17:35:25.114 [main] INFO  GAAQClassifier - Search was finished for  1088329ms
17:35:25.114 [main] INFO  GAAQClassifier - bestfit = 0.0
17:35:25.114 [main] INFO  GAAQClassifier - BestPop = 500.525
17:35:25.114 [main] INFO  GAAQClassifier - new_objects = 1
17:35:25.114 [main] INFO  GAAQClassifier - all_objects = 2
17:35:25.114 [main] INFO  GAAQClassifier - objects_with_missing_value_used = 2
17:35:31.251 [main] INFO  GAAQClassifier - Search was finished for  1094466ms
17:35:31.251 [main] INFO  GAAQClassifier - bestfit = 0.0
17:35:36.615 [main] INFO  GAAQClassifier - Search was finished for  1099830ms
17:35:36.616 [main] INFO  GAAQClassifier - bestfit = 0.0
17:35:42.492 [main] INFO  GAAQClassifier - Search was finished for  1105707ms
17:35:42.493 [main] INFO  GAAQClassifier - bestfit = 0.0
17:35:47.849 [main] INFO  GAAQClassifier - Search was finished for  1111064ms
17:35:47.849 [main] INFO  GAAQClassifier - bestfit = 0.0
17:35:53.572 [main] INFO  GAAQClassifier - Search was finished for  1116787ms
17:35:53.572 [main] INFO  GAAQClassifier - bestfit = 0.0
17:35:53.572 [main] INFO  GAAQClassifier - BestPop = 0.0
17:35:53.572 [main] INFO  GAAQClassifier - Decision is not appropriate. Negative examples have been covered
17:36:00.048 [main] INFO  GAAQClassifier - Search was finished for  1123263ms
17:36:00.048 [main] INFO  GAAQClassifier - bestfit = 0.0
17:36:06.607 [main] INFO  GAAQClassifier - Search was finished for  1129822ms
17:36:06.607 [main] INFO  GAAQClassifier - bestfit = 0.0
17:36:12.125 [main] INFO  GAAQClassifier - Search was finished for  1135340ms
17:36:12.125 [main] INFO  GAAQClassifier - bestfit = 0.0
17:36:18.092 [main] INFO  GAAQClassifier - Search was finished for  1141307ms
17:36:18.092 [main] INFO  GAAQClassifier - bestfit = 0.0
17:36:24.620 [main] INFO  GAAQClassifier - Search was finished for  1147835ms
17:36:24.620 [main] INFO  GAAQClassifier - bestfit = 0.0
17:36:24.620 [main] INFO  GAAQClassifier - BestPop = 0.0
17:36:24.620 [main] INFO  GAAQClassifier - Decision is not appropriate. Negative examples have been covered
17:36:31.276 [main] INFO  GAAQClassifier - Search was finished for  1154491ms
17:36:31.276 [main] INFO  GAAQClassifier - bestfit = 0.0
17:36:38.237 [main] INFO  GAAQClassifier - Search was finished for  1161452ms
17:36:38.237 [main] INFO  GAAQClassifier - bestfit = 0.0
17:36:44.552 [main] INFO  GAAQClassifier - Search was finished for  1167767ms
17:36:44.552 [main] INFO  GAAQClassifier - bestfit = 0.0
17:36:50.529 [main] INFO  GAAQClassifier - Search was finished for  1173744ms
17:36:50.529 [main] INFO  GAAQClassifier - bestfit = 0.0
17:36:56.715 [main] INFO  GAAQClassifier - Search was finished for  1179930ms
17:36:56.715 [main] INFO  GAAQClassifier - bestfit = 0.0
17:36:56.715 [main] INFO  GAAQClassifier - BestPop = 0.0
17:36:56.715 [main] INFO  GAAQClassifier - Decision is not appropriate. Negative examples have been covered
17:37:02.248 [main] INFO  GAAQClassifier - Search was finished for  1185463ms
17:37:02.248 [main] INFO  GAAQClassifier - bestfit = 0.0
17:37:07.689 [main] INFO  GAAQClassifier - Search was finished for  1190904ms
17:37:07.690 [main] INFO  GAAQClassifier - bestfit = 0.0
17:37:13.477 [main] INFO  GAAQClassifier - Search was finished for  1196692ms
17:37:13.477 [main] INFO  GAAQClassifier - bestfit = 0.0
17:37:19.008 [main] INFO  GAAQClassifier - Search was finished for  1202223ms
17:37:19.008 [main] INFO  GAAQClassifier - bestfit = 0.0
17:37:24.732 [main] INFO  GAAQClassifier - Search was finished for  1207947ms
17:37:24.732 [main] INFO  GAAQClassifier - bestfit = 0.0
17:37:24.732 [main] INFO  GAAQClassifier - BestPop = 0.0
17:37:24.732 [main] INFO  GAAQClassifier - Decision is not appropriate. Negative examples have been covered
17:37:29.972 [main] INFO  GAAQClassifier - Search was finished for  1213187ms
17:37:29.973 [main] INFO  GAAQClassifier - bestfit = 0.0
17:37:36.928 [main] INFO  GAAQClassifier - Search was finished for  1220143ms
17:37:36.929 [main] INFO  GAAQClassifier - bestfit = 0.0
17:37:42.872 [main] INFO  GAAQClassifier - Search was finished for  1226087ms
17:37:42.873 [main] INFO  GAAQClassifier - bestfit = 0.0
17:37:48.655 [main] INFO  GAAQClassifier - Search was finished for  1231870ms
17:37:48.655 [main] INFO  GAAQClassifier - bestfit = 0.0
17:37:54.781 [main] INFO  GAAQClassifier - Search was finished for  1237996ms
17:37:54.782 [main] INFO  GAAQClassifier - bestfit = 0.0
17:37:54.782 [main] INFO  GAAQClassifier - BestPop = 0.0
17:37:54.782 [main] INFO  GAAQClassifier - Decision is not appropriate. Negative examples have been covered
17:38:00.728 [main] INFO  GAAQClassifier - Search was finished for  1243943ms
17:38:00.728 [main] INFO  GAAQClassifier - bestfit = 0.0
17:38:06.980 [main] INFO  GAAQClassifier - Search was finished for  1250195ms
17:38:06.981 [main] INFO  GAAQClassifier - bestfit = 0.0
17:38:12.436 [main] INFO  GAAQClassifier - Search was finished for  1255650ms
17:38:12.436 [main] INFO  GAAQClassifier - bestfit = 0.0
17:38:17.973 [main] INFO  GAAQClassifier - Search was finished for  1261188ms
17:38:17.973 [main] INFO  GAAQClassifier - bestfit = 0.0
17:38:23.759 [main] INFO  GAAQClassifier - Search was finished for  1266974ms
17:38:23.759 [main] INFO  GAAQClassifier - bestfit = 0.0
17:38:23.759 [main] INFO  GAAQClassifier - BestPop = 0.0
17:38:23.759 [main] INFO  GAAQClassifier - Decision is not appropriate. Negative examples have been covered
17:38:29.101 [main] INFO  GAAQClassifier - Search was finished for  1272316ms
17:38:29.101 [main] INFO  GAAQClassifier - bestfit = 0.0
17:38:34.327 [main] INFO  GAAQClassifier - Search was finished for  1277542ms
17:38:34.328 [main] INFO  GAAQClassifier - bestfit = 0.0
17:38:40.497 [main] INFO  GAAQClassifier - Search was finished for  1283712ms
17:38:40.497 [main] INFO  GAAQClassifier - bestfit = 0.0
17:38:45.546 [main] INFO  GAAQClassifier - Search was finished for  1288761ms
17:38:45.546 [main] INFO  GAAQClassifier - bestfit = 0.0
17:38:51.063 [main] INFO  GAAQClassifier - Search was finished for  1294278ms
17:38:51.063 [main] INFO  GAAQClassifier - bestfit = 0.0
17:38:51.063 [main] INFO  GAAQClassifier - BestPop = 0.0
17:38:51.063 [main] INFO  GAAQClassifier - Decision is not appropriate. Negative examples have been covered
17:38:57.122 [main] INFO  GAAQClassifier - Search was finished for  1300337ms
17:38:57.122 [main] INFO  GAAQClassifier - bestfit = 0.0
17:39:03.638 [main] INFO  GAAQClassifier - Search was finished for  1306853ms
17:39:03.639 [main] INFO  GAAQClassifier - bestfit = 0.0
17:39:09.213 [main] INFO  GAAQClassifier - Search was finished for  1312428ms
17:39:09.213 [main] INFO  GAAQClassifier - bestfit = 0.0
17:39:14.748 [main] INFO  GAAQClassifier - Search was finished for  1317963ms
17:39:14.748 [main] INFO  GAAQClassifier - bestfit = 0.0
17:39:19.942 [main] INFO  GAAQClassifier - Search was finished for  1323157ms
17:39:19.943 [main] INFO  GAAQClassifier - bestfit = 0.0
17:39:19.943 [main] INFO  GAAQClassifier - BestPop = 0.0
17:39:19.943 [main] INFO  GAAQClassifier - Decision is not appropriate. Negative examples have been covered
17:39:25.168 [main] INFO  GAAQClassifier - Search was finished for  1328383ms
17:39:25.168 [main] INFO  GAAQClassifier - bestfit = 0.0
17:39:30.278 [main] INFO  GAAQClassifier - Search was finished for  1333493ms
17:39:30.278 [main] INFO  GAAQClassifier - bestfit = 0.0
17:39:36.378 [main] INFO  GAAQClassifier - Search was finished for  1339593ms
17:39:36.378 [main] INFO  GAAQClassifier - bestfit = 0.0
17:39:41.808 [main] INFO  GAAQClassifier - Search was finished for  1345023ms
17:39:41.808 [main] INFO  GAAQClassifier - bestfit = 0.0
17:39:47.609 [main] INFO  GAAQClassifier - Search was finished for  1350824ms
17:39:47.609 [main] INFO  GAAQClassifier - bestfit = 0.0
17:39:47.609 [main] INFO  GAAQClassifier - BestPop = 0.0
17:39:47.609 [main] INFO  GAAQClassifier - Decision is not appropriate. Negative examples have been covered
17:39:53.281 [main] INFO  GAAQClassifier - Search was finished for  1356496ms
17:39:53.281 [main] INFO  GAAQClassifier - bestfit = 0.0
17:39:58.748 [main] INFO  GAAQClassifier - Search was finished for  1361963ms
17:39:58.748 [main] INFO  GAAQClassifier - bestfit = 0.0
17:40:04.179 [main] INFO  GAAQClassifier - Search was finished for  1367394ms
17:40:04.179 [main] INFO  GAAQClassifier - bestfit = 0.0
17:40:09.680 [main] INFO  GAAQClassifier - Search was finished for  1372895ms
17:40:09.680 [main] INFO  GAAQClassifier - bestfit = 0.0
17:40:15.888 [main] INFO  GAAQClassifier - Search was finished for  1379103ms
17:40:15.888 [main] INFO  GAAQClassifier - bestfit = 0.0
17:40:15.888 [main] INFO  GAAQClassifier - BestPop = 0.0
17:40:15.888 [main] INFO  GAAQClassifier - Decision is not appropriate. Negative examples have been covered
17:40:22.012 [main] INFO  GAAQClassifier - Search was finished for  1385227ms
17:40:22.013 [main] INFO  GAAQClassifier - bestfit = 0.0
17:40:27.584 [main] INFO  GAAQClassifier - Search was finished for  1390799ms
17:40:27.585 [main] INFO  GAAQClassifier - bestfit = 0.0
17:40:32.969 [main] INFO  GAAQClassifier - Search was finished for  1396184ms
17:40:32.970 [main] INFO  GAAQClassifier - bestfit = 0.0
17:40:38.408 [main] INFO  GAAQClassifier - Search was finished for  1401623ms
17:40:38.408 [main] INFO  GAAQClassifier - bestfit = 0.0
17:40:44.941 [main] INFO  GAAQClassifier - Search was finished for  1408156ms
17:40:44.941 [main] INFO  GAAQClassifier - bestfit = 0.0
17:40:44.941 [main] INFO  GAAQClassifier - BestPop = 0.0
17:40:44.942 [main] INFO  GAAQClassifier - Decision is not appropriate. Negative examples have been covered
17:40:51.320 [main] INFO  GAAQClassifier - Search was finished for  1414535ms
17:40:51.320 [main] INFO  GAAQClassifier - bestfit = 0.0
17:40:58.006 [main] INFO  GAAQClassifier - Search was finished for  1421221ms
17:40:58.007 [main] INFO  GAAQClassifier - bestfit = 0.0
17:41:03.443 [main] INFO  GAAQClassifier - Search was finished for  1426658ms
17:41:03.443 [main] INFO  GAAQClassifier - bestfit = 0.0
17:41:09.782 [main] INFO  GAAQClassifier - Search was finished for  1432997ms
17:41:09.783 [main] INFO  GAAQClassifier - bestfit = 0.0
17:41:15.207 [main] INFO  GAAQClassifier - Search was finished for  1438422ms
17:41:15.208 [main] INFO  GAAQClassifier - bestfit = 0.0
17:41:15.208 [main] INFO  GAAQClassifier - BestPop = 0.0
17:41:15.208 [main] INFO  GAAQClassifier - Decision is not appropriate. Negative examples have been covered
17:41:21.404 [main] INFO  GAAQClassifier - Search was finished for  1444619ms
17:41:21.404 [main] INFO  GAAQClassifier - bestfit = 0.0
17:41:27.846 [main] INFO  GAAQClassifier - Search was finished for  1451061ms
17:41:27.846 [main] INFO  GAAQClassifier - bestfit = 0.0
17:41:33.469 [main] INFO  GAAQClassifier - Search was finished for  1456684ms
17:41:33.469 [main] INFO  GAAQClassifier - bestfit = 0.0
17:41:40.645 [main] INFO  GAAQClassifier - Search was finished for  1463860ms
17:41:40.645 [main] INFO  GAAQClassifier - bestfit = 0.0
17:41:46.534 [main] INFO  GAAQClassifier - Search was finished for  1469749ms
17:41:46.535 [main] INFO  GAAQClassifier - bestfit = 0.0
17:41:46.535 [main] INFO  GAAQClassifier - BestPop = 0.0
17:41:46.535 [main] INFO  GAAQClassifier - Decision is not appropriate. Negative examples have been covered
17:41:52.304 [main] INFO  GAAQClassifier - Search was finished for  1475519ms
17:41:52.304 [main] INFO  GAAQClassifier - bestfit = 0.0
17:41:57.994 [main] INFO  GAAQClassifier - Search was finished for  1481209ms
17:41:57.994 [main] INFO  GAAQClassifier - bestfit = 0.0
17:42:03.461 [main] INFO  GAAQClassifier - Search was finished for  1486676ms
17:42:03.461 [main] INFO  GAAQClassifier - bestfit = 0.0
17:42:09.659 [main] INFO  GAAQClassifier - Search was finished for  1492874ms
17:42:09.659 [main] INFO  GAAQClassifier - bestfit = 0.0
17:42:15.982 [main] INFO  GAAQClassifier - Search was finished for  1499197ms
17:42:15.982 [main] INFO  GAAQClassifier - bestfit = 0.0
17:42:15.982 [main] INFO  GAAQClassifier - BestPop = 0.0
17:42:15.982 [main] INFO  GAAQClassifier - Decision is not appropriate. Negative examples have been covered
17:42:22.137 [main] INFO  GAAQClassifier - Search was finished for  1505352ms
17:42:22.137 [main] INFO  GAAQClassifier - bestfit = 0.0
17:42:28.971 [main] INFO  GAAQClassifier - Search was finished for  1512186ms
17:42:28.971 [main] INFO  GAAQClassifier - bestfit = 0.0
17:42:35.990 [main] INFO  GAAQClassifier - Search was finished for  1519205ms
17:42:35.990 [main] INFO  GAAQClassifier - bestfit = 0.0
17:42:42.296 [main] INFO  GAAQClassifier - Search was finished for  1525511ms
17:42:42.296 [main] INFO  GAAQClassifier - bestfit = 0.0
17:42:47.860 [main] INFO  GAAQClassifier - Search was finished for  1531075ms
17:42:47.861 [main] INFO  GAAQClassifier - bestfit = 0.0
17:42:47.861 [main] INFO  GAAQClassifier - BestPop = 0.0
17:42:47.861 [main] INFO  GAAQClassifier - Decision is not appropriate. Negative examples have been covered
17:42:54.327 [main] INFO  GAAQClassifier - Search was finished for  1537542ms
17:42:54.327 [main] INFO  GAAQClassifier - bestfit = 0.0
17:43:00.259 [main] INFO  GAAQClassifier - Search was finished for  1543474ms
17:43:00.259 [main] INFO  GAAQClassifier - bestfit = 0.0
17:43:06.830 [main] INFO  GAAQClassifier - Search was finished for  1550045ms
17:43:06.830 [main] INFO  GAAQClassifier - bestfit = 0.0
17:43:13.061 [main] INFO  GAAQClassifier - Search was finished for  1556276ms
17:43:13.061 [main] INFO  GAAQClassifier - bestfit = 0.0
17:43:20.156 [main] INFO  GAAQClassifier - Search was finished for  1563371ms
17:43:20.156 [main] INFO  GAAQClassifier - bestfit = 0.0
17:43:20.156 [main] INFO  GAAQClassifier - BestPop = 0.0
17:43:20.156 [main] INFO  GAAQClassifier - Decision is not appropriate. Negative examples have been covered
17:43:26.412 [main] INFO  GAAQClassifier - Search was finished for  1569627ms
17:43:26.413 [main] INFO  GAAQClassifier - bestfit = 0.0
17:43:32.860 [main] INFO  GAAQClassifier - Search was finished for  1576074ms
17:43:32.860 [main] INFO  GAAQClassifier - bestfit = 0.0
17:43:39.506 [main] INFO  GAAQClassifier - Search was finished for  1582721ms
17:43:39.506 [main] INFO  GAAQClassifier - bestfit = 0.0
17:43:46.129 [main] INFO  GAAQClassifier - Search was finished for  1589344ms
17:43:46.129 [main] INFO  GAAQClassifier - bestfit = 0.0
17:43:52.329 [main] INFO  GAAQClassifier - Search was finished for  1595544ms
17:43:52.329 [main] INFO  GAAQClassifier - bestfit = 0.0
17:43:52.329 [main] INFO  GAAQClassifier - BestPop = 0.0
17:43:52.329 [main] INFO  GAAQClassifier - Decision is not appropriate. Negative examples have been covered
17:43:57.959 [main] INFO  GAAQClassifier - Search was finished for  1601174ms
17:43:57.959 [main] INFO  GAAQClassifier - bestfit = 0.0
17:44:04.687 [main] INFO  GAAQClassifier - Search was finished for  1607902ms
17:44:04.687 [main] INFO  GAAQClassifier - bestfit = 0.0
17:44:10.224 [main] INFO  GAAQClassifier - Search was finished for  1613439ms
17:44:10.225 [main] INFO  GAAQClassifier - bestfit = 0.0
17:44:16.527 [main] INFO  GAAQClassifier - Search was finished for  1619742ms
17:44:16.527 [main] INFO  GAAQClassifier - bestfit = 0.0
17:44:23.197 [main] INFO  GAAQClassifier - Search was finished for  1626412ms
17:44:23.197 [main] INFO  GAAQClassifier - bestfit = 0.0
17:44:23.197 [main] INFO  GAAQClassifier - BestPop = 0.0
17:44:23.197 [main] INFO  GAAQClassifier - Decision is not appropriate. Negative examples have been covered
17:44:29.751 [main] INFO  GAAQClassifier - Search was finished for  1632966ms
17:44:29.751 [main] INFO  GAAQClassifier - bestfit = 0.0
17:44:36.302 [main] INFO  GAAQClassifier - Search was finished for  1639517ms
17:44:36.303 [main] INFO  GAAQClassifier - bestfit = 0.0
17:44:42.732 [main] INFO  GAAQClassifier - Search was finished for  1645947ms
17:44:42.732 [main] INFO  GAAQClassifier - bestfit = 0.0
17:44:48.568 [main] INFO  GAAQClassifier - Search was finished for  1651783ms
17:44:48.569 [main] INFO  GAAQClassifier - bestfit = 0.0
17:44:54.840 [main] INFO  GAAQClassifier - Search was finished for  1658055ms
17:44:54.840 [main] INFO  GAAQClassifier - bestfit = 0.0
17:44:54.841 [main] INFO  GAAQClassifier - BestPop = 0.0
17:44:54.841 [main] INFO  GAAQClassifier - Decision is not appropriate. Negative examples have been covered
17:45:00.662 [main] INFO  GAAQClassifier - Search was finished for  1663877ms
17:45:00.663 [main] INFO  GAAQClassifier - bestfit = 0.0
17:45:07.293 [main] INFO  GAAQClassifier - Search was finished for  1670508ms
17:45:07.293 [main] INFO  GAAQClassifier - bestfit = 0.0
17:45:12.801 [main] INFO  GAAQClassifier - Search was finished for  1676016ms
17:45:12.801 [main] INFO  GAAQClassifier - bestfit = 0.0
17:45:18.584 [main] INFO  GAAQClassifier - Search was finished for  1681799ms
17:45:18.584 [main] INFO  GAAQClassifier - bestfit = 0.0
17:45:25.278 [main] INFO  GAAQClassifier - Search was finished for  1688493ms
17:45:25.278 [main] INFO  GAAQClassifier - bestfit = 0.0
17:45:25.278 [main] INFO  GAAQClassifier - BestPop = 0.0
17:45:25.278 [main] INFO  GAAQClassifier - Decision is not appropriate. Negative examples have been covered
17:45:31.090 [main] INFO  GAAQClassifier - Search was finished for  1694305ms
17:45:31.090 [main] INFO  GAAQClassifier - bestfit = 0.0
17:45:37.475 [main] INFO  GAAQClassifier - Search was finished for  1700690ms
17:45:37.475 [main] INFO  GAAQClassifier - bestfit = 0.0
17:45:43.545 [main] INFO  GAAQClassifier - Search was finished for  1706760ms
17:45:43.545 [main] INFO  GAAQClassifier - bestfit = 0.0
17:45:50.490 [main] INFO  GAAQClassifier - Search was finished for  1713705ms
17:45:50.490 [main] INFO  GAAQClassifier - bestfit = 0.0
17:45:56.922 [main] INFO  GAAQClassifier - Search was finished for  1720137ms
17:45:56.922 [main] INFO  GAAQClassifier - bestfit = 0.0
17:45:56.922 [main] INFO  GAAQClassifier - BestPop = 0.0
17:45:56.922 [main] INFO  GAAQClassifier - Decision is not appropriate. Negative examples have been covered
17:46:03.675 [main] INFO  GAAQClassifier - Search was finished for  1726890ms
17:46:03.676 [main] INFO  GAAQClassifier - bestfit = 0.0
17:46:09.582 [main] INFO  GAAQClassifier - Search was finished for  1732797ms
17:46:09.582 [main] INFO  GAAQClassifier - bestfit = 0.0
17:46:15.236 [main] INFO  GAAQClassifier - Search was finished for  1738451ms
17:46:15.237 [main] INFO  GAAQClassifier - bestfit = 0.0
17:46:20.918 [main] INFO  GAAQClassifier - Search was finished for  1744133ms
17:46:20.919 [main] INFO  GAAQClassifier - bestfit = 0.0
17:46:27.326 [main] INFO  GAAQClassifier - Search was finished for  1750541ms
17:46:27.326 [main] INFO  GAAQClassifier - bestfit = 0.0
17:46:27.326 [main] INFO  GAAQClassifier - BestPop = 0.0
17:46:27.326 [main] INFO  GAAQClassifier - Decision is not appropriate. Negative examples have been covered
17:46:33.139 [main] INFO  GAAQClassifier - Search was finished for  1756354ms
17:46:33.140 [main] INFO  GAAQClassifier - bestfit = 0.0
17:46:38.694 [main] INFO  GAAQClassifier - Search was finished for  1761909ms
17:46:38.694 [main] INFO  GAAQClassifier - bestfit = 0.0
17:46:45.651 [main] INFO  GAAQClassifier - Search was finished for  1768866ms
17:46:45.651 [main] INFO  GAAQClassifier - bestfit = 0.0
17:46:51.793 [main] INFO  GAAQClassifier - Search was finished for  1775008ms
17:46:51.793 [main] INFO  GAAQClassifier - bestfit = 0.0
17:46:57.765 [main] INFO  GAAQClassifier - Search was finished for  1780980ms
17:46:57.765 [main] INFO  GAAQClassifier - bestfit = 0.0
17:46:57.765 [main] INFO  GAAQClassifier - BestPop = 0.0
17:46:57.765 [main] INFO  GAAQClassifier - Decision is not appropriate. Negative examples have been covered
17:47:04.998 [main] INFO  GAAQClassifier - Search was finished for  1788213ms
17:47:04.998 [main] INFO  GAAQClassifier - bestfit = 0.0
17:47:10.322 [main] INFO  GAAQClassifier - Search was finished for  1793537ms
17:47:10.322 [main] INFO  GAAQClassifier - bestfit = 0.0
17:47:16.004 [main] INFO  GAAQClassifier - Search was finished for  1799219ms
17:47:16.004 [main] INFO  GAAQClassifier - bestfit = 0.0
17:47:21.977 [main] INFO  GAAQClassifier - Search was finished for  1805192ms
17:47:21.977 [main] INFO  GAAQClassifier - bestfit = 0.0
17:47:27.753 [main] INFO  GAAQClassifier - Search was finished for  1810968ms
17:47:27.753 [main] INFO  GAAQClassifier - bestfit = 0.0
17:47:27.753 [main] INFO  GAAQClassifier - BestPop = 0.0
17:47:27.753 [main] INFO  GAAQClassifier - Decision is not appropriate. Negative examples have been covered
17:47:34.041 [main] INFO  GAAQClassifier - Search was finished for  1817256ms
17:47:34.042 [main] INFO  GAAQClassifier - bestfit = 0.0
17:47:41.276 [main] INFO  GAAQClassifier - Search was finished for  1824491ms
17:47:41.277 [main] INFO  GAAQClassifier - bestfit = 0.0
17:47:48.202 [main] INFO  GAAQClassifier - Search was finished for  1831417ms
17:47:48.202 [main] INFO  GAAQClassifier - bestfit = 0.0
17:47:54.570 [main] INFO  GAAQClassifier - Search was finished for  1837785ms
17:47:54.570 [main] INFO  GAAQClassifier - bestfit = 0.0
17:48:00.165 [main] INFO  GAAQClassifier - Search was finished for  1843380ms
17:48:00.165 [main] INFO  GAAQClassifier - bestfit = 0.0
17:48:00.165 [main] INFO  GAAQClassifier - BestPop = 0.0
17:48:00.166 [main] INFO  GAAQClassifier - Decision is not appropriate. Negative examples have been covered
17:48:05.672 [main] INFO  GAAQClassifier - Search was finished for  1848887ms
17:48:05.672 [main] INFO  GAAQClassifier - bestfit = 0.0
17:48:11.378 [main] INFO  GAAQClassifier - Search was finished for  1854592ms
17:48:11.378 [main] INFO  GAAQClassifier - bestfit = 0.0
17:48:17.062 [main] INFO  GAAQClassifier - Search was finished for  1860277ms
17:48:17.062 [main] INFO  GAAQClassifier - bestfit = 0.0
17:48:23.481 [main] INFO  GAAQClassifier - Search was finished for  1866696ms
17:48:23.481 [main] INFO  GAAQClassifier - bestfit = 0.0
17:48:30.444 [main] INFO  GAAQClassifier - Search was finished for  1873659ms
17:48:30.444 [main] INFO  GAAQClassifier - bestfit = 0.0
17:48:30.444 [main] INFO  GAAQClassifier - BestPop = 0.0
17:48:30.444 [main] INFO  GAAQClassifier - Decision is not appropriate. Negative examples have been covered
17:48:36.246 [main] INFO  GAAQClassifier - Search was finished for  1879461ms
17:48:36.246 [main] INFO  GAAQClassifier - bestfit = 0.0
17:48:42.134 [main] INFO  GAAQClassifier - Search was finished for  1885349ms
17:48:42.134 [main] INFO  GAAQClassifier - bestfit = 0.0
17:48:47.546 [main] INFO  GAAQClassifier - Search was finished for  1890761ms
17:48:47.546 [main] INFO  GAAQClassifier - bestfit = 0.0
17:48:52.848 [main] INFO  GAAQClassifier - Search was finished for  1896063ms
17:48:52.848 [main] INFO  GAAQClassifier - bestfit = 0.0
17:48:58.946 [main] INFO  GAAQClassifier - Search was finished for  1902161ms
17:48:58.947 [main] INFO  GAAQClassifier - bestfit = 0.0
17:48:58.947 [main] INFO  GAAQClassifier - BestPop = 0.0
17:48:58.947 [main] INFO  GAAQClassifier - Decision is not appropriate. Negative examples have been covered
17:49:05.293 [main] INFO  GAAQClassifier - Search was finished for  1908508ms
17:49:05.293 [main] INFO  GAAQClassifier - bestfit = 0.0
17:49:10.721 [main] INFO  GAAQClassifier - Search was finished for  1913936ms
17:49:10.721 [main] INFO  GAAQClassifier - bestfit = 0.0
17:49:16.138 [main] INFO  GAAQClassifier - Search was finished for  1919353ms
17:49:16.138 [main] INFO  GAAQClassifier - bestfit = 0.0
17:49:21.557 [main] INFO  GAAQClassifier - Search was finished for  1924772ms
17:49:21.557 [main] INFO  GAAQClassifier - bestfit = 0.0
17:49:26.708 [main] INFO  GAAQClassifier - Search was finished for  1929923ms
17:49:26.708 [main] INFO  GAAQClassifier - bestfit = 0.0
17:49:26.708 [main] INFO  GAAQClassifier - BestPop = 0.0
17:49:26.708 [main] INFO  GAAQClassifier - Decision is not appropriate. Negative examples have been covered
17:49:32.943 [main] INFO  GAAQClassifier - Search was finished for  1936158ms
17:49:32.944 [main] INFO  GAAQClassifier - bestfit = 0.0
17:49:38.449 [main] INFO  GAAQClassifier - Search was finished for  1941664ms
17:49:38.449 [main] INFO  GAAQClassifier - bestfit = 0.0
17:49:44.808 [main] INFO  GAAQClassifier - Search was finished for  1948023ms
17:49:44.809 [main] INFO  GAAQClassifier - bestfit = 0.0
17:49:51.421 [main] INFO  GAAQClassifier - Search was finished for  1954636ms
17:49:51.421 [main] INFO  GAAQClassifier - bestfit = 0.0
17:49:58.405 [main] INFO  GAAQClassifier - Search was finished for  1961620ms
17:49:58.406 [main] INFO  GAAQClassifier - bestfit = 0.0
17:49:58.406 [main] INFO  GAAQClassifier - BestPop = 0.0
17:49:58.406 [main] INFO  GAAQClassifier - Decision is not appropriate. Negative examples have been covered
17:50:04.599 [main] INFO  GAAQClassifier - Search was finished for  1967814ms
17:50:04.599 [main] INFO  GAAQClassifier - bestfit = 0.0
17:50:10.183 [main] INFO  GAAQClassifier - Search was finished for  1973398ms
17:50:10.183 [main] INFO  GAAQClassifier - bestfit = 0.0
17:50:16.338 [main] INFO  GAAQClassifier - Search was finished for  1979553ms
17:50:16.338 [main] INFO  GAAQClassifier - bestfit = 0.0
17:50:21.986 [main] INFO  GAAQClassifier - Search was finished for  1985201ms
17:50:21.986 [main] INFO  GAAQClassifier - bestfit = 0.0
17:50:28.160 [main] INFO  GAAQClassifier - Search was finished for  1991375ms
17:50:28.160 [main] INFO  GAAQClassifier - bestfit = 0.0
17:50:28.160 [main] INFO  GAAQClassifier - BestPop = 0.0
17:50:28.160 [main] INFO  GAAQClassifier - Decision is not appropriate. Negative examples have been covered
