14:58:21.202 [main] INFO  GAAQClassifier - Loading...
14:58:21.318 [main] INFO  GAAQClassifier - Data is loaded.
14:58:21.318 [main] INFO  GAAQClassifier - Found 1 conflict negative objects
14:58:21.319 [main] INFO  GAAQClassifier - Searching...
14:58:26.470 [main] INFO  GAAQClassifier - Search was finished for  5271ms
14:58:26.471 [main] INFO  GAAQClassifier - bestfit = 1254.48
14:58:26.471 [main] INFO  GAAQClassifier - BestPop = 1254.48
14:58:26.472 [main] INFO  GAAQClassifier - new_objects = 5
14:58:26.472 [main] INFO  GAAQClassifier - all_objects = 5
14:58:26.472 [main] INFO  GAAQClassifier - objects_with_missing_value_used = 5
14:58:26.472 [main] INFO  GAAQClassifier - covered_objects = 5
14:58:31.400 [main] INFO  GAAQClassifier - Search was finished for  10201ms
14:58:31.401 [main] INFO  GAAQClassifier - bestfit = 1253.463
14:58:31.401 [main] INFO  GAAQClassifier - BestPop = 1253.463
14:58:31.402 [main] INFO  GAAQClassifier - new_objects = 4
14:58:31.402 [main] INFO  GAAQClassifier - all_objects = 5
14:58:31.402 [main] INFO  GAAQClassifier - objects_with_missing_value_used = 5
14:58:31.402 [main] INFO  GAAQClassifier - covered_objects = 9
14:58:36.427 [main] INFO  GAAQClassifier - Search was finished for  15228ms
14:58:36.427 [main] INFO  GAAQClassifier - bestfit = 2256.465
14:58:36.427 [main] INFO  GAAQClassifier - BestPop = 2256.465
14:58:36.428 [main] INFO  GAAQClassifier - new_objects = 7
14:58:36.428 [main] INFO  GAAQClassifier - all_objects = 9
14:58:36.428 [main] INFO  GAAQClassifier - objects_with_missing_value_used = 9
14:58:36.428 [main] INFO  GAAQClassifier - covered_objects = 16
14:58:41.598 [main] INFO  GAAQClassifier - Search was finished for  20399ms
14:58:41.598 [main] INFO  GAAQClassifier - bestfit = 1502.461
14:58:41.599 [main] INFO  GAAQClassifier - BestPop = 1502.461
14:58:41.599 [main] INFO  GAAQClassifier - new_objects = 3
14:58:41.599 [main] INFO  GAAQClassifier - all_objects = 6
14:58:41.599 [main] INFO  GAAQClassifier - objects_with_missing_value_used = 6
14:58:41.599 [main] INFO  GAAQClassifier - covered_objects = 19
14:58:46.568 [main] INFO  GAAQClassifier - Search was finished for  25369ms
14:58:46.568 [main] INFO  GAAQClassifier - bestfit = 1000.543
14:58:46.568 [main] INFO  GAAQClassifier - BestPop = 1000.543
14:58:46.568 [main] INFO  GAAQClassifier - new_objects = 1
14:58:46.568 [main] INFO  GAAQClassifier - all_objects = 4
14:58:46.568 [main] INFO  GAAQClassifier - objects_with_missing_value_used = 4
14:58:46.568 [main] INFO  GAAQClassifier - covered_objects = 20
14:58:51.499 [main] INFO  GAAQClassifier - Search was finished for  30300ms
14:58:51.499 [main] INFO  GAAQClassifier - bestfit = 2502.464
14:58:51.499 [main] INFO  GAAQClassifier - BestPop = 2502.464
14:58:51.500 [main] INFO  GAAQClassifier - new_objects = 3
14:58:51.500 [main] INFO  GAAQClassifier - all_objects = 10
14:58:51.500 [main] INFO  GAAQClassifier - objects_with_missing_value_used = 10
14:58:51.500 [main] INFO  GAAQClassifier - covered_objects = 23
14:58:56.519 [main] INFO  GAAQClassifier - Search was finished for  35320ms
14:58:56.519 [main] INFO  GAAQClassifier - bestfit = 1501.467
14:58:56.519 [main] INFO  GAAQClassifier - BestPop = 1501.467
14:58:56.519 [main] INFO  GAAQClassifier - new_objects = 2
14:58:56.519 [main] INFO  GAAQClassifier - all_objects = 6
14:58:56.519 [main] INFO  GAAQClassifier - objects_with_missing_value_used = 6
14:58:56.520 [main] INFO  GAAQClassifier - covered_objects = 25
14:59:01.252 [main] INFO  GAAQClassifier - Search was finished for  40053ms
14:59:01.252 [main] INFO  GAAQClassifier - bestfit = 1750.499
14:59:01.252 [main] INFO  GAAQClassifier - BestPop = 1750.499
14:59:01.253 [main] INFO  GAAQClassifier - new_objects = 1
14:59:01.253 [main] INFO  GAAQClassifier - all_objects = 7
14:59:01.253 [main] INFO  GAAQClassifier - objects_with_missing_value_used = 7
14:59:01.253 [main] INFO  GAAQClassifier - covered_objects = 26
14:59:05.870 [main] INFO  GAAQClassifier - Search was finished for  44671ms
14:59:05.870 [main] INFO  GAAQClassifier - bestfit = 1751.469
14:59:05.870 [main] INFO  GAAQClassifier - BestPop = 1751.469
14:59:05.870 [main] INFO  GAAQClassifier - new_objects = 2
14:59:05.870 [main] INFO  GAAQClassifier - all_objects = 7
14:59:05.870 [main] INFO  GAAQClassifier - objects_with_missing_value_used = 7
14:59:05.870 [main] INFO  GAAQClassifier - covered_objects = 28
14:59:10.605 [main] INFO  GAAQClassifier - Search was finished for  49406ms
14:59:10.605 [main] INFO  GAAQClassifier - bestfit = 1751.462
14:59:10.605 [main] INFO  GAAQClassifier - BestPop = 1751.462
14:59:10.605 [main] INFO  GAAQClassifier - new_objects = 2
14:59:10.605 [main] INFO  GAAQClassifier - all_objects = 7
14:59:10.605 [main] INFO  GAAQClassifier - objects_with_missing_value_used = 7
14:59:10.606 [main] INFO  GAAQClassifier - covered_objects = 30
14:59:15.712 [main] INFO  GAAQClassifier - Search was finished for  54513ms
14:59:15.713 [main] INFO  GAAQClassifier - bestfit = 2754.464
14:59:15.713 [main] INFO  GAAQClassifier - BestPop = 2754.464
14:59:15.713 [main] INFO  GAAQClassifier - new_objects = 5
14:59:15.713 [main] INFO  GAAQClassifier - all_objects = 11
14:59:15.713 [main] INFO  GAAQClassifier - objects_with_missing_value_used = 11
14:59:15.713 [main] INFO  GAAQClassifier - covered_objects = 35
14:59:20.510 [main] INFO  GAAQClassifier - Search was finished for  59311ms
14:59:20.510 [main] INFO  GAAQClassifier - bestfit = 0.0
14:59:20.510 [main] INFO  GAAQClassifier - BestPop = 0.0
14:59:20.510 [main] INFO  GAAQClassifier - Decision is not appropriate. Negative examples have been covered
14:59:25.601 [main] INFO  GAAQClassifier - Search was finished for  64402ms
14:59:25.601 [main] INFO  GAAQClassifier - bestfit = 1000.457
14:59:25.601 [main] INFO  GAAQClassifier - BestPop = 1000.457
14:59:25.601 [main] INFO  GAAQClassifier - new_objects = 1
14:59:25.602 [main] INFO  GAAQClassifier - all_objects = 4
14:59:25.602 [main] INFO  GAAQClassifier - objects_with_missing_value_used = 4
14:59:25.602 [main] INFO  GAAQClassifier - covered_objects = 36
14:59:30.425 [main] INFO  GAAQClassifier - Search was finished for  69225ms
14:59:30.425 [main] INFO  GAAQClassifier - bestfit = 2002.463
14:59:30.425 [main] INFO  GAAQClassifier - BestPop = 2002.463
14:59:30.425 [main] INFO  GAAQClassifier - new_objects = 3
14:59:30.425 [main] INFO  GAAQClassifier - all_objects = 8
14:59:30.425 [main] INFO  GAAQClassifier - objects_with_missing_value_used = 8
14:59:30.425 [main] INFO  GAAQClassifier - covered_objects = 39
14:59:35.433 [main] INFO  GAAQClassifier - Search was finished for  74234ms
14:59:35.433 [main] INFO  GAAQClassifier - bestfit = 3250.461
14:59:35.434 [main] INFO  GAAQClassifier - BestPop = 3250.461
14:59:35.434 [main] INFO  GAAQClassifier - new_objects = 1
14:59:35.434 [main] INFO  GAAQClassifier - all_objects = 13
14:59:35.434 [main] INFO  GAAQClassifier - objects_with_missing_value_used = 13
14:59:35.434 [main] INFO  GAAQClassifier - covered_objects = 40
14:59:40.761 [main] INFO  GAAQClassifier - Search was finished for  79562ms
14:59:40.761 [main] INFO  GAAQClassifier - bestfit = 1001.46
14:59:40.761 [main] INFO  GAAQClassifier - BestPop = 1001.46
14:59:40.761 [main] INFO  GAAQClassifier - new_objects = 2
14:59:40.762 [main] INFO  GAAQClassifier - all_objects = 4
14:59:40.762 [main] INFO  GAAQClassifier - objects_with_missing_value_used = 4
14:59:40.762 [main] INFO  GAAQClassifier - covered_objects = 42
14:59:45.925 [main] INFO  GAAQClassifier - Search was finished for  84726ms
14:59:45.925 [main] INFO  GAAQClassifier - bestfit = 0.0
14:59:45.925 [main] INFO  GAAQClassifier - BestPop = 0.0
14:59:45.925 [main] INFO  GAAQClassifier - Decision is not appropriate. Negative examples have been covered
14:59:50.999 [main] INFO  GAAQClassifier - Search was finished for  89800ms
14:59:50.999 [main] INFO  GAAQClassifier - bestfit = 500.554
14:59:50.999 [main] INFO  GAAQClassifier - BestPop = 500.554
14:59:51.000 [main] INFO  GAAQClassifier - new_objects = 1
14:59:51.000 [main] INFO  GAAQClassifier - all_objects = 2
14:59:51.000 [main] INFO  GAAQClassifier - objects_with_missing_value_used = 2
14:59:51.000 [main] INFO  GAAQClassifier - covered_objects = 43
14:59:55.876 [main] INFO  GAAQClassifier - Search was finished for  94677ms
14:59:55.876 [main] INFO  GAAQClassifier - bestfit = 1502.466
14:59:55.876 [main] INFO  GAAQClassifier - BestPop = 1502.466
14:59:55.876 [main] INFO  GAAQClassifier - new_objects = 3
14:59:55.876 [main] INFO  GAAQClassifier - all_objects = 6
14:59:55.876 [main] INFO  GAAQClassifier - objects_with_missing_value_used = 6
14:59:55.876 [main] INFO  GAAQClassifier - covered_objects = 46
15:00:00.833 [main] INFO  GAAQClassifier - Search was finished for  99634ms
15:00:00.833 [main] INFO  GAAQClassifier - bestfit = 2000.466
15:00:00.833 [main] INFO  GAAQClassifier - BestPop = 2000.466
15:00:00.833 [main] INFO  GAAQClassifier - new_objects = 1
15:00:00.833 [main] INFO  GAAQClassifier - all_objects = 8
15:00:00.833 [main] INFO  GAAQClassifier - objects_with_missing_value_used = 8
15:00:00.833 [main] INFO  GAAQClassifier - covered_objects = 47
15:00:05.601 [main] INFO  GAAQClassifier - Search was finished for  104402ms
15:00:05.601 [main] INFO  GAAQClassifier - bestfit = 500.47
15:00:05.601 [main] INFO  GAAQClassifier - BestPop = 500.47
15:00:05.601 [main] INFO  GAAQClassifier - new_objects = 1
15:00:05.601 [main] INFO  GAAQClassifier - all_objects = 2
15:00:05.601 [main] INFO  GAAQClassifier - objects_with_missing_value_used = 2
15:00:05.601 [main] INFO  GAAQClassifier - covered_objects = 48
15:00:10.937 [main] INFO  GAAQClassifier - Search was finished for  109738ms
15:00:10.937 [main] INFO  GAAQClassifier - bestfit = 1250.46
15:00:10.937 [main] INFO  GAAQClassifier - BestPop = 1250.46
15:00:10.937 [main] INFO  GAAQClassifier - new_objects = 1
15:00:10.937 [main] INFO  GAAQClassifier - all_objects = 5
15:00:10.937 [main] INFO  GAAQClassifier - objects_with_missing_value_used = 5
15:00:10.937 [main] INFO  GAAQClassifier - covered_objects = 49
15:00:15.964 [main] INFO  GAAQClassifier - Search was finished for  114765ms
15:00:15.964 [main] INFO  GAAQClassifier - bestfit = 2750.464
15:00:15.964 [main] INFO  GAAQClassifier - BestPop = 2750.464
15:00:15.964 [main] INFO  GAAQClassifier - new_objects = 1
15:00:15.964 [main] INFO  GAAQClassifier - all_objects = 11
15:00:15.964 [main] INFO  GAAQClassifier - objects_with_missing_value_used = 11
15:00:15.964 [main] INFO  GAAQClassifier - covered_objects = 50
15:00:20.791 [main] INFO  GAAQClassifier - Search was finished for  119592ms
15:00:20.792 [main] INFO  GAAQClassifier - bestfit = 2750.464
15:00:20.792 [main] INFO  GAAQClassifier - BestPop = 2750.464
15:00:20.792 [main] INFO  GAAQClassifier - new_objects = 1
15:00:20.792 [main] INFO  GAAQClassifier - all_objects = 11
15:00:20.792 [main] INFO  GAAQClassifier - objects_with_missing_value_used = 11
15:00:20.792 [main] INFO  GAAQClassifier - covered_objects = 51
15:00:25.673 [main] INFO  GAAQClassifier - Search was finished for  124474ms
15:00:25.674 [main] INFO  GAAQClassifier - bestfit = 0.0
15:00:25.674 [main] INFO  GAAQClassifier - BestPop = 0.0
15:00:25.674 [main] INFO  GAAQClassifier - Decision is not appropriate. Negative examples have been covered
15:00:30.706 [main] INFO  GAAQClassifier - Search was finished for  129507ms
15:00:30.707 [main] INFO  GAAQClassifier - bestfit = 0.0
15:00:30.707 [main] INFO  GAAQClassifier - BestPop = 0.0
15:00:30.707 [main] INFO  GAAQClassifier - Decision is not appropriate. Negative examples have been covered
15:00:35.705 [main] INFO  GAAQClassifier - Search was finished for  134506ms
15:00:35.705 [main] INFO  GAAQClassifier - bestfit = 0.0
15:00:35.705 [main] INFO  GAAQClassifier - BestPop = 0.0
15:00:35.705 [main] INFO  GAAQClassifier - Decision is not appropriate. Negative examples have been covered
15:00:40.545 [main] INFO  GAAQClassifier - Search was finished for  139346ms
15:00:40.545 [main] INFO  GAAQClassifier - bestfit = 750.467
15:00:40.545 [main] INFO  GAAQClassifier - BestPop = 750.467
15:00:40.545 [main] INFO  GAAQClassifier - new_objects = 1
15:00:40.545 [main] INFO  GAAQClassifier - all_objects = 3
15:00:40.545 [main] INFO  GAAQClassifier - objects_with_missing_value_used = 3
15:00:40.545 [main] INFO  GAAQClassifier - covered_objects = 52
15:00:45.194 [main] INFO  GAAQClassifier - Search was finished for  143995ms
15:00:45.195 [main] INFO  GAAQClassifier - bestfit = 1250.464
15:00:45.195 [main] INFO  GAAQClassifier - BestPop = 1250.464
15:00:45.195 [main] INFO  GAAQClassifier - new_objects = 1
15:00:45.195 [main] INFO  GAAQClassifier - all_objects = 5
15:00:45.195 [main] INFO  GAAQClassifier - objects_with_missing_value_used = 5
15:00:45.195 [main] INFO  GAAQClassifier - covered_objects = 53
15:00:49.991 [main] INFO  GAAQClassifier - Search was finished for  148792ms
15:00:49.991 [main] INFO  GAAQClassifier - bestfit = 0.0
15:00:49.991 [main] INFO  GAAQClassifier - BestPop = 0.0
15:00:49.991 [main] INFO  GAAQClassifier - Decision is not appropriate. Negative examples have been covered
15:00:54.697 [main] INFO  GAAQClassifier - Search was finished for  153498ms
15:00:54.697 [main] INFO  GAAQClassifier - bestfit = 1750.474
15:00:54.697 [main] INFO  GAAQClassifier - BestPop = 1750.474
15:00:54.697 [main] INFO  GAAQClassifier - new_objects = 1
15:00:54.697 [main] INFO  GAAQClassifier - all_objects = 7
15:00:54.697 [main] INFO  GAAQClassifier - objects_with_missing_value_used = 7
15:00:54.697 [main] INFO  GAAQClassifier - covered_objects = 54
15:00:59.781 [main] INFO  GAAQClassifier - Search was finished for  158582ms
15:00:59.781 [main] INFO  GAAQClassifier - bestfit = 500.488
15:00:59.781 [main] INFO  GAAQClassifier - BestPop = 500.488
15:00:59.781 [main] INFO  GAAQClassifier - new_objects = 1
15:00:59.782 [main] INFO  GAAQClassifier - all_objects = 2
15:00:59.782 [main] INFO  GAAQClassifier - objects_with_missing_value_used = 2
15:00:59.782 [main] INFO  GAAQClassifier - covered_objects = 55
15:01:05.048 [main] INFO  GAAQClassifier - Search was finished for  163849ms
15:01:05.048 [main] INFO  GAAQClassifier - bestfit = 0.0
15:01:05.048 [main] INFO  GAAQClassifier - BestPop = 0.0
15:01:05.048 [main] INFO  GAAQClassifier - Decision is not appropriate. Negative examples have been covered
15:01:10.110 [main] INFO  GAAQClassifier - Search was finished for  168911ms
15:01:10.110 [main] INFO  GAAQClassifier - bestfit = 1250.53
15:01:10.110 [main] INFO  GAAQClassifier - BestPop = 1250.53
15:01:10.110 [main] INFO  GAAQClassifier - new_objects = 1
15:01:10.110 [main] INFO  GAAQClassifier - all_objects = 5
15:01:10.110 [main] INFO  GAAQClassifier - objects_with_missing_value_used = 5
15:01:10.110 [main] INFO  GAAQClassifier - covered_objects = 56
15:01:14.935 [main] INFO  GAAQClassifier - Search was finished for  173736ms
15:01:14.935 [main] INFO  GAAQClassifier - bestfit = 750.465
15:01:14.935 [main] INFO  GAAQClassifier - BestPop = 750.465
15:01:14.935 [main] INFO  GAAQClassifier - new_objects = 1
15:01:14.935 [main] INFO  GAAQClassifier - all_objects = 3
15:01:14.935 [main] INFO  GAAQClassifier - objects_with_missing_value_used = 3
15:01:14.935 [main] INFO  GAAQClassifier - covered_objects = 57
15:01:19.902 [main] INFO  GAAQClassifier - Search was finished for  178703ms
15:01:19.902 [main] INFO  GAAQClassifier - bestfit = 0.0
15:01:19.903 [main] INFO  GAAQClassifier - BestPop = 0.0
15:01:19.903 [main] INFO  GAAQClassifier - Decision is not appropriate. Negative examples have been covered
15:01:24.609 [main] INFO  GAAQClassifier - Search was finished for  183410ms
15:01:24.609 [main] INFO  GAAQClassifier - bestfit = 0.0
15:01:24.609 [main] INFO  GAAQClassifier - BestPop = 0.0
15:01:24.609 [main] INFO  GAAQClassifier - Decision is not appropriate. Negative examples have been covered
15:01:29.724 [main] INFO  GAAQClassifier - Search was finished for  188525ms
15:01:29.724 [main] INFO  GAAQClassifier - bestfit = 0.0
15:01:29.724 [main] INFO  GAAQClassifier - BestPop = 0.0
15:01:29.724 [main] INFO  GAAQClassifier - Decision is not appropriate. Negative examples have been covered
15:01:34.357 [main] INFO  GAAQClassifier - Search was finished for  193158ms
15:01:34.357 [main] INFO  GAAQClassifier - bestfit = 2250.514
15:01:34.357 [main] INFO  GAAQClassifier - BestPop = 2250.514
15:01:34.357 [main] INFO  GAAQClassifier - new_objects = 1
15:01:34.357 [main] INFO  GAAQClassifier - all_objects = 9
15:01:34.357 [main] INFO  GAAQClassifier - objects_with_missing_value_used = 9
15:01:34.357 [main] INFO  GAAQClassifier - covered_objects = 58
15:01:38.959 [main] INFO  GAAQClassifier - Search was finished for  197760ms
15:01:38.959 [main] INFO  GAAQClassifier - bestfit = 0.0
15:01:38.959 [main] INFO  GAAQClassifier - BestPop = 0.0
15:01:38.959 [main] INFO  GAAQClassifier - Decision is not appropriate. Negative examples have been covered
15:01:44.071 [main] INFO  GAAQClassifier - Search was finished for  202872ms
15:01:44.071 [main] INFO  GAAQClassifier - bestfit = 750.48
15:01:44.071 [main] INFO  GAAQClassifier - BestPop = 750.48
15:01:44.071 [main] INFO  GAAQClassifier - new_objects = 1
15:01:44.071 [main] INFO  GAAQClassifier - all_objects = 3
15:01:44.071 [main] INFO  GAAQClassifier - objects_with_missing_value_used = 3
15:01:44.071 [main] INFO  GAAQClassifier - covered_objects = 59
15:01:49.036 [main] INFO  GAAQClassifier - Search was finished for  207837ms
15:01:49.036 [main] INFO  GAAQClassifier - bestfit = 0.0
15:01:49.036 [main] INFO  GAAQClassifier - BestPop = 0.0
15:01:49.036 [main] INFO  GAAQClassifier - Decision is not appropriate. Negative examples have been covered
15:01:54.285 [main] INFO  GAAQClassifier - Search was finished for  213086ms
15:01:54.285 [main] INFO  GAAQClassifier - bestfit = 0.0
15:01:54.285 [main] INFO  GAAQClassifier - BestPop = 0.0
15:01:54.285 [main] INFO  GAAQClassifier - Decision is not appropriate. Negative examples have been covered
15:01:59.821 [main] INFO  GAAQClassifier - Search was finished for  218622ms
15:01:59.821 [main] INFO  GAAQClassifier - bestfit = 750.514
15:01:59.821 [main] INFO  GAAQClassifier - BestPop = 750.514
15:01:59.821 [main] INFO  GAAQClassifier - new_objects = 1
15:01:59.821 [main] INFO  GAAQClassifier - all_objects = 3
15:01:59.822 [main] INFO  GAAQClassifier - objects_with_missing_value_used = 3
15:01:59.822 [main] INFO  GAAQClassifier - covered_objects = 60
15:02:04.612 [main] INFO  GAAQClassifier - Search was finished for  223413ms
15:02:04.612 [main] INFO  GAAQClassifier - bestfit = 0.0
15:02:04.612 [main] INFO  GAAQClassifier - BestPop = 0.0
15:02:04.612 [main] INFO  GAAQClassifier - Decision is not appropriate. Negative examples have been covered
15:02:09.345 [main] INFO  GAAQClassifier - Search was finished for  228146ms
15:02:09.345 [main] INFO  GAAQClassifier - bestfit = 0.0
15:02:09.345 [main] INFO  GAAQClassifier - BestPop = 0.0
15:02:09.345 [main] INFO  GAAQClassifier - Decision is not appropriate. Negative examples have been covered
15:02:14.139 [main] INFO  GAAQClassifier - Search was finished for  232940ms
15:02:14.139 [main] INFO  GAAQClassifier - bestfit = 0.0
15:02:14.139 [main] INFO  GAAQClassifier - BestPop = 0.0
15:02:14.139 [main] INFO  GAAQClassifier - Decision is not appropriate. Negative examples have been covered
15:02:19.070 [main] INFO  GAAQClassifier - Search was finished for  237871ms
15:02:19.071 [main] INFO  GAAQClassifier - bestfit = 1000.525
15:02:19.071 [main] INFO  GAAQClassifier - BestPop = 1000.525
15:02:19.071 [main] INFO  GAAQClassifier - new_objects = 1
15:02:19.071 [main] INFO  GAAQClassifier - all_objects = 4
15:02:19.071 [main] INFO  GAAQClassifier - objects_with_missing_value_used = 4
15:02:19.071 [main] INFO  GAAQClassifier - covered_objects = 61
15:02:23.827 [main] INFO  GAAQClassifier - Search was finished for  242628ms
15:02:23.827 [main] INFO  GAAQClassifier - bestfit = 0.0
15:02:23.827 [main] INFO  GAAQClassifier - BestPop = 0.0
15:02:23.827 [main] INFO  GAAQClassifier - Decision is not appropriate. Negative examples have been covered
15:02:29.079 [main] INFO  GAAQClassifier - Search was finished for  247880ms
15:02:29.080 [main] INFO  GAAQClassifier - bestfit = 0.0
15:02:29.080 [main] INFO  GAAQClassifier - BestPop = 0.0
15:02:29.080 [main] INFO  GAAQClassifier - Decision is not appropriate. Negative examples have been covered
15:02:33.864 [main] INFO  GAAQClassifier - Search was finished for  252665ms
15:02:33.864 [main] INFO  GAAQClassifier - bestfit = 0.0
15:02:33.864 [main] INFO  GAAQClassifier - BestPop = 0.0
15:02:33.864 [main] INFO  GAAQClassifier - Decision is not appropriate. Negative examples have been covered
15:02:38.566 [main] INFO  GAAQClassifier - Search was finished for  257367ms
15:02:38.566 [main] INFO  GAAQClassifier - bestfit = 0.0
15:02:38.566 [main] INFO  GAAQClassifier - BestPop = 0.0
15:02:38.566 [main] INFO  GAAQClassifier - Decision is not appropriate. Negative examples have been covered
15:02:43.676 [main] INFO  GAAQClassifier - Search was finished for  262477ms
15:02:43.676 [main] INFO  GAAQClassifier - bestfit = 0.0
15:02:43.676 [main] INFO  GAAQClassifier - BestPop = 0.0
15:02:43.676 [main] INFO  GAAQClassifier - Decision is not appropriate. Negative examples have been covered
15:02:48.352 [main] INFO  GAAQClassifier - Search was finished for  267153ms
15:02:48.352 [main] INFO  GAAQClassifier - bestfit = 0.0
15:02:48.352 [main] INFO  GAAQClassifier - BestPop = 0.0
15:02:48.352 [main] INFO  GAAQClassifier - Decision is not appropriate. Negative examples have been covered
15:02:53.019 [main] INFO  GAAQClassifier - Search was finished for  271820ms
15:02:53.019 [main] INFO  GAAQClassifier - bestfit = 0.0
15:02:53.019 [main] INFO  GAAQClassifier - BestPop = 0.0
15:02:53.019 [main] INFO  GAAQClassifier - Decision is not appropriate. Negative examples have been covered
15:02:57.931 [main] INFO  GAAQClassifier - Search was finished for  276732ms
15:02:57.931 [main] INFO  GAAQClassifier - bestfit = 0.0
15:02:57.931 [main] INFO  GAAQClassifier - BestPop = 0.0
15:02:57.931 [main] INFO  GAAQClassifier - Decision is not appropriate. Negative examples have been covered
15:03:02.918 [main] INFO  GAAQClassifier - Search was finished for  281719ms
15:03:02.918 [main] INFO  GAAQClassifier - bestfit = 0.0
15:03:02.918 [main] INFO  GAAQClassifier - BestPop = 0.0
15:03:02.918 [main] INFO  GAAQClassifier - Decision is not appropriate. Negative examples have been covered
15:03:07.927 [main] INFO  GAAQClassifier - Search was finished for  286728ms
15:03:07.928 [main] INFO  GAAQClassifier - bestfit = 0.0
15:03:07.928 [main] INFO  GAAQClassifier - BestPop = 0.0
15:03:07.928 [main] INFO  GAAQClassifier - Decision is not appropriate. Negative examples have been covered
15:03:12.629 [main] INFO  GAAQClassifier - Search was finished for  291430ms
15:03:12.629 [main] INFO  GAAQClassifier - bestfit = 0.0
15:03:12.629 [main] INFO  GAAQClassifier - BestPop = 0.0
15:03:12.629 [main] INFO  GAAQClassifier - Decision is not appropriate. Negative examples have been covered
15:03:17.408 [main] INFO  GAAQClassifier - Search was finished for  296209ms
15:03:17.408 [main] INFO  GAAQClassifier - bestfit = 0.0
15:03:17.408 [main] INFO  GAAQClassifier - BestPop = 0.0
15:03:17.408 [main] INFO  GAAQClassifier - Decision is not appropriate. Negative examples have been covered
15:03:22.343 [main] INFO  GAAQClassifier - Search was finished for  301144ms
15:03:22.343 [main] INFO  GAAQClassifier - bestfit = 0.0
15:03:22.343 [main] INFO  GAAQClassifier - BestPop = 0.0
15:03:22.343 [main] INFO  GAAQClassifier - Decision is not appropriate. Negative examples have been covered
15:03:27.569 [main] INFO  GAAQClassifier - Search was finished for  306370ms
15:03:27.569 [main] INFO  GAAQClassifier - bestfit = 0.0
15:03:27.569 [main] INFO  GAAQClassifier - BestPop = 0.0
15:03:27.569 [main] INFO  GAAQClassifier - Decision is not appropriate. Negative examples have been covered
15:03:32.188 [main] INFO  GAAQClassifier - Search was finished for  310989ms
15:03:32.188 [main] INFO  GAAQClassifier - bestfit = 0.0
15:03:32.188 [main] INFO  GAAQClassifier - BestPop = 0.0
15:03:32.188 [main] INFO  GAAQClassifier - Decision is not appropriate. Negative examples have been covered
15:03:37.175 [main] INFO  GAAQClassifier - Search was finished for  315976ms
15:03:37.176 [main] INFO  GAAQClassifier - bestfit = 0.0
15:03:37.176 [main] INFO  GAAQClassifier - BestPop = 0.0
15:03:37.176 [main] INFO  GAAQClassifier - Decision is not appropriate. Negative examples have been covered
15:03:42.397 [main] INFO  GAAQClassifier - Search was finished for  321198ms
15:03:42.397 [main] INFO  GAAQClassifier - bestfit = 0.0
15:03:42.397 [main] INFO  GAAQClassifier - BestPop = 0.0
15:03:42.397 [main] INFO  GAAQClassifier - Decision is not appropriate. Negative examples have been covered
15:03:46.998 [main] INFO  GAAQClassifier - Search was finished for  325799ms
15:03:46.999 [main] INFO  GAAQClassifier - bestfit = 0.0
15:03:46.999 [main] INFO  GAAQClassifier - BestPop = 0.0
15:03:46.999 [main] INFO  GAAQClassifier - Decision is not appropriate. Negative examples have been covered
15:03:52.080 [main] INFO  GAAQClassifier - Search was finished for  330881ms
15:03:52.080 [main] INFO  GAAQClassifier - bestfit = 0.0
15:03:52.080 [main] INFO  GAAQClassifier - BestPop = 0.0
15:03:52.080 [main] INFO  GAAQClassifier - Decision is not appropriate. Negative examples have been covered
15:03:57.013 [main] INFO  GAAQClassifier - Search was finished for  335814ms
15:03:57.013 [main] INFO  GAAQClassifier - bestfit = 0.0
15:03:57.013 [main] INFO  GAAQClassifier - BestPop = 0.0
15:03:57.014 [main] INFO  GAAQClassifier - Decision is not appropriate. Negative examples have been covered
15:04:01.460 [main] INFO  GAAQClassifier - Search was finished for  340261ms
15:04:01.460 [main] INFO  GAAQClassifier - bestfit = 0.0
15:04:01.460 [main] INFO  GAAQClassifier - BestPop = 0.0
15:04:01.460 [main] INFO  GAAQClassifier - Decision is not appropriate. Negative examples have been covered
15:04:06.630 [main] INFO  GAAQClassifier - Search was finished for  345431ms
15:04:06.631 [main] INFO  GAAQClassifier - bestfit = 0.0
15:04:06.631 [main] INFO  GAAQClassifier - BestPop = 0.0
15:04:06.631 [main] INFO  GAAQClassifier - Decision is not appropriate. Negative examples have been covered
15:04:11.429 [main] INFO  GAAQClassifier - Search was finished for  350230ms
15:04:11.430 [main] INFO  GAAQClassifier - bestfit = 0.0
15:04:11.430 [main] INFO  GAAQClassifier - BestPop = 0.0
15:04:11.430 [main] INFO  GAAQClassifier - Decision is not appropriate. Negative examples have been covered
15:04:16.062 [main] INFO  GAAQClassifier - Search was finished for  354863ms
15:04:16.062 [main] INFO  GAAQClassifier - bestfit = 0.0
15:04:16.062 [main] INFO  GAAQClassifier - BestPop = 0.0
15:04:16.063 [main] INFO  GAAQClassifier - Decision is not appropriate. Negative examples have been covered
15:04:21.220 [main] INFO  GAAQClassifier - Search was finished for  360021ms
15:04:21.221 [main] INFO  GAAQClassifier - bestfit = 0.0
15:04:21.221 [main] INFO  GAAQClassifier - BestPop = 0.0
15:04:21.221 [main] INFO  GAAQClassifier - Decision is not appropriate. Negative examples have been covered
15:04:26.205 [main] INFO  GAAQClassifier - Search was finished for  365006ms
15:04:26.206 [main] INFO  GAAQClassifier - bestfit = 0.0
15:04:26.206 [main] INFO  GAAQClassifier - BestPop = 0.0
15:04:26.206 [main] INFO  GAAQClassifier - Decision is not appropriate. Negative examples have been covered
15:04:31.276 [main] INFO  GAAQClassifier - Search was finished for  370077ms
15:04:31.276 [main] INFO  GAAQClassifier - bestfit = 0.0
15:04:31.276 [main] INFO  GAAQClassifier - BestPop = 0.0
15:04:31.276 [main] INFO  GAAQClassifier - Decision is not appropriate. Negative examples have been covered
15:04:36.244 [main] INFO  GAAQClassifier - Search was finished for  375045ms
15:04:36.244 [main] INFO  GAAQClassifier - bestfit = 0.0
15:04:36.244 [main] INFO  GAAQClassifier - BestPop = 0.0
15:04:36.244 [main] INFO  GAAQClassifier - Decision is not appropriate. Negative examples have been covered
15:04:41.094 [main] INFO  GAAQClassifier - Search was finished for  379895ms
15:04:41.094 [main] INFO  GAAQClassifier - bestfit = 0.0
15:04:41.094 [main] INFO  GAAQClassifier - BestPop = 0.0
15:04:41.094 [main] INFO  GAAQClassifier - Decision is not appropriate. Negative examples have been covered
15:04:46.173 [main] INFO  GAAQClassifier - Search was finished for  384974ms
15:04:46.173 [main] INFO  GAAQClassifier - bestfit = 0.0
15:04:46.173 [main] INFO  GAAQClassifier - BestPop = 0.0
15:04:46.173 [main] INFO  GAAQClassifier - Decision is not appropriate. Negative examples have been covered
15:04:51.416 [main] INFO  GAAQClassifier - Search was finished for  390217ms
15:04:51.416 [main] INFO  GAAQClassifier - bestfit = 0.0
15:04:51.416 [main] INFO  GAAQClassifier - BestPop = 0.0
15:04:51.416 [main] INFO  GAAQClassifier - Decision is not appropriate. Negative examples have been covered
15:04:55.905 [main] INFO  GAAQClassifier - Search was finished for  394706ms
15:04:55.905 [main] INFO  GAAQClassifier - bestfit = 0.0
15:04:55.905 [main] INFO  GAAQClassifier - BestPop = 0.0
15:04:55.905 [main] INFO  GAAQClassifier - Decision is not appropriate. Negative examples have been covered
15:05:00.693 [main] INFO  GAAQClassifier - Search was finished for  399494ms
15:05:00.693 [main] INFO  GAAQClassifier - bestfit = 0.0
15:05:00.693 [main] INFO  GAAQClassifier - BestPop = 0.0
15:05:00.693 [main] INFO  GAAQClassifier - Decision is not appropriate. Negative examples have been covered
15:05:05.225 [main] INFO  GAAQClassifier - Search was finished for  404026ms
15:05:05.225 [main] INFO  GAAQClassifier - bestfit = 0.0
15:05:05.225 [main] INFO  GAAQClassifier - BestPop = 0.0
15:05:05.225 [main] INFO  GAAQClassifier - Decision is not appropriate. Negative examples have been covered
15:05:09.859 [main] INFO  GAAQClassifier - Search was finished for  408660ms
15:05:09.859 [main] INFO  GAAQClassifier - bestfit = 0.0
15:05:09.859 [main] INFO  GAAQClassifier - BestPop = 0.0
15:05:09.859 [main] INFO  GAAQClassifier - Decision is not appropriate. Negative examples have been covered
15:05:14.845 [main] INFO  GAAQClassifier - Search was finished for  413646ms
15:05:14.845 [main] INFO  GAAQClassifier - bestfit = 0.0
15:05:14.845 [main] INFO  GAAQClassifier - BestPop = 0.0
15:05:14.845 [main] INFO  GAAQClassifier - Decision is not appropriate. Negative examples have been covered
15:05:20.118 [main] INFO  GAAQClassifier - Search was finished for  418919ms
15:05:20.118 [main] INFO  GAAQClassifier - bestfit = 0.0
15:05:20.118 [main] INFO  GAAQClassifier - BestPop = 0.0
15:05:20.118 [main] INFO  GAAQClassifier - Decision is not appropriate. Negative examples have been covered
15:05:24.867 [main] INFO  GAAQClassifier - Search was finished for  423668ms
15:05:24.868 [main] INFO  GAAQClassifier - bestfit = 0.0
15:05:24.868 [main] INFO  GAAQClassifier - BestPop = 0.0
15:05:24.868 [main] INFO  GAAQClassifier - Decision is not appropriate. Negative examples have been covered
15:05:29.636 [main] INFO  GAAQClassifier - Search was finished for  428437ms
15:05:29.636 [main] INFO  GAAQClassifier - bestfit = 0.0
15:05:29.636 [main] INFO  GAAQClassifier - BestPop = 0.0
15:05:29.636 [main] INFO  GAAQClassifier - Decision is not appropriate. Negative examples have been covered
15:05:34.986 [main] INFO  GAAQClassifier - Search was finished for  433787ms
15:05:34.986 [main] INFO  GAAQClassifier - bestfit = 0.0
15:05:34.986 [main] INFO  GAAQClassifier - BestPop = 0.0
15:05:34.986 [main] INFO  GAAQClassifier - Decision is not appropriate. Negative examples have been covered
15:05:40.051 [main] INFO  GAAQClassifier - Search was finished for  438852ms
15:05:40.051 [main] INFO  GAAQClassifier - bestfit = 0.0
15:05:40.051 [main] INFO  GAAQClassifier - BestPop = 0.0
15:05:40.051 [main] INFO  GAAQClassifier - Decision is not appropriate. Negative examples have been covered
15:05:44.640 [main] INFO  GAAQClassifier - Search was finished for  443441ms
15:05:44.640 [main] INFO  GAAQClassifier - bestfit = 0.0
15:05:44.640 [main] INFO  GAAQClassifier - BestPop = 0.0
15:05:44.640 [main] INFO  GAAQClassifier - Decision is not appropriate. Negative examples have been covered
15:05:49.330 [main] INFO  GAAQClassifier - Search was finished for  448131ms
15:05:49.330 [main] INFO  GAAQClassifier - bestfit = 0.0
15:05:49.330 [main] INFO  GAAQClassifier - BestPop = 0.0
15:05:49.331 [main] INFO  GAAQClassifier - Decision is not appropriate. Negative examples have been covered
15:05:53.960 [main] INFO  GAAQClassifier - Search was finished for  452761ms
15:05:53.961 [main] INFO  GAAQClassifier - bestfit = 0.0
15:05:53.961 [main] INFO  GAAQClassifier - BestPop = 0.0
15:05:53.961 [main] INFO  GAAQClassifier - Decision is not appropriate. Negative examples have been covered
15:05:58.505 [main] INFO  GAAQClassifier - Search was finished for  457306ms
15:05:58.506 [main] INFO  GAAQClassifier - bestfit = 0.0
15:05:58.506 [main] INFO  GAAQClassifier - BestPop = 0.0
15:05:58.506 [main] INFO  GAAQClassifier - Decision is not appropriate. Negative examples have been covered
15:06:03.160 [main] INFO  GAAQClassifier - Search was finished for  461961ms
15:06:03.161 [main] INFO  GAAQClassifier - bestfit = 0.0
15:06:03.161 [main] INFO  GAAQClassifier - BestPop = 0.0
15:06:03.161 [main] INFO  GAAQClassifier - Decision is not appropriate. Negative examples have been covered
15:06:07.843 [main] INFO  GAAQClassifier - Search was finished for  466644ms
15:06:07.843 [main] INFO  GAAQClassifier - bestfit = 0.0
15:06:07.843 [main] INFO  GAAQClassifier - BestPop = 0.0
15:06:07.843 [main] INFO  GAAQClassifier - Decision is not appropriate. Negative examples have been covered
15:06:12.503 [main] INFO  GAAQClassifier - Search was finished for  471304ms
15:06:12.503 [main] INFO  GAAQClassifier - bestfit = 0.0
15:06:12.503 [main] INFO  GAAQClassifier - BestPop = 0.0
15:06:12.504 [main] INFO  GAAQClassifier - Decision is not appropriate. Negative examples have been covered
15:06:17.075 [main] INFO  GAAQClassifier - Search was finished for  475876ms
15:06:17.075 [main] INFO  GAAQClassifier - bestfit = 0.0
15:06:17.075 [main] INFO  GAAQClassifier - BestPop = 0.0
15:06:17.075 [main] INFO  GAAQClassifier - Decision is not appropriate. Negative examples have been covered
15:06:21.710 [main] INFO  GAAQClassifier - Search was finished for  480511ms
15:06:21.711 [main] INFO  GAAQClassifier - bestfit = 0.0
15:06:21.711 [main] INFO  GAAQClassifier - BestPop = 0.0
15:06:21.711 [main] INFO  GAAQClassifier - Decision is not appropriate. Negative examples have been covered
15:06:26.660 [main] INFO  GAAQClassifier - Search was finished for  485461ms
15:06:26.660 [main] INFO  GAAQClassifier - bestfit = 0.0
15:06:26.660 [main] INFO  GAAQClassifier - BestPop = 0.0
15:06:26.660 [main] INFO  GAAQClassifier - Decision is not appropriate. Negative examples have been covered
15:06:31.462 [main] INFO  GAAQClassifier - Search was finished for  490263ms
15:06:31.462 [main] INFO  GAAQClassifier - bestfit = 0.0
15:06:31.462 [main] INFO  GAAQClassifier - BestPop = 0.0
15:06:31.462 [main] INFO  GAAQClassifier - Decision is not appropriate. Negative examples have been covered
15:06:36.105 [main] INFO  GAAQClassifier - Search was finished for  494906ms
15:06:36.105 [main] INFO  GAAQClassifier - bestfit = 0.0
15:06:36.105 [main] INFO  GAAQClassifier - BestPop = 0.0
15:06:36.105 [main] INFO  GAAQClassifier - Decision is not appropriate. Negative examples have been covered
15:06:41.217 [main] INFO  GAAQClassifier - Search was finished for  500018ms
15:06:41.217 [main] INFO  GAAQClassifier - bestfit = 0.0
15:06:41.217 [main] INFO  GAAQClassifier - BestPop = 0.0
15:06:41.217 [main] INFO  GAAQClassifier - Decision is not appropriate. Negative examples have been covered
15:06:45.972 [main] INFO  GAAQClassifier - Search was finished for  504773ms
15:06:45.972 [main] INFO  GAAQClassifier - bestfit = 0.0
15:06:45.972 [main] INFO  GAAQClassifier - BestPop = 0.0
15:06:45.972 [main] INFO  GAAQClassifier - Decision is not appropriate. Negative examples have been covered
15:06:50.789 [main] INFO  GAAQClassifier - Search was finished for  509590ms
15:06:50.789 [main] INFO  GAAQClassifier - bestfit = 1250.484
15:06:50.789 [main] INFO  GAAQClassifier - BestPop = 1250.484
15:06:50.790 [main] INFO  GAAQClassifier - new_objects = 1
15:06:50.790 [main] INFO  GAAQClassifier - all_objects = 5
15:06:50.790 [main] INFO  GAAQClassifier - objects_with_missing_value_used = 5
15:06:50.790 [main] INFO  GAAQClassifier - covered_objects = 62
15:06:55.723 [main] INFO  GAAQClassifier - Search was finished for  514524ms
15:06:55.723 [main] INFO  GAAQClassifier - bestfit = 0.0
15:06:55.723 [main] INFO  GAAQClassifier - BestPop = 0.0
15:06:55.723 [main] INFO  GAAQClassifier - Decision is not appropriate. Negative examples have been covered
15:07:00.248 [main] INFO  GAAQClassifier - Search was finished for  519049ms
15:07:00.248 [main] INFO  GAAQClassifier - bestfit = 0.0
15:07:00.248 [main] INFO  GAAQClassifier - BestPop = 0.0
15:07:00.248 [main] INFO  GAAQClassifier - Decision is not appropriate. Negative examples have been covered
15:07:05.173 [main] INFO  GAAQClassifier - Search was finished for  523974ms
15:07:05.173 [main] INFO  GAAQClassifier - bestfit = 0.0
15:07:05.173 [main] INFO  GAAQClassifier - BestPop = 0.0
15:07:05.173 [main] INFO  GAAQClassifier - Decision is not appropriate. Negative examples have been covered
15:07:09.621 [main] INFO  GAAQClassifier - Search was finished for  528422ms
15:07:09.621 [main] INFO  GAAQClassifier - bestfit = 0.0
15:07:09.621 [main] INFO  GAAQClassifier - BestPop = 0.0
15:07:09.622 [main] INFO  GAAQClassifier - Decision is not appropriate. Negative examples have been covered
15:07:14.616 [main] INFO  GAAQClassifier - Search was finished for  533417ms
15:07:14.616 [main] INFO  GAAQClassifier - bestfit = 0.0
15:07:14.616 [main] INFO  GAAQClassifier - BestPop = 0.0
15:07:14.616 [main] INFO  GAAQClassifier - Decision is not appropriate. Negative examples have been covered
15:07:19.959 [main] INFO  GAAQClassifier - Search was finished for  538760ms
15:07:19.959 [main] INFO  GAAQClassifier - bestfit = 0.0
15:07:19.959 [main] INFO  GAAQClassifier - BestPop = 0.0
15:07:19.960 [main] INFO  GAAQClassifier - Decision is not appropriate. Negative examples have been covered
15:07:24.730 [main] INFO  GAAQClassifier - Search was finished for  543531ms
15:07:24.730 [main] INFO  GAAQClassifier - bestfit = 0.0
15:07:24.730 [main] INFO  GAAQClassifier - BestPop = 0.0
15:07:24.730 [main] INFO  GAAQClassifier - Decision is not appropriate. Negative examples have been covered
15:07:30.159 [main] INFO  GAAQClassifier - Search was finished for  548960ms
15:07:30.159 [main] INFO  GAAQClassifier - bestfit = 0.0
15:07:30.159 [main] INFO  GAAQClassifier - BestPop = 0.0
15:07:30.159 [main] INFO  GAAQClassifier - Decision is not appropriate. Negative examples have been covered
15:07:34.784 [main] INFO  GAAQClassifier - Search was finished for  553585ms
15:07:34.784 [main] INFO  GAAQClassifier - bestfit = 0.0
15:07:34.784 [main] INFO  GAAQClassifier - BestPop = 0.0
15:07:34.784 [main] INFO  GAAQClassifier - Decision is not appropriate. Negative examples have been covered
15:07:39.595 [main] INFO  GAAQClassifier - Search was finished for  558396ms
15:07:39.595 [main] INFO  GAAQClassifier - bestfit = 0.0
15:07:39.595 [main] INFO  GAAQClassifier - BestPop = 0.0
15:07:39.595 [main] INFO  GAAQClassifier - Decision is not appropriate. Negative examples have been covered
15:07:44.161 [main] INFO  GAAQClassifier - Search was finished for  562962ms
15:07:44.161 [main] INFO  GAAQClassifier - bestfit = 0.0
15:07:44.161 [main] INFO  GAAQClassifier - BestPop = 0.0
15:07:44.161 [main] INFO  GAAQClassifier - Decision is not appropriate. Negative examples have been covered
15:07:49.319 [main] INFO  GAAQClassifier - Search was finished for  568120ms
15:07:49.319 [main] INFO  GAAQClassifier - bestfit = 0.0
15:07:49.319 [main] INFO  GAAQClassifier - BestPop = 0.0
15:07:49.319 [main] INFO  GAAQClassifier - Decision is not appropriate. Negative examples have been covered
15:07:54.110 [main] INFO  GAAQClassifier - Search was finished for  572911ms
15:07:54.110 [main] INFO  GAAQClassifier - bestfit = 0.0
15:07:54.110 [main] INFO  GAAQClassifier - BestPop = 0.0
15:07:54.110 [main] INFO  GAAQClassifier - Decision is not appropriate. Negative examples have been covered
15:07:58.683 [main] INFO  GAAQClassifier - Search was finished for  577484ms
15:07:58.683 [main] INFO  GAAQClassifier - bestfit = 0.0
15:07:58.683 [main] INFO  GAAQClassifier - BestPop = 0.0
15:07:58.683 [main] INFO  GAAQClassifier - Decision is not appropriate. Negative examples have been covered
15:08:03.418 [main] INFO  GAAQClassifier - Search was finished for  582219ms
15:08:03.418 [main] INFO  GAAQClassifier - bestfit = 0.0
15:08:03.418 [main] INFO  GAAQClassifier - BestPop = 0.0
15:08:03.418 [main] INFO  GAAQClassifier - Decision is not appropriate. Negative examples have been covered
15:08:08.351 [main] INFO  GAAQClassifier - Search was finished for  587152ms
15:08:08.351 [main] INFO  GAAQClassifier - bestfit = 0.0
15:08:08.351 [main] INFO  GAAQClassifier - BestPop = 0.0
15:08:08.351 [main] INFO  GAAQClassifier - Decision is not appropriate. Negative examples have been covered
15:08:13.247 [main] INFO  GAAQClassifier - Search was finished for  592048ms
15:08:13.247 [main] INFO  GAAQClassifier - bestfit = 0.0
15:08:13.247 [main] INFO  GAAQClassifier - BestPop = 0.0
15:08:13.247 [main] INFO  GAAQClassifier - Decision is not appropriate. Negative examples have been covered
15:08:18.010 [main] INFO  GAAQClassifier - Search was finished for  596811ms
15:08:18.010 [main] INFO  GAAQClassifier - bestfit = 0.0
15:08:18.010 [main] INFO  GAAQClassifier - BestPop = 0.0
15:08:18.010 [main] INFO  GAAQClassifier - Decision is not appropriate. Negative examples have been covered
15:08:23.057 [main] INFO  GAAQClassifier - Search was finished for  601858ms
15:08:23.057 [main] INFO  GAAQClassifier - bestfit = 0.0
15:08:23.057 [main] INFO  GAAQClassifier - BestPop = 0.0
15:08:23.057 [main] INFO  GAAQClassifier - Decision is not appropriate. Negative examples have been covered
15:08:27.634 [main] INFO  GAAQClassifier - Search was finished for  606435ms
15:08:27.634 [main] INFO  GAAQClassifier - bestfit = 0.0
15:08:27.634 [main] INFO  GAAQClassifier - BestPop = 0.0
15:08:27.634 [main] INFO  GAAQClassifier - Decision is not appropriate. Negative examples have been covered
15:08:32.379 [main] INFO  GAAQClassifier - Search was finished for  611180ms
15:08:32.379 [main] INFO  GAAQClassifier - bestfit = 0.0
15:08:32.379 [main] INFO  GAAQClassifier - BestPop = 0.0
15:08:32.379 [main] INFO  GAAQClassifier - Decision is not appropriate. Negative examples have been covered
15:08:37.825 [main] INFO  GAAQClassifier - Search was finished for  616626ms
15:08:37.825 [main] INFO  GAAQClassifier - bestfit = 0.0
15:08:37.825 [main] INFO  GAAQClassifier - BestPop = 0.0
15:08:37.825 [main] INFO  GAAQClassifier - Decision is not appropriate. Negative examples have been covered
15:08:42.511 [main] INFO  GAAQClassifier - Search was finished for  621312ms
15:08:42.511 [main] INFO  GAAQClassifier - bestfit = 0.0
15:08:42.511 [main] INFO  GAAQClassifier - BestPop = 0.0
15:08:42.511 [main] INFO  GAAQClassifier - Decision is not appropriate. Negative examples have been covered
15:08:47.826 [main] INFO  GAAQClassifier - Search was finished for  626627ms
15:08:47.826 [main] INFO  GAAQClassifier - bestfit = 0.0
15:08:47.826 [main] INFO  GAAQClassifier - BestPop = 0.0
15:08:47.826 [main] INFO  GAAQClassifier - Decision is not appropriate. Negative examples have been covered
15:08:52.525 [main] INFO  GAAQClassifier - Search was finished for  631326ms
15:08:52.525 [main] INFO  GAAQClassifier - bestfit = 0.0
15:08:52.525 [main] INFO  GAAQClassifier - BestPop = 0.0
15:08:52.525 [main] INFO  GAAQClassifier - Decision is not appropriate. Negative examples have been covered
15:08:57.052 [main] INFO  GAAQClassifier - Search was finished for  635853ms
15:08:57.052 [main] INFO  GAAQClassifier - bestfit = 0.0
15:08:57.052 [main] INFO  GAAQClassifier - BestPop = 0.0
15:08:57.052 [main] INFO  GAAQClassifier - Decision is not appropriate. Negative examples have been covered
15:09:01.587 [main] INFO  GAAQClassifier - Search was finished for  640388ms
15:09:01.587 [main] INFO  GAAQClassifier - bestfit = 0.0
15:09:01.587 [main] INFO  GAAQClassifier - BestPop = 0.0
15:09:01.587 [main] INFO  GAAQClassifier - Decision is not appropriate. Negative examples have been covered
15:09:06.092 [main] INFO  GAAQClassifier - Search was finished for  644893ms
15:09:06.092 [main] INFO  GAAQClassifier - bestfit = 0.0
15:09:06.092 [main] INFO  GAAQClassifier - BestPop = 0.0
15:09:06.092 [main] INFO  GAAQClassifier - Decision is not appropriate. Negative examples have been covered
15:09:11.075 [main] INFO  GAAQClassifier - Search was finished for  649876ms
15:09:11.075 [main] INFO  GAAQClassifier - bestfit = 0.0
15:09:11.075 [main] INFO  GAAQClassifier - BestPop = 0.0
15:09:11.075 [main] INFO  GAAQClassifier - Decision is not appropriate. Negative examples have been covered
15:09:15.997 [main] INFO  GAAQClassifier - Search was finished for  654798ms
15:09:15.997 [main] INFO  GAAQClassifier - bestfit = 0.0
15:09:15.997 [main] INFO  GAAQClassifier - BestPop = 0.0
15:09:15.997 [main] INFO  GAAQClassifier - Decision is not appropriate. Negative examples have been covered
15:09:20.527 [main] INFO  GAAQClassifier - Search was finished for  659328ms
15:09:20.528 [main] INFO  GAAQClassifier - bestfit = 0.0
15:09:20.528 [main] INFO  GAAQClassifier - BestPop = 0.0
15:09:20.528 [main] INFO  GAAQClassifier - Decision is not appropriate. Negative examples have been covered
15:09:25.302 [main] INFO  GAAQClassifier - Search was finished for  664103ms
15:09:25.302 [main] INFO  GAAQClassifier - bestfit = 0.0
15:09:25.302 [main] INFO  GAAQClassifier - BestPop = 0.0
15:09:25.302 [main] INFO  GAAQClassifier - Decision is not appropriate. Negative examples have been covered
15:09:29.924 [main] INFO  GAAQClassifier - Search was finished for  668725ms
15:09:29.924 [main] INFO  GAAQClassifier - bestfit = 0.0
15:09:29.924 [main] INFO  GAAQClassifier - BestPop = 0.0
15:09:29.924 [main] INFO  GAAQClassifier - Decision is not appropriate. Negative examples have been covered
15:09:34.907 [main] INFO  GAAQClassifier - Search was finished for  673708ms
15:09:34.907 [main] INFO  GAAQClassifier - bestfit = 0.0
15:09:34.907 [main] INFO  GAAQClassifier - BestPop = 0.0
15:09:34.907 [main] INFO  GAAQClassifier - Decision is not appropriate. Negative examples have been covered
15:09:39.792 [main] INFO  GAAQClassifier - Search was finished for  678593ms
15:09:39.792 [main] INFO  GAAQClassifier - bestfit = 0.0
15:09:39.792 [main] INFO  GAAQClassifier - BestPop = 0.0
15:09:39.792 [main] INFO  GAAQClassifier - Decision is not appropriate. Negative examples have been covered
15:09:44.711 [main] INFO  GAAQClassifier - Search was finished for  683512ms
15:09:44.711 [main] INFO  GAAQClassifier - bestfit = 0.0
15:09:44.711 [main] INFO  GAAQClassifier - BestPop = 0.0
15:09:44.711 [main] INFO  GAAQClassifier - Decision is not appropriate. Negative examples have been covered
15:09:49.359 [main] INFO  GAAQClassifier - Search was finished for  688160ms
15:09:49.359 [main] INFO  GAAQClassifier - bestfit = 0.0
15:09:49.359 [main] INFO  GAAQClassifier - BestPop = 0.0
15:09:49.359 [main] INFO  GAAQClassifier - Decision is not appropriate. Negative examples have been covered
15:09:54.525 [main] INFO  GAAQClassifier - Search was finished for  693326ms
15:09:54.525 [main] INFO  GAAQClassifier - bestfit = 0.0
15:09:54.525 [main] INFO  GAAQClassifier - BestPop = 0.0
15:09:54.525 [main] INFO  GAAQClassifier - Decision is not appropriate. Negative examples have been covered
15:09:59.338 [main] INFO  GAAQClassifier - Search was finished for  698139ms
15:09:59.338 [main] INFO  GAAQClassifier - bestfit = 0.0
15:09:59.338 [main] INFO  GAAQClassifier - BestPop = 0.0
15:09:59.338 [main] INFO  GAAQClassifier - Decision is not appropriate. Negative examples have been covered
15:10:04.268 [main] INFO  GAAQClassifier - Search was finished for  703069ms
15:10:04.268 [main] INFO  GAAQClassifier - bestfit = 0.0
15:10:04.268 [main] INFO  GAAQClassifier - BestPop = 0.0
15:10:04.269 [main] INFO  GAAQClassifier - Decision is not appropriate. Negative examples have been covered
15:10:09.052 [main] INFO  GAAQClassifier - Search was finished for  707853ms
15:10:09.052 [main] INFO  GAAQClassifier - bestfit = 0.0
15:10:09.053 [main] INFO  GAAQClassifier - BestPop = 0.0
15:10:09.053 [main] INFO  GAAQClassifier - Decision is not appropriate. Negative examples have been covered
15:10:13.716 [main] INFO  GAAQClassifier - Search was finished for  712517ms
15:10:13.716 [main] INFO  GAAQClassifier - bestfit = 0.0
15:10:13.716 [main] INFO  GAAQClassifier - BestPop = 0.0
15:10:13.716 [main] INFO  GAAQClassifier - Decision is not appropriate. Negative examples have been covered
15:10:18.384 [main] INFO  GAAQClassifier - Search was finished for  717185ms
15:10:18.384 [main] INFO  GAAQClassifier - bestfit = 1000.512
15:10:18.384 [main] INFO  GAAQClassifier - BestPop = 1000.512
15:10:18.384 [main] INFO  GAAQClassifier - new_objects = 1
15:10:18.384 [main] INFO  GAAQClassifier - all_objects = 4
15:10:18.384 [main] INFO  GAAQClassifier - objects_with_missing_value_used = 4
15:10:18.384 [main] INFO  GAAQClassifier - covered_objects = 63
15:10:23.301 [main] INFO  GAAQClassifier - Search was finished for  722102ms
15:10:23.301 [main] INFO  GAAQClassifier - bestfit = 0.0
15:10:23.301 [main] INFO  GAAQClassifier - BestPop = 0.0
15:10:23.302 [main] INFO  GAAQClassifier - Decision is not appropriate. Negative examples have been covered
15:10:27.852 [main] INFO  GAAQClassifier - Search was finished for  726653ms
15:10:27.852 [main] INFO  GAAQClassifier - bestfit = 0.0
15:10:27.852 [main] INFO  GAAQClassifier - BestPop = 0.0
15:10:27.852 [main] INFO  GAAQClassifier - Decision is not appropriate. Negative examples have been covered
15:10:32.593 [main] INFO  GAAQClassifier - Search was finished for  731394ms
15:10:32.593 [main] INFO  GAAQClassifier - bestfit = 0.0
15:10:32.593 [main] INFO  GAAQClassifier - BestPop = 0.0
15:10:32.593 [main] INFO  GAAQClassifier - Decision is not appropriate. Negative examples have been covered
15:10:37.344 [main] INFO  GAAQClassifier - Search was finished for  736145ms
15:10:37.344 [main] INFO  GAAQClassifier - bestfit = 0.0
15:10:37.344 [main] INFO  GAAQClassifier - BestPop = 0.0
15:10:37.344 [main] INFO  GAAQClassifier - Decision is not appropriate. Negative examples have been covered
15:10:42.149 [main] INFO  GAAQClassifier - Search was finished for  740950ms
15:10:42.150 [main] INFO  GAAQClassifier - bestfit = 0.0
15:10:42.150 [main] INFO  GAAQClassifier - BestPop = 0.0
15:10:42.150 [main] INFO  GAAQClassifier - Decision is not appropriate. Negative examples have been covered
15:10:46.999 [main] INFO  GAAQClassifier - Search was finished for  745800ms
15:10:46.999 [main] INFO  GAAQClassifier - bestfit = 1250.461
15:10:46.999 [main] INFO  GAAQClassifier - BestPop = 1250.461
15:10:46.999 [main] INFO  GAAQClassifier - new_objects = 1
15:10:46.999 [main] INFO  GAAQClassifier - all_objects = 5
15:10:46.999 [main] INFO  GAAQClassifier - objects_with_missing_value_used = 5
15:10:46.999 [main] INFO  GAAQClassifier - covered_objects = 64
15:10:52.250 [main] INFO  GAAQClassifier - Search was finished for  751051ms
15:10:52.250 [main] INFO  GAAQClassifier - bestfit = 0.0
15:10:52.251 [main] INFO  GAAQClassifier - BestPop = 0.0
15:10:52.251 [main] INFO  GAAQClassifier - Decision is not appropriate. Negative examples have been covered
15:10:57.022 [main] INFO  GAAQClassifier - Search was finished for  755823ms
15:10:57.022 [main] INFO  GAAQClassifier - bestfit = 0.0
15:10:57.023 [main] INFO  GAAQClassifier - BestPop = 0.0
15:10:57.023 [main] INFO  GAAQClassifier - Decision is not appropriate. Negative examples have been covered
15:11:02.366 [main] INFO  GAAQClassifier - Search was finished for  761167ms
15:11:02.366 [main] INFO  GAAQClassifier - bestfit = 0.0
15:11:02.366 [main] INFO  GAAQClassifier - BestPop = 0.0
15:11:02.366 [main] INFO  GAAQClassifier - Decision is not appropriate. Negative examples have been covered
15:11:06.847 [main] INFO  GAAQClassifier - Search was finished for  765648ms
15:11:06.848 [main] INFO  GAAQClassifier - bestfit = 0.0
15:11:06.848 [main] INFO  GAAQClassifier - BestPop = 0.0
15:11:06.848 [main] INFO  GAAQClassifier - Decision is not appropriate. Negative examples have been covered
15:11:11.654 [main] INFO  GAAQClassifier - Search was finished for  770455ms
15:11:11.654 [main] INFO  GAAQClassifier - bestfit = 0.0
15:11:11.655 [main] INFO  GAAQClassifier - BestPop = 0.0
15:11:11.655 [main] INFO  GAAQClassifier - Decision is not appropriate. Negative examples have been covered
15:11:16.443 [main] INFO  GAAQClassifier - Search was finished for  775244ms
15:11:16.444 [main] INFO  GAAQClassifier - bestfit = 0.0
15:11:16.444 [main] INFO  GAAQClassifier - BestPop = 0.0
15:11:16.444 [main] INFO  GAAQClassifier - Decision is not appropriate. Negative examples have been covered
15:11:21.316 [main] INFO  GAAQClassifier - Search was finished for  780117ms
15:11:21.316 [main] INFO  GAAQClassifier - bestfit = 0.0
15:11:21.316 [main] INFO  GAAQClassifier - BestPop = 0.0
15:11:21.316 [main] INFO  GAAQClassifier - Decision is not appropriate. Negative examples have been covered
15:11:26.218 [main] INFO  GAAQClassifier - Search was finished for  785019ms
15:11:26.218 [main] INFO  GAAQClassifier - bestfit = 0.0
15:11:26.218 [main] INFO  GAAQClassifier - BestPop = 0.0
15:11:26.218 [main] INFO  GAAQClassifier - Decision is not appropriate. Negative examples have been covered
15:11:31.569 [main] INFO  GAAQClassifier - Search was finished for  790370ms
15:11:31.569 [main] INFO  GAAQClassifier - bestfit = 0.0
15:11:31.569 [main] INFO  GAAQClassifier - BestPop = 0.0
15:11:31.569 [main] INFO  GAAQClassifier - Decision is not appropriate. Negative examples have been covered
15:11:36.441 [main] INFO  GAAQClassifier - Search was finished for  795242ms
15:11:36.441 [main] INFO  GAAQClassifier - bestfit = 0.0
15:11:36.441 [main] INFO  GAAQClassifier - BestPop = 0.0
15:11:36.441 [main] INFO  GAAQClassifier - Decision is not appropriate. Negative examples have been covered
15:11:41.208 [main] INFO  GAAQClassifier - Search was finished for  800009ms
15:11:41.208 [main] INFO  GAAQClassifier - bestfit = 0.0
15:11:41.208 [main] INFO  GAAQClassifier - BestPop = 0.0
15:11:41.208 [main] INFO  GAAQClassifier - Decision is not appropriate. Negative examples have been covered
15:11:45.931 [main] INFO  GAAQClassifier - Search was finished for  804732ms
15:11:45.931 [main] INFO  GAAQClassifier - bestfit = 0.0
15:11:45.931 [main] INFO  GAAQClassifier - BestPop = 0.0
15:11:45.931 [main] INFO  GAAQClassifier - Decision is not appropriate. Negative examples have been covered
15:11:50.521 [main] INFO  GAAQClassifier - Search was finished for  809322ms
15:11:50.521 [main] INFO  GAAQClassifier - bestfit = 0.0
15:11:50.521 [main] INFO  GAAQClassifier - BestPop = 0.0
15:11:50.521 [main] INFO  GAAQClassifier - Decision is not appropriate. Negative examples have been covered
15:11:55.602 [main] INFO  GAAQClassifier - Search was finished for  814403ms
15:11:55.602 [main] INFO  GAAQClassifier - bestfit = 0.0
15:11:55.602 [main] INFO  GAAQClassifier - BestPop = 0.0
15:11:55.602 [main] INFO  GAAQClassifier - Decision is not appropriate. Negative examples have been covered
15:12:00.283 [main] INFO  GAAQClassifier - Search was finished for  819084ms
15:12:00.284 [main] INFO  GAAQClassifier - bestfit = 0.0
15:12:00.284 [main] INFO  GAAQClassifier - BestPop = 0.0
15:12:00.284 [main] INFO  GAAQClassifier - Decision is not appropriate. Negative examples have been covered
15:12:04.990 [main] INFO  GAAQClassifier - Search was finished for  823791ms
15:12:04.990 [main] INFO  GAAQClassifier - bestfit = 0.0
15:12:04.990 [main] INFO  GAAQClassifier - BestPop = 0.0
15:12:04.990 [main] INFO  GAAQClassifier - Decision is not appropriate. Negative examples have been covered
15:12:09.639 [main] INFO  GAAQClassifier - Search was finished for  828440ms
15:12:09.639 [main] INFO  GAAQClassifier - bestfit = 0.0
15:12:09.639 [main] INFO  GAAQClassifier - BestPop = 0.0
15:12:09.639 [main] INFO  GAAQClassifier - Decision is not appropriate. Negative examples have been covered
15:12:14.555 [main] INFO  GAAQClassifier - Search was finished for  833356ms
15:12:14.555 [main] INFO  GAAQClassifier - bestfit = 0.0
15:12:14.555 [main] INFO  GAAQClassifier - BestPop = 0.0
15:12:14.555 [main] INFO  GAAQClassifier - Decision is not appropriate. Negative examples have been covered
15:12:19.317 [main] INFO  GAAQClassifier - Search was finished for  838117ms
15:12:19.317 [main] INFO  GAAQClassifier - bestfit = 0.0
15:12:19.317 [main] INFO  GAAQClassifier - BestPop = 0.0
15:12:19.317 [main] INFO  GAAQClassifier - Decision is not appropriate. Negative examples have been covered
15:12:24.186 [main] INFO  GAAQClassifier - Search was finished for  842987ms
15:12:24.186 [main] INFO  GAAQClassifier - bestfit = 0.0
15:12:24.186 [main] INFO  GAAQClassifier - BestPop = 0.0
15:12:24.186 [main] INFO  GAAQClassifier - Decision is not appropriate. Negative examples have been covered
15:12:28.766 [main] INFO  GAAQClassifier - Search was finished for  847567ms
15:12:28.766 [main] INFO  GAAQClassifier - bestfit = 0.0
15:12:28.766 [main] INFO  GAAQClassifier - BestPop = 0.0
15:12:28.766 [main] INFO  GAAQClassifier - Decision is not appropriate. Negative examples have been covered
15:12:33.552 [main] INFO  GAAQClassifier - Search was finished for  852353ms
15:12:33.552 [main] INFO  GAAQClassifier - bestfit = 0.0
15:12:33.552 [main] INFO  GAAQClassifier - BestPop = 0.0
15:12:33.552 [main] INFO  GAAQClassifier - Decision is not appropriate. Negative examples have been covered
15:12:37.874 [main] INFO  GAAQClassifier - Search was finished for  856675ms
15:12:37.874 [main] INFO  GAAQClassifier - bestfit = 0.0
15:12:37.874 [main] INFO  GAAQClassifier - BestPop = 0.0
15:12:37.874 [main] INFO  GAAQClassifier - Decision is not appropriate. Negative examples have been covered
15:12:42.736 [main] INFO  GAAQClassifier - Search was finished for  861536ms
15:12:42.736 [main] INFO  GAAQClassifier - bestfit = 0.0
15:12:42.736 [main] INFO  GAAQClassifier - BestPop = 0.0
15:12:42.736 [main] INFO  GAAQClassifier - Decision is not appropriate. Negative examples have been covered
15:12:47.681 [main] INFO  GAAQClassifier - Search was finished for  866482ms
15:12:47.681 [main] INFO  GAAQClassifier - bestfit = 0.0
15:12:47.681 [main] INFO  GAAQClassifier - BestPop = 0.0
15:12:47.681 [main] INFO  GAAQClassifier - Decision is not appropriate. Negative examples have been covered
15:12:52.438 [main] INFO  GAAQClassifier - Search was finished for  871239ms
15:12:52.438 [main] INFO  GAAQClassifier - bestfit = 0.0
15:12:52.438 [main] INFO  GAAQClassifier - BestPop = 0.0
15:12:52.438 [main] INFO  GAAQClassifier - Decision is not appropriate. Negative examples have been covered
15:12:57.717 [main] INFO  GAAQClassifier - Search was finished for  876518ms
15:12:57.717 [main] INFO  GAAQClassifier - bestfit = 0.0
15:12:57.717 [main] INFO  GAAQClassifier - BestPop = 0.0
15:12:57.717 [main] INFO  GAAQClassifier - Decision is not appropriate. Negative examples have been covered
15:13:02.831 [main] INFO  GAAQClassifier - Search was finished for  881632ms
15:13:02.832 [main] INFO  GAAQClassifier - bestfit = 0.0
15:13:02.832 [main] INFO  GAAQClassifier - BestPop = 0.0
15:13:02.832 [main] INFO  GAAQClassifier - Decision is not appropriate. Negative examples have been covered
15:13:07.511 [main] INFO  GAAQClassifier - Search was finished for  886312ms
15:13:07.511 [main] INFO  GAAQClassifier - bestfit = 0.0
15:13:07.511 [main] INFO  GAAQClassifier - BestPop = 0.0
15:13:07.511 [main] INFO  GAAQClassifier - Decision is not appropriate. Negative examples have been covered
15:13:12.847 [main] INFO  GAAQClassifier - Search was finished for  891648ms
15:13:12.848 [main] INFO  GAAQClassifier - bestfit = 0.0
15:13:12.848 [main] INFO  GAAQClassifier - BestPop = 0.0
15:13:12.848 [main] INFO  GAAQClassifier - Decision is not appropriate. Negative examples have been covered
15:13:17.467 [main] INFO  GAAQClassifier - Search was finished for  896268ms
15:13:17.467 [main] INFO  GAAQClassifier - bestfit = 0.0
15:13:17.467 [main] INFO  GAAQClassifier - BestPop = 0.0
15:13:17.467 [main] INFO  GAAQClassifier - Decision is not appropriate. Negative examples have been covered
15:13:22.251 [main] INFO  GAAQClassifier - Search was finished for  901052ms
15:13:22.252 [main] INFO  GAAQClassifier - bestfit = 0.0
15:13:22.252 [main] INFO  GAAQClassifier - BestPop = 0.0
15:13:22.252 [main] INFO  GAAQClassifier - Decision is not appropriate. Negative examples have been covered
15:13:26.965 [main] INFO  GAAQClassifier - Search was finished for  905766ms
15:13:26.965 [main] INFO  GAAQClassifier - bestfit = 0.0
15:13:26.965 [main] INFO  GAAQClassifier - BestPop = 0.0
15:13:26.966 [main] INFO  GAAQClassifier - Decision is not appropriate. Negative examples have been covered
15:13:31.349 [main] INFO  GAAQClassifier - Search was finished for  910150ms
15:13:31.349 [main] INFO  GAAQClassifier - bestfit = 0.0
15:13:31.349 [main] INFO  GAAQClassifier - BestPop = 0.0
15:13:31.350 [main] INFO  GAAQClassifier - Decision is not appropriate. Negative examples have been covered
15:13:36.430 [main] INFO  GAAQClassifier - Search was finished for  915231ms
15:13:36.430 [main] INFO  GAAQClassifier - bestfit = 0.0
15:13:36.430 [main] INFO  GAAQClassifier - BestPop = 0.0
15:13:36.430 [main] INFO  GAAQClassifier - Decision is not appropriate. Negative examples have been covered
15:13:40.909 [main] INFO  GAAQClassifier - Search was finished for  919710ms
15:13:40.909 [main] INFO  GAAQClassifier - bestfit = 0.0
15:13:40.909 [main] INFO  GAAQClassifier - BestPop = 0.0
15:13:40.909 [main] INFO  GAAQClassifier - Decision is not appropriate. Negative examples have been covered
15:13:45.488 [main] INFO  GAAQClassifier - Search was finished for  924289ms
15:13:45.488 [main] INFO  GAAQClassifier - bestfit = 0.0
15:13:45.488 [main] INFO  GAAQClassifier - BestPop = 0.0
15:13:45.488 [main] INFO  GAAQClassifier - Decision is not appropriate. Negative examples have been covered
15:13:50.288 [main] INFO  GAAQClassifier - Search was finished for  929089ms
15:13:50.288 [main] INFO  GAAQClassifier - bestfit = 0.0
15:13:50.288 [main] INFO  GAAQClassifier - BestPop = 0.0
15:13:50.288 [main] INFO  GAAQClassifier - Decision is not appropriate. Negative examples have been covered
15:13:55.349 [main] INFO  GAAQClassifier - Search was finished for  934150ms
15:13:55.349 [main] INFO  GAAQClassifier - bestfit = 2500.51
15:13:55.349 [main] INFO  GAAQClassifier - BestPop = 2500.51
15:13:55.349 [main] INFO  GAAQClassifier - new_objects = 1
15:13:55.349 [main] INFO  GAAQClassifier - all_objects = 10
15:13:55.349 [main] INFO  GAAQClassifier - objects_with_missing_value_used = 10
15:13:55.349 [main] INFO  GAAQClassifier - covered_objects = 65
15:13:55.362 [main] INFO  GAAQClassifier - NUM_NEW_OBJECTS: 5
NUM_OBJECTS: 5
NUM_MISS_OBJECTS: 5
RULE_1:
attr_7=[1, 3]
attr_8=[1, 3]
attr_9=[1, 3]
attr_17=[2, 3]
attr_19=[1, 2]
attr_33=[1, 3]
attr_38=[2, 3]
attr_47=[1, 3]
attr_50=[1, 3]
attr_59=[2, 3]
attr_66=[1, 2]
attr_76=[1, 3]
attr_85=[1, 3]
attr_90=[2, 3]
attr_98=[2, 3]
attr_100=[1, 3]
attr_103=[1, 2]
attr_125=[2, 3]
attr_131=[1, 3]
attr_139=[2, 3]
attr_152=[1, 2]
attr_156=[2, 3]
attr_158=[1, 2]
attr_182=[1, 2]

NUM_NEW_OBJECTS: 4
NUM_OBJECTS: 5
NUM_MISS_OBJECTS: 5
RULE_2:
attr_2=[2, 3]
attr_5=[1, 3]
attr_51=[2, 3]
attr_53=[1, 2]
attr_98=[2, 3]
attr_134=[1, 2]
attr_136=[1, 2]
attr_142=[2, 3]

NUM_NEW_OBJECTS: 7
NUM_OBJECTS: 9
NUM_MISS_OBJECTS: 9
RULE_3:
attr_12=[2, 3]
attr_17=[2, 3]
attr_24=[2, 3]
attr_60=[2, 3]
attr_61=[1, 3]
attr_76=[2, 3]
attr_121=[2, 3]
attr_143=[1, 2]

NUM_NEW_OBJECTS: 3
NUM_OBJECTS: 6
NUM_MISS_OBJECTS: 6
RULE_4:
attr_3=[2, 3]
attr_16=[1, 3]
attr_18=[1, 2]
attr_30=[2, 3]
attr_35=[1, 2]
attr_50=[2, 3]
attr_74=[1, 2]
attr_128=[1, 2]

NUM_NEW_OBJECTS: 1
NUM_OBJECTS: 4
NUM_MISS_OBJECTS: 4
RULE_5:
attr_7=[1, 2]
attr_8=[2, 3]
attr_10=[1, 3]
attr_11=[1, 3]
attr_16=[1, 2]
attr_17=[2, 3]
attr_19=[2, 3]
attr_20=[1, 3]
attr_28=[2, 3]
attr_34=[1]
attr_35=[1, 2]
attr_36=[2, 3]
attr_37=[1]
attr_39=[2, 3]
attr_41=[2, 3]
attr_43=[1, 3]
attr_46=[1, 2]
attr_49=[1]
attr_51=[1, 2]
attr_57=[2, 3]
attr_58=[1, 2]
attr_62=[2, 3]
attr_65=[1, 2]
attr_68=[1, 2]
attr_71=[1, 2]
attr_72=[2, 3]
attr_74=[1, 3]
attr_78=[2, 3]
attr_79=[1, 2]
attr_84=[3]
attr_85=[1, 2]
attr_91=[1, 2]
attr_94=[1, 2]
attr_96=[1, 2]
attr_99=[2, 3]
attr_100=[2, 3]
attr_102=[1, 2]
attr_103=[1, 3]
attr_105=[1, 3]
attr_107=[2, 3]
attr_115=[2]
attr_118=[1, 2]
attr_120=[2]
attr_122=[3]
attr_127=[2, 3]
attr_128=[1, 2]
attr_135=[1, 2]
attr_136=[1, 2]
attr_146=[1, 2]
attr_148=[2]
attr_156=[2, 3]
attr_157=[1, 2]
attr_159=[1, 2]
attr_160=[2]
attr_161=[1, 2]
attr_182=[1, 2]

NUM_NEW_OBJECTS: 3
NUM_OBJECTS: 10
NUM_MISS_OBJECTS: 10
RULE_6:
attr_3=[1, 2]
attr_6=[1, 2]
attr_16=[2, 3]
attr_27=[1, 2]
attr_29=[2, 3]
attr_50=[2, 3]
attr_51=[2, 3]
attr_71=[1, 2]
attr_93=[1, 2]
attr_100=[2, 3]

NUM_NEW_OBJECTS: 2
NUM_OBJECTS: 6
NUM_MISS_OBJECTS: 6
RULE_7:
attr_6=[1, 3]
attr_16=[2, 3]
attr_20=[1, 3]
attr_35=[1, 2]
attr_36=[2, 3]
attr_40=[1, 2]
attr_47=[2, 3]
attr_69=[1, 2]
attr_108=[2, 3]
attr_122=[2, 3]
attr_138=[1, 2]
attr_166=[2]

NUM_NEW_OBJECTS: 1
NUM_OBJECTS: 7
NUM_MISS_OBJECTS: 7
RULE_8:
attr_6=[1, 3]
attr_8=[1, 3]
attr_10=[1, 3]
attr_13=[2, 3]
attr_19=[2]
attr_20=[1, 2]
attr_28=[1, 2]
attr_31=[1, 3]
attr_32=[1]
attr_36=[1, 2]
attr_40=[1, 3]
attr_41=[2, 3]
attr_45=[1, 2]
attr_48=[1, 2]
attr_49=[1, 2]
attr_56=[1, 3]
attr_64=[1, 3]
attr_69=[1, 3]
attr_77=[1, 2]
attr_82=[1, 2]
attr_83=[1, 3]
attr_88=[1]
attr_92=[1, 3]
attr_93=[1, 2]
attr_101=[1, 2]
attr_105=[2, 3]
attr_111=[1, 2]
attr_116=[1, 2]
attr_117=[1, 2]
attr_128=[1, 3]
attr_129=[2]
attr_133=[1, 2]
attr_135=[2, 3]
attr_140=[1, 2]
attr_143=[1, 2]
attr_166=[2]
attr_175=[2]

NUM_NEW_OBJECTS: 2
NUM_OBJECTS: 7
NUM_MISS_OBJECTS: 7
RULE_9:
attr_2=[1, 3]
attr_3=[2, 3]
attr_7=[1, 2]
attr_11=[1, 2]
attr_24=[2, 3]
attr_32=[1, 2]
attr_49=[1, 3]
attr_61=[2, 3]
attr_85=[1, 3]
attr_90=[1, 2]
attr_91=[1, 2]
attr_102=[1, 2]
attr_120=[2, 3]
attr_143=[1, 2]
attr_146=[1, 2]

NUM_NEW_OBJECTS: 2
NUM_OBJECTS: 7
NUM_MISS_OBJECTS: 7
RULE_10:
attr_7=[1, 2]
attr_17=[2, 3]
attr_28=[1, 3]
attr_56=[1, 3]
attr_60=[2, 3]
attr_93=[1, 2]
attr_116=[1, 2]
attr_126=[1, 3]
attr_167=[1, 2]

NUM_NEW_OBJECTS: 5
NUM_OBJECTS: 11
NUM_MISS_OBJECTS: 11
RULE_11:
attr_3=[2, 3]
attr_31=[1, 2]
attr_32=[2, 3]
attr_59=[1, 2]
attr_61=[2, 3]
attr_68=[2, 3]
attr_80=[1, 3]
attr_105=[2, 3]
attr_108=[1, 2]
attr_122=[2, 3]
attr_124=[1, 2]

NUM_NEW_OBJECTS: 1
NUM_OBJECTS: 4
NUM_MISS_OBJECTS: 4
RULE_12:
attr_3=[2, 3]
attr_20=[2, 3]
attr_23=[1, 3]
attr_24=[1, 2]
attr_46=[2, 3]

NUM_NEW_OBJECTS: 3
NUM_OBJECTS: 8
NUM_MISS_OBJECTS: 8
RULE_13:
attr_7=[1]
attr_8=[2, 3]
attr_15=[1, 3]
attr_38=[1, 3]
attr_45=[2, 3]
attr_51=[1, 2]
attr_74=[1, 3]
attr_92=[1, 2]
attr_93=[1, 2]

NUM_NEW_OBJECTS: 1
NUM_OBJECTS: 13
NUM_MISS_OBJECTS: 13
RULE_14:
attr_2=[2, 3]
attr_14=[1, 2]
attr_32=[1, 2]
attr_40=[2, 3]
attr_55=[2, 3]
attr_93=[2, 3]
attr_108=[2, 3]
attr_140=[2]

NUM_NEW_OBJECTS: 2
NUM_OBJECTS: 4
NUM_MISS_OBJECTS: 4
RULE_15:
attr_4=[2, 3]
attr_15=[2, 3]
attr_124=[1, 2]
attr_158=[1, 2]

NUM_NEW_OBJECTS: 1
NUM_OBJECTS: 2
NUM_MISS_OBJECTS: 2
RULE_16:
attr_1=[1, 3]
attr_2=[1, 3]
attr_7=[2, 3]
attr_12=[1, 2]
attr_14=[1, 2]
attr_15=[1, 3]
attr_16=[1, 2]
attr_17=[1, 3]
attr_20=[1]
attr_21=[1]
attr_22=[2]
attr_23=[2, 3]
attr_28=[1, 3]
attr_30=[1]
attr_31=[1, 2]
attr_36=[1, 2]
attr_37=[2, 3]
attr_42=[2, 3]
attr_44=[2]
attr_45=[1, 2]
attr_47=[2, 3]
attr_55=[1, 2]
attr_58=[1, 3]
attr_60=[1, 3]
attr_63=[2, 3]
attr_68=[1]
attr_70=[2, 3]
attr_77=[2, 3]
attr_78=[1]
attr_79=[2]
attr_85=[2, 3]
attr_92=[1, 2]
attr_93=[2, 3]
attr_94=[1, 2]
attr_95=[2, 3]
attr_99=[2]
attr_102=[1, 2]
attr_103=[1, 3]
attr_108=[2, 3]
attr_110=[1, 2]
attr_111=[2, 3]
attr_112=[2, 3]
attr_127=[1, 3]
attr_128=[1, 3]
attr_132=[2, 3]
attr_133=[1, 2]
attr_135=[1, 2]
attr_141=[3]
attr_143=[3]
attr_146=[3]
attr_150=[1, 2]
attr_158=[2, 3]
attr_162=[2]
attr_164=[1, 2]
attr_167=[2, 3]
attr_173=[2]
attr_180=[1, 2]
attr_181=[2]

NUM_NEW_OBJECTS: 3
NUM_OBJECTS: 6
NUM_MISS_OBJECTS: 6
RULE_17:
attr_9=[2, 3]
attr_12=[1, 3]
attr_74=[1, 2]
attr_99=[2, 3]
attr_106=[2, 3]

NUM_NEW_OBJECTS: 1
NUM_OBJECTS: 8
NUM_MISS_OBJECTS: 8
RULE_18:
attr_5=[1]
attr_29=[2, 3]
attr_33=[1, 3]
attr_38=[1, 2]
attr_80=[2, 3]
attr_94=[2, 3]
attr_108=[2, 3]
attr_111=[1, 2]
attr_127=[1, 3]
attr_130=[1, 2]

NUM_NEW_OBJECTS: 1
NUM_OBJECTS: 2
NUM_MISS_OBJECTS: 2
RULE_19:
attr_2=[1, 3]
attr_3=[2, 3]
attr_16=[3]
attr_22=[1, 3]
attr_39=[1, 2]
attr_41=[2, 3]
attr_59=[1, 2]
attr_72=[1, 2]
attr_74=[1]
attr_94=[1, 3]
attr_99=[1, 2]
attr_100=[2, 3]
attr_101=[2, 3]
attr_166=[1, 2]

NUM_NEW_OBJECTS: 1
NUM_OBJECTS: 5
NUM_MISS_OBJECTS: 5
RULE_20:
attr_2=[1, 3]
attr_7=[1]
attr_12=[1, 2]
attr_15=[2, 3]
attr_28=[1, 2]
attr_54=[1, 2]

NUM_NEW_OBJECTS: 1
NUM_OBJECTS: 11
NUM_MISS_OBJECTS: 11
RULE_21:
attr_15=[2, 3]
attr_17=[2, 3]
attr_38=[1, 3]
attr_48=[2, 3]
attr_71=[2, 3]
attr_99=[1, 2]
attr_105=[1, 2]
attr_175=[1, 2]

NUM_NEW_OBJECTS: 1
NUM_OBJECTS: 11
NUM_MISS_OBJECTS: 11
RULE_22:
attr_6=[1, 3]
attr_10=[1, 3]
attr_17=[2, 3]
attr_24=[1, 2]
attr_55=[2, 3]
attr_63=[1, 2]
attr_65=[2]
attr_133=[2, 3]

NUM_NEW_OBJECTS: 1
NUM_OBJECTS: 3
NUM_MISS_OBJECTS: 3
RULE_23:
attr_3=[2, 3]
attr_6=[1, 2]
attr_12=[2, 3]
attr_47=[1, 3]
attr_64=[1, 3]
attr_65=[1, 3]
attr_86=[1, 2]
attr_100=[2, 3]
attr_102=[2, 3]
attr_123=[1, 3]

NUM_NEW_OBJECTS: 1
NUM_OBJECTS: 5
NUM_MISS_OBJECTS: 5
RULE_24:
attr_2=[2, 3]
attr_3=[2, 3]
attr_6=[1, 2]
attr_30=[2, 3]
attr_36=[1, 3]
attr_39=[1, 3]
attr_65=[1, 3]
attr_103=[2, 3]
attr_123=[2, 3]
attr_128=[1, 3]
attr_155=[1, 2]
attr_171=[1, 2]

NUM_NEW_OBJECTS: 1
NUM_OBJECTS: 7
NUM_MISS_OBJECTS: 7
RULE_25:
attr_6=[1, 3]
attr_9=[1, 3]
attr_17=[2, 3]
attr_43=[1, 2]
attr_44=[1, 3]
attr_87=[2, 3]
attr_88=[2, 3]
attr_91=[2, 3]
attr_94=[1, 2]
attr_95=[2, 3]
attr_99=[2, 3]
attr_100=[2, 3]
attr_133=[2, 3]
attr_139=[1, 3]

NUM_NEW_OBJECTS: 1
NUM_OBJECTS: 2
NUM_MISS_OBJECTS: 2
RULE_26:
attr_2=[2, 3]
attr_11=[3]
attr_19=[1, 3]
attr_24=[1, 2]
attr_26=[1, 3]
attr_34=[1, 2]
attr_44=[1, 3]
attr_52=[1, 3]
attr_53=[1, 2]
attr_59=[2, 3]
attr_78=[2, 3]
attr_79=[2, 3]
attr_86=[2, 3]
attr_94=[1, 2]
attr_100=[2, 3]
attr_116=[2, 3]
attr_120=[1, 2]
attr_124=[2, 3]
attr_139=[1, 3]
attr_143=[1, 2]
attr_148=[1, 2]
attr_156=[2]
attr_183=[1, 2]

NUM_NEW_OBJECTS: 1
NUM_OBJECTS: 5
NUM_MISS_OBJECTS: 5
RULE_27:
attr_3=[1, 3]
attr_5=[1, 2]
attr_6=[2, 3]
attr_9=[1, 3]
attr_15=[2, 3]
attr_20=[1, 3]
attr_23=[1, 3]
attr_36=[2, 3]
attr_39=[1, 2]
attr_45=[2, 3]
attr_48=[3]
attr_56=[1, 2]
attr_58=[2]
attr_63=[2, 3]
attr_65=[1, 3]
attr_66=[2, 3]
attr_69=[1, 3]
attr_72=[1, 3]
attr_74=[1, 2]
attr_76=[2, 3]
attr_80=[2]
attr_82=[2, 3]
attr_98=[1, 2]
attr_100=[2, 3]
attr_102=[1, 2]
attr_108=[1, 2]
attr_112=[3]
attr_116=[2]
attr_133=[1, 2]
attr_134=[1, 2]
attr_138=[1, 2]
attr_139=[3]
attr_141=[3]
attr_142=[2]
attr_143=[2, 3]
attr_152=[1, 2]
attr_156=[1, 2]
attr_158=[1, 3]
attr_161=[1]
attr_164=[2]
attr_179=[2]

NUM_NEW_OBJECTS: 1
NUM_OBJECTS: 3
NUM_MISS_OBJECTS: 3
RULE_28:
attr_5=[1, 2]
attr_7=[1, 3]
attr_15=[2, 3]
attr_18=[2, 3]
attr_35=[1, 2]
attr_51=[2, 3]
attr_53=[2, 3]
attr_87=[2, 3]
attr_90=[1, 2]
attr_95=[1, 2]
attr_97=[2, 3]

NUM_NEW_OBJECTS: 1
NUM_OBJECTS: 9
NUM_MISS_OBJECTS: 9
RULE_29:
attr_1=[1, 3]
attr_5=[2, 3]
attr_6=[1, 3]
attr_11=[1, 3]
attr_14=[1, 2]
attr_15=[1, 3]
attr_16=[1, 3]
attr_29=[1, 2]
attr_45=[1, 3]
attr_50=[1, 2]
attr_55=[1, 3]
attr_56=[2, 3]
attr_58=[2]
attr_63=[1]
attr_70=[1, 3]
attr_81=[2, 3]
attr_93=[1, 2]
attr_94=[1, 3]
attr_97=[2, 3]
attr_99=[2, 3]
attr_100=[2, 3]
attr_102=[1, 2]
attr_105=[1]
attr_106=[2, 3]
attr_108=[3]
attr_111=[2, 3]
attr_127=[1, 2]
attr_128=[2, 3]
attr_132=[2, 3]
attr_137=[2, 3]
attr_158=[1, 3]
attr_160=[1]
attr_162=[1, 2]
attr_170=[1, 2]
attr_174=[1, 2]
attr_178=[1, 2]
attr_179=[2]

NUM_NEW_OBJECTS: 1
NUM_OBJECTS: 3
NUM_MISS_OBJECTS: 3
RULE_30:
attr_15=[3]
attr_16=[1, 3]
attr_23=[1, 2]
attr_27=[2, 3]
attr_32=[1, 3]
attr_36=[2, 3]
attr_49=[1]
attr_52=[1, 3]
attr_56=[1, 2]
attr_58=[2, 3]
attr_59=[2, 3]
attr_73=[1, 2]
attr_88=[2, 3]
attr_94=[1, 3]
attr_97=[2, 3]
attr_122=[1, 3]
attr_128=[1, 2]
attr_177=[1, 2]
attr_181=[1, 2]

NUM_NEW_OBJECTS: 1
NUM_OBJECTS: 3
NUM_MISS_OBJECTS: 3
RULE_31:
attr_8=[1, 3]
attr_15=[2]
attr_16=[2, 3]
attr_19=[2]
attr_21=[1, 2]
attr_23=[1, 2]
attr_28=[2, 3]
attr_44=[1, 3]
attr_51=[1, 2]
attr_56=[1, 3]
attr_57=[1, 3]
attr_58=[2, 3]
attr_63=[1, 2]
attr_72=[2, 3]
attr_76=[1, 2]
attr_78=[2, 3]
attr_80=[2, 3]
attr_82=[1]
attr_87=[2]
attr_90=[2, 3]
attr_99=[2, 3]
attr_100=[3]
attr_108=[1, 2]
attr_120=[1, 2]
attr_123=[2, 3]
attr_135=[1, 2]
attr_137=[2]
attr_140=[1, 2]
attr_150=[1, 3]
attr_155=[1, 2]
attr_156=[1, 2]
attr_158=[1, 3]
attr_176=[1, 2]

NUM_NEW_OBJECTS: 1
NUM_OBJECTS: 4
NUM_MISS_OBJECTS: 4
RULE_32:
attr_2=[2, 3]
attr_8=[1]
attr_11=[1, 2]
attr_16=[2, 3]
attr_19=[1, 2]
attr_22=[1, 3]
attr_24=[2, 3]
attr_29=[1, 2]
attr_32=[2]
attr_34=[2]
attr_36=[2, 3]
attr_37=[2]
attr_38=[1, 2]
attr_39=[2, 3]
attr_42=[2, 3]
attr_48=[1]
attr_53=[2]
attr_55=[1, 3]
attr_56=[1, 2]
attr_60=[2, 3]
attr_63=[1, 2]
attr_65=[1, 2]
attr_71=[3]
attr_72=[1, 2]
attr_74=[1]
attr_80=[2, 3]
attr_82=[1, 2]
attr_85=[2, 3]
attr_86=[2, 3]
attr_87=[1, 2]
attr_94=[2, 3]
attr_98=[3]
attr_101=[2, 3]
attr_102=[1, 2]
attr_103=[1, 3]
attr_105=[1, 3]
attr_123=[2, 3]
attr_128=[2, 3]
attr_143=[1, 2]
attr_152=[1, 2]
attr_159=[1, 2]
attr_178=[1, 2]
attr_179=[1, 2]

NUM_NEW_OBJECTS: 1
NUM_OBJECTS: 5
NUM_MISS_OBJECTS: 5
RULE_33:
attr_3=[1, 2]
attr_6=[2, 3]
attr_7=[1]
attr_15=[1, 3]
attr_27=[1, 3]
attr_34=[2, 3]
attr_49=[1, 3]
attr_53=[1, 2]
attr_61=[2, 3]
attr_76=[1, 2]
attr_79=[1, 3]
attr_81=[1, 2]
attr_105=[1, 2]
attr_112=[2, 3]
attr_123=[2, 3]
attr_134=[2, 3]
attr_143=[1, 2]
attr_163=[1, 2]
attr_181=[1, 2]

NUM_NEW_OBJECTS: 1
NUM_OBJECTS: 4
NUM_MISS_OBJECTS: 4
RULE_34:
attr_3=[1, 3]
attr_5=[1, 2]
attr_8=[1, 3]
attr_11=[1, 2]
attr_15=[1, 3]
attr_16=[1]
attr_29=[2, 3]
attr_38=[1, 3]
attr_47=[2, 3]
attr_50=[2, 3]
attr_52=[1, 2]
attr_53=[1]
attr_57=[1, 2]
attr_58=[2, 3]
attr_65=[1, 2]
attr_68=[1, 3]
attr_69=[1, 3]
attr_73=[2]
attr_74=[1, 2]
attr_78=[2, 3]
attr_79=[1, 3]
attr_81=[2, 3]
attr_94=[2, 3]
attr_96=[2, 3]
attr_116=[2]
attr_123=[2, 3]
attr_148=[2, 3]
attr_161=[1, 2]
attr_177=[1, 2]
attr_181=[2]

NUM_NEW_OBJECTS: 1
NUM_OBJECTS: 5
NUM_MISS_OBJECTS: 5
RULE_35:
attr_2=[2, 3]
attr_11=[1, 3]
attr_15=[3]
attr_35=[2, 3]
attr_39=[1, 2]
attr_44=[2, 3]
attr_81=[1, 2]

NUM_NEW_OBJECTS: 1
NUM_OBJECTS: 10
NUM_MISS_OBJECTS: 10
RULE_36:
attr_3=[1, 2]
attr_11=[1, 3]
attr_12=[1, 3]
attr_16=[2, 3]
attr_24=[1, 2]
attr_32=[3]
attr_35=[2, 3]
attr_37=[2, 3]
attr_38=[1, 2]
attr_45=[1, 2]
attr_49=[2]
attr_55=[1, 3]
attr_57=[1, 2]
attr_62=[2, 3]
attr_63=[1, 3]
attr_82=[1, 2]
attr_99=[2]
attr_108=[2]
attr_123=[2, 3]
attr_127=[1, 3]
attr_132=[2, 3]
attr_150=[1, 3]
attr_163=[2]
attr_170=[1, 2]
attr_180=[1, 2]
attr_181=[1, 2]


15:13:55.363 [main] INFO  AbstractJSMAnalyzer - Start evaluating of causal relations for class 1 [desc_size=10, object_num=65]
15:13:55.364 [main] INFO  AbstractJSMAnalyzer - Class 1:
	0 - CK-MB=2V3
	0 - ALK PHOS=2V3
	0 - calcHCT=2V3
	0 - ATYPS=1V2
	0 - MB INDX=2V3
	0 - RDW=2V3
	0 - CREAT=1V2
	0 - proBNP=2
	0 - TIDAL VOL=1V2
	0 - UREA N=2V3
15:13:55.370 [main] WARN  AbstractJSMAnalyzer - Fact base is conflicted for property CK-MB=2V3
15:13:55.377 [main] WARN  AbstractJSMAnalyzer - Fact base is conflicted for property ALK PHOS=2V3
15:13:55.378 [main] WARN  AbstractJSMAnalyzer - Fact base is conflicted for property calcHCT=2V3
15:13:55.379 [main] INFO  AbstractJSMAnalyzer - Start search causes for ATYPS=1V2 [plus_ex=8, minus_ex=1, univer=9]
15:13:55.387 [main] INFO  AbstractJSMAnalyzer - Causes for ATYPS=1V2:
	8[8]: (CREAT=1V2)
	6[6]: (RDW=2V3) & (CREAT=1V2)
	5[5]: (RDW=2V3) & (CREAT=1V2) & (calcHCT=2V3)
	4[4]: (RDW=2V3) & (TIDAL VOL=1V2) & (CREAT=1V2) & (calcHCT=2V3)
	3[3]: (UREA N=2V3) & (RDW=2V3) & (TIDAL VOL=1V2) & (CREAT=1V2) & (calcHCT=2V3)
15:13:55.387 [main] WARN  AbstractJSMAnalyzer - Fact base is conflicted for property MB INDX=2V3
15:13:55.390 [main] WARN  AbstractJSMAnalyzer - Fact base is conflicted for property RDW=2V3
15:13:55.393 [main] WARN  AbstractJSMAnalyzer - Fact base is conflicted for property CREAT=1V2
15:13:55.394 [main] INFO  AbstractJSMAnalyzer - Start search causes for proBNP=2 [plus_ex=0, minus_ex=2, univer=9]
15:13:55.395 [main] WARN  AbstractJSMAnalyzer - Fact base is conflicted for property TIDAL VOL=1V2
15:13:55.397 [main] WARN  AbstractJSMAnalyzer - Fact base is conflicted for property UREA N=2V3
